#
# A fatal error has been detected by the Java Runtime Environment:
#
#  EXCEPTION_ACCESS_VIOLATION (0xc0000005) at pc=0x000000000000000e, pid=16760, tid=16892
#
# JRE version: OpenJDK Runtime Environment Temurin-21.0.7+6 (21.0.7+6) (build 21.0.7+6-LTS)
# Java VM: OpenJDK 64-Bit Server VM Temurin-21.0.7+6 (21.0.7+6-LTS, mixed mode, sharing, tiered, compressed oops, compressed class ptrs, parallel gc, windows-amd64)
# Problematic frame:
# C  0x000001f06377b970
#
# No core dump will be written. Minidumps are not enabled by default on client versions of Windows
#
# If you would like to submit a bug report, please visit:
#   https://github.com/adoptium/adoptium-support/issues
#

---------------  S U M M A R Y ------------

Command Line: --add-modules=ALL-SYSTEM --add-opens=java.base/java.util=ALL-UNNAMED --add-opens=java.base/java.lang=ALL-UNNAMED --add-opens=java.base/sun.nio.fs=ALL-UNNAMED -Declipse.application=org.eclipse.jdt.ls.core.id1 -Dosgi.bundles.defaultStartLevel=4 -Declipse.product=org.eclipse.jdt.ls.core.product -Djava.import.generatesMetadataFilesAtProjectRoot=false -DDetectVMInstallationsJob.disabled=true -Dfile.encoding=utf8 -XX:+UseParallelGC -XX:GCTimeRatio=4 -XX:AdaptiveSizePolicyWeight=90 -Dsun.zip.disableMemoryMapping=true -Xmx1G -Xms100m -Xlog:disable -javaagent:c:\Users\Admin\.cursor\extensions\redhat.java-1.42.0-win32-x64\lombok\lombok-1.18.36.jar -XX:+HeapDumpOnOutOfMemoryError -XX:HeapDumpPath=c:\Users\Admin\AppData\Roaming\Cursor\User\workspaceStorage\51372793df0df913fdf94454c87fede8\redhat.java -Daether.dependencyCollector.impl=bf c:\Users\Admin\.cursor\extensions\redhat.java-1.42.0-win32-x64\server\plugins\org.eclipse.equinox.launcher_1.7.0.v20250424-1814.jar -configuration c:\Users\Admin\AppData\Roaming\Cursor\User\globalStorage\redhat.java\1.42.0\config_win -data c:\Users\Admin\AppData\Roaming\Cursor\User\workspaceStorage\51372793df0df913fdf94454c87fede8\redhat.java\jdt_ws --pipe=\\.\pipe\lsp-e1aa4bf71bd4e7f6aef838bb8329c5d3-sock

Host: Intel(R) Core(TM) i9-14900HX, 32 cores, 15G,  Windows 11 , 64 bit Build 26100 (10.0.26100.4202)
Time: Wed Jun 18 20:08:57 2025 SE Asia Standard Time elapsed time: 6798.253240 seconds (0d 1h 53m 18s)

---------------  T H R E A D  ---------------

Current thread (0x000001f06d8c52b0):  JavaThread "C2 CompilerThread1" daemon [_thread_in_native, id=16892, stack(0x0000009902100000,0x0000009902200000) (1024K)]


Current CompileTask:
C2:6798253 17921       4       lombok.core.handlers.HandlerUtil::buildAccessorName (41 bytes)

Stack: [0x0000009902100000,0x0000009902200000],  sp=0x00000099021fbbd0,  free space=1006k
Native frames: (J=compiled Java code, j=interpreted, Vv=VM code, C=native code)
C  0x000000000000000e


siginfo: EXCEPTION_ACCESS_VIOLATION (0xc0000005), data execution prevention violation at address 0x000000000000000e


Registers:
RAX=0x000001f06377b540, RBX=0x0000000000000003, RCX=0x0000000000000003, RDX=0x0000000000000000
RSP=0x00000099021fbbc8, RBP=0x0000000000000018, RSI=0x0000000000000003, RDI=0x000001f06377bb40
R8 =0x000001f06377b540, R9 =0x000001f06377bbc0, R10=0x00007ffe92c40000, R11=0x0000000000000000
R12=0x00000099021fbdd8, R13=0x000001f06377b508, R14=0x0000000000000070, R15=0x000001f0681ced48
RIP=0x000000000000000e, EFLAGS=0x0000000000010212

XMM[0]=0x0000000000000000 0x0000000000000000
XMM[1]=0x000003e0b5fd3e38 0x000007c16bfa65a0
XMM[2]=0x000001f05afe9440 0x000001f05afe9360
XMM[3]=0x0000000000000000 0x00000000358637bd
XMM[4]=0x0000000000000000 0x0000000000000000
XMM[5]=0x000001f0681a6570 0x000001f068324f88
XMM[6]=0x0000000000000000 0x0000000000000000
XMM[7]=0x0000000000000000 0x0000000000000000
XMM[8]=0x0000000000000000 0x0000000000000000
XMM[9]=0x0000000000000000 0x0000000000000000
XMM[10]=0x0000000000000000 0x0000000000000000
XMM[11]=0x0000000000000000 0x0000000000000000
XMM[12]=0x0000000000000000 0x0000000000000000
XMM[13]=0x0000000000000000 0x0000000000000000
XMM[14]=0x0000000000000000 0x0000000000000000
XMM[15]=0x0000000000000000 0x0000000000000000
  MXCSR=0x00001fa0


Register to memory mapping:

RAX=0x000001f06377b540 points into unknown readable memory: 0x0000000000000000 | 00 00 00 00 00 00 00 00
RBX=0x0000000000000003 is an unknown value
RCX=0x0000000000000003 is an unknown value
RDX=0x0 is null
RSP=0x00000099021fbbc8 is pointing into the stack for thread: 0x000001f06d8c52b0
RBP=0x0000000000000018 is an unknown value
RSI=0x0000000000000003 is an unknown value
RDI=0x000001f06377bb40 points into unknown readable memory: 0x00007ffe2436d218 | 18 d2 36 24 fe 7f 00 00
R8 =0x000001f06377b540 points into unknown readable memory: 0x0000000000000000 | 00 00 00 00 00 00 00 00
R9 =0x000001f06377bbc0 points into unknown readable memory: 0x0000000000000000 | 00 00 00 00 00 00 00 00
R10=0x00007ffe92c40000 VCRUNTIME140.dll
R11=0x0 is null
R12=0x00000099021fbdd8 is pointing into the stack for thread: 0x000001f06d8c52b0
R13=0x000001f06377b508 points into unknown readable memory: 0x00007ffe24475538 | 38 55 47 24 fe 7f 00 00
R14=0x0000000000000070 is an unknown value
R15=0x000001f0681ced48 points into unknown readable memory: 0x00007ffe243e5e40 | 40 5e 3e 24 fe 7f 00 00

Top of Stack: (sp=0x00000099021fbbc8)
0x00000099021fbbc8:   000001f06377b970 00000099021fbdc8
0x00000099021fbbd8:   00007ffe2406cb23 00000099021fbdd8
0x00000099021fbbe8:   000001f05afeb918 00000099021fbdc8
0x00000099021fbbf8:   00000099021fc100 000000000000000d
0x00000099021fbc08:   00007ffe24019d49 00000099021fbdd8
0x00000099021fbc18:   00007ffe2436d218 000001f06377bb40
0x00000099021fbc28:   000001f067dd15f0 00000099021fc100
0x00000099021fbc38:   0000000000000000 00000099021fbdc8
0x00000099021fbc48:   00007ffe2401d6a4 000001f06377b5c0
0x00000099021fbc58:   0000000000000008 0000000000000000
0x00000099021fbc68:   00000099021fbdc8 000001f05afeb918
0x00000099021fbc78:   00007ffe2449e620 000001f05afeb918
0x00000099021fbc88:   000001f06377b728 000001f06377b8d8
0x00000099021fbc98:   000001f06377b5c0 000001f06333ec48
0x00000099021fbca8:   0000000000000000 0000000000000000
0x00000099021fbcb8:   0000000000000000 0000000000000000
0x00000099021fbcc8:   00007ffe240a79ed 0000000000000000
0x00000099021fbcd8:   00007ffe2449e620 000001f04fbd6ea0
0x00000099021fbce8:   000000000000000d 000001f05afeb918
0x00000099021fbcf8:   00000099021fbf68 000001f06377b0b0
0x00000099021fbd08:   0000000000000001 0000000000000008
0x00000099021fbd18:   00000099021fc100 00000099021fbe30
0x00000099021fbd28:   00007ffe2401acac 000001f06377b5c0
0x00000099021fbd38:   0000000000000000 000001f0681ced48
0x00000099021fbd48:   000001f05afeb918 0000009900000008
0x00000099021fbd58:   00007ffeffffff00 000001f06377b728
0x00000099021fbd68:   000001f068324f88 000001f06377b8d8
0x00000099021fbd78:   000001f05eae8d60 000001f06377b5c0
0x00000099021fbd88:   00007ffe240a9600 0000000000000010
0x00000099021fbd98:   0000000000000018 0000000000000009
0x00000099021fbda8:   000001f06377af90 0000000d00000000
0x00000099021fbdb8:   00007ffe24264300 000001f05afeb918 

Instructions: (pc=0x000001f06377b970)
0x000001f06377b870:   a0 b8 77 63 f0 01 00 00 50 b9 77 63 f0 01 00 00
0x000001f06377b880:   03 00 00 00 03 00 00 00 01 00 00 00 04 00 00 00
0x000001f06377b890:   2a 0b 00 00 00 00 04 00 00 00 00 00 00 00 02 00
0x000001f06377b8a0:   00 00 00 00 00 00 00 00 18 b8 77 63 f0 01 00 00
0x000001f06377b8b0:   88 4f 32 68 f0 01 00 00 68 b8 77 63 f0 01 00 00
0x000001f06377b8c0:   00 00 00 00 00 00 00 00 00 00 00 00 00 00 00 00
0x000001f06377b8d0:   00 00 c0 4b 01 00 00 00 b0 0e 3e 24 fe 7f 00 00
0x000001f06377b8e0:   10 b9 77 63 f0 01 00 00 98 ba 77 63 f0 01 00 00
0x000001f06377b8f0:   04 00 00 00 04 00 00 00 01 00 00 00 04 00 00 00
0x000001f06377b900:   2b 0b 00 00 00 02 00 00 00 00 00 00 00 00 00 00
0x000001f06377b910:   00 00 00 00 00 00 00 00 d0 a4 ae 5e f0 01 00 00
0x000001f06377b920:   c0 b7 77 63 f0 01 00 00 68 b8 77 63 f0 01 00 00
0x000001f06377b930:   d8 b8 77 63 f0 01 00 00 00 38 00 00 00 00 00 00
0x000001f06377b940:   a0 98 6e 64 f0 01 00 00 00 00 00 00 00 00 00 00
0x000001f06377b950:   d8 b8 77 63 f0 01 00 00 00 00 00 00 00 00 00 00
0x000001f06377b960:   00 00 00 00 00 00 00 00 00 00 00 00 00 00 00 00
0x000001f06377b970:   60 1c 43 24 fe 7f 00 00 f0 b9 77 63 f0 01 00 00
0x000001f06377b980:   20 bb 77 63 f0 01 00 00 09 00 00 00 09 00 00 00
0x000001f06377b990:   02 00 00 00 04 00 00 00 2c 0b 00 00 77 00 00 00
0x000001f06377b9a0:   00 00 00 00 00 00 00 00 00 00 00 00 00 00 00 00
0x000001f06377b9b0:   18 b9 fe 5a f0 01 00 00 00 00 00 00 00 00 00 00
0x000001f06377b9c0:   00 00 00 00 00 00 00 00 80 b4 1f 65 f0 01 00 00
0x000001f06377b9d0:   a0 6e bd 4f f0 01 00 00 00 00 80 bf 00 00 00 00
0x000001f06377b9e0:   00 00 00 00 00 00 00 00 20 e6 49 24 fe 7f 00 00
0x000001f06377b9f0:   e8 b3 77 63 f0 01 00 00 48 ec 33 63 f0 01 00 00
0x000001f06377ba00:   08 b5 77 63 f0 01 00 00 48 ec 33 63 f0 01 00 00
0x000001f06377ba10:   48 ec 33 63 f0 01 00 00 28 b7 77 63 f0 01 00 00
0x000001f06377ba20:   d8 b8 77 63 f0 01 00 00 c0 b5 77 63 f0 01 00 00
0x000001f06377ba30:   48 ec 33 63 f0 01 00 00 70 b9 77 63 f0 01 00 00
0x000001f06377ba40:   00 00 00 00 00 00 00 00 00 00 00 00 00 00 00 00
0x000001f06377ba50:   00 00 00 8b 01 00 00 00 70 b9 77 63 f0 01 00 00
0x000001f06377ba60:   a0 ac 77 63 f0 01 00 00 00 00 00 00 00 00 00 00 


Stack slot to memory mapping:

stack at sp + 0 slots: 0x00000099021fbdc8 is pointing into the stack for thread: 0x000001f06d8c52b0
stack at sp + 1 slots: 0x00007ffe2406cb23 jvm.dll
stack at sp + 2 slots: 0x00000099021fbdd8 is pointing into the stack for thread: 0x000001f06d8c52b0
stack at sp + 3 slots: 0x000001f05afeb918 points into unknown readable memory: 0x00007ffe244aeb40 | 40 eb 4a 24 fe 7f 00 00
stack at sp + 4 slots: 0x00000099021fbdc8 is pointing into the stack for thread: 0x000001f06d8c52b0
stack at sp + 5 slots: 0x00000099021fc100 is pointing into the stack for thread: 0x000001f06d8c52b0
stack at sp + 6 slots: 0x000000000000000d is an unknown value
stack at sp + 7 slots: 0x00007ffe24019d49 jvm.dll


---------------  P R O C E S S  ---------------

Threads class SMR info:
_java_thread_list=0x000001f05e8fb4e0, length=68, elements={
0x000001f04559d690, 0x000001f045646390, 0x000001f05998e560, 0x000001f0456493d0,
0x000001f04564c420, 0x000001f045650610, 0x000001f045657530, 0x000001f04565a710,
0x000001f05afa12b0, 0x000001f05b151010, 0x000001f05b152a50, 0x000001f05b153e00,
0x000001f05b1530e0, 0x000001f05b154490, 0x000001f05b153770, 0x000001f05b151d30,
0x000001f05b1523c0, 0x000001f05e7d9050, 0x000001f05e7d96e0, 0x000001f05e7d8330,
0x000001f05e7d6f80, 0x000001f05e7db120, 0x000001f05e7d7ca0, 0x000001f05e7db7b0,
0x000001f05e7dd880, 0x000001f05e7ddf10, 0x000001f05e7dd1f0, 0x000001f05e7de5a0,
0x000001f05e7dbe40, 0x000001f05e7dc4d0, 0x000001f05e7dcb60, 0x000001f0672ba0c0,
0x000001f0672b93a0, 0x000001f0672bc190, 0x000001f0672ba750, 0x000001f0672bade0,
0x000001f0672bb470, 0x000001f0672bceb0, 0x000001f0672bbb00, 0x000001f0672bc820,
0x000001f0672b9a30, 0x000001f0672c0330, 0x000001f0672bd540, 0x000001f0672be8f0,
0x000001f0672bef80, 0x000001f0672c09c0, 0x000001f0672bf610, 0x000001f0672bfca0,
0x000001f0672bdbd0, 0x000001f0672be260, 0x000001f065e63340, 0x000001f065e62cb0,
0x000001f065e62620, 0x000001f065e61900, 0x000001f065e61f90, 0x000001f065e646f0,
0x000001f065e64060, 0x000001f065e61270, 0x000001f0648083b0, 0x000001f06480a480,
0x000001f064809760, 0x000001f06480ab10, 0x000001f06480b1a0, 0x000001f06d8c52b0,
0x000001f06d8c6df0, 0x000001f06d8c74c0, 0x000001f06d8c8930, 0x000001f06d8ca470
}

Java Threads: ( => current thread )
  0x000001f04559d690 JavaThread "main"                              [_thread_blocked, id=28428, stack(0x000000997bf00000,0x000000997c000000) (1024K)]
  0x000001f045646390 JavaThread "Reference Handler"          daemon [_thread_blocked, id=2568, stack(0x000000997c300000,0x000000997c400000) (1024K)]
  0x000001f05998e560 JavaThread "Finalizer"                  daemon [_thread_blocked, id=13268, stack(0x000000997c400000,0x000000997c500000) (1024K)]
  0x000001f0456493d0 JavaThread "Signal Dispatcher"          daemon [_thread_blocked, id=11868, stack(0x000000997c500000,0x000000997c600000) (1024K)]
  0x000001f04564c420 JavaThread "Attach Listener"            daemon [_thread_blocked, id=13320, stack(0x000000997c600000,0x000000997c700000) (1024K)]
  0x000001f045650610 JavaThread "Service Thread"             daemon [_thread_blocked, id=29796, stack(0x000000997c700000,0x000000997c800000) (1024K)]
  0x000001f045657530 JavaThread "Monitor Deflation Thread"   daemon [_thread_blocked, id=15040, stack(0x000000997c800000,0x000000997c900000) (1024K)]
  0x000001f04565a710 JavaThread "C2 CompilerThread0"         daemon [_thread_blocked, id=3436, stack(0x000000997c900000,0x000000997ca00000) (1024K)]
  0x000001f05afa12b0 JavaThread "C1 CompilerThread0"         daemon [_thread_blocked, id=13508, stack(0x000000997ca00000,0x000000997cb00000) (1024K)]
  0x000001f05b151010 JavaThread "Common-Cleaner"             daemon [_thread_blocked, id=39336, stack(0x000000997cc00000,0x000000997cd00000) (1024K)]
  0x000001f05b152a50 JavaThread "Notification Thread"        daemon [_thread_blocked, id=23212, stack(0x000000997d200000,0x000000997d300000) (1024K)]
  0x000001f05b153e00 JavaThread "Active Thread: Equinox Container: f3512dd1-ddc3-4931-97ef-64ecb9915dd1"        [_thread_blocked, id=37916, stack(0x000000997dd00000,0x000000997de00000) (1024K)]
  0x000001f05b1530e0 JavaThread "Refresh Thread: Equinox Container: f3512dd1-ddc3-4931-97ef-64ecb9915dd1" daemon [_thread_blocked, id=19484, stack(0x000000997cb00000,0x000000997cc00000) (1024K)]
  0x000001f05b154490 JavaThread "Framework Event Dispatcher: Equinox Container: f3512dd1-ddc3-4931-97ef-64ecb9915dd1" daemon [_thread_blocked, id=38724, stack(0x000000997cd00000,0x000000997ce00000) (1024K)]
  0x000001f05b153770 JavaThread "Start Level: Equinox Container: f3512dd1-ddc3-4931-97ef-64ecb9915dd1" daemon [_thread_blocked, id=4684, stack(0x000000997ce00000,0x000000997cf00000) (1024K)]
  0x000001f05b151d30 JavaThread "Bundle File Closer"         daemon [_thread_blocked, id=14660, stack(0x000000997db00000,0x000000997dc00000) (1024K)]
  0x000001f05b1523c0 JavaThread "SCR Component Actor"        daemon [_thread_blocked, id=25120, stack(0x000000997cf00000,0x000000997d000000) (1024K)]
  0x000001f05e7d9050 JavaThread "Worker-JM"                         [_thread_blocked, id=25976, stack(0x000000997e300000,0x000000997e400000) (1024K)]
  0x000001f05e7d96e0 JavaThread "JNA Cleaner"                daemon [_thread_blocked, id=27844, stack(0x000000997e700000,0x000000997e800000) (1024K)]
  0x000001f05e7d8330 JavaThread "Java indexing"              daemon [_thread_blocked, id=1924, stack(0x000000997f000000,0x000000997f100000) (1024K)]
  0x000001f05e7d6f80 JavaThread "Worker-2"                          [_thread_blocked, id=3600, stack(0x000000997f500000,0x000000997f600000) (1024K)]
  0x000001f05e7db120 JavaThread "Thread-2"                   daemon [_thread_in_native, id=17156, stack(0x000000997fa00000,0x000000997fb00000) (1024K)]
  0x000001f05e7d7ca0 JavaThread "Thread-3"                   daemon [_thread_in_native, id=27016, stack(0x000000997fb00000,0x000000997fc00000) (1024K)]
  0x000001f05e7db7b0 JavaThread "Thread-4"                   daemon [_thread_in_native, id=24768, stack(0x000000997fc00000,0x000000997fd00000) (1024K)]
  0x000001f05e7dd880 JavaThread "Thread-5"                   daemon [_thread_in_native, id=24996, stack(0x000000997fd00000,0x000000997fe00000) (1024K)]
  0x000001f05e7ddf10 JavaThread "Thread-6"                   daemon [_thread_in_native, id=7984, stack(0x000000997fe00000,0x000000997ff00000) (1024K)]
  0x000001f05e7dd1f0 JavaThread "Thread-7"                   daemon [_thread_in_native, id=20392, stack(0x000000997ff00000,0x0000009980000000) (1024K)]
  0x000001f05e7de5a0 JavaThread "Thread-8"                   daemon [_thread_in_native, id=32908, stack(0x0000009900000000,0x0000009900100000) (1024K)]
  0x000001f05e7dbe40 JavaThread "Thread-9"                   daemon [_thread_in_native, id=22264, stack(0x0000009900100000,0x0000009900200000) (1024K)]
  0x000001f05e7dc4d0 JavaThread "Thread-10"                  daemon [_thread_in_native, id=15620, stack(0x0000009900200000,0x0000009900300000) (1024K)]
  0x000001f05e7dcb60 JavaThread "Thread-11"                  daemon [_thread_in_native, id=22932, stack(0x0000009900300000,0x0000009900400000) (1024K)]
  0x000001f0672ba0c0 JavaThread "Thread-12"                  daemon [_thread_in_native, id=21360, stack(0x0000009900400000,0x0000009900500000) (1024K)]
  0x000001f0672b93a0 JavaThread "Thread-13"                  daemon [_thread_in_native, id=21912, stack(0x0000009900500000,0x0000009900600000) (1024K)]
  0x000001f0672bc190 JavaThread "Thread-14"                  daemon [_thread_in_native, id=31216, stack(0x0000009900600000,0x0000009900700000) (1024K)]
  0x000001f0672ba750 JavaThread "Thread-15"                  daemon [_thread_in_native, id=4616, stack(0x0000009900700000,0x0000009900800000) (1024K)]
  0x000001f0672bade0 JavaThread "Thread-16"                  daemon [_thread_in_native, id=15916, stack(0x0000009900800000,0x0000009900900000) (1024K)]
  0x000001f0672bb470 JavaThread "Thread-17"                  daemon [_thread_in_native, id=34336, stack(0x0000009900900000,0x0000009900a00000) (1024K)]
  0x000001f0672bceb0 JavaThread "Thread-18"                  daemon [_thread_in_native, id=14364, stack(0x0000009900a00000,0x0000009900b00000) (1024K)]
  0x000001f0672bbb00 JavaThread "Thread-19"                  daemon [_thread_in_native, id=38380, stack(0x0000009900b00000,0x0000009900c00000) (1024K)]
  0x000001f0672bc820 JavaThread "Thread-20"                  daemon [_thread_in_native, id=17288, stack(0x0000009900c00000,0x0000009900d00000) (1024K)]
  0x000001f0672b9a30 JavaThread "Thread-21"                  daemon [_thread_in_native, id=36592, stack(0x0000009900d00000,0x0000009900e00000) (1024K)]
  0x000001f0672c0330 JavaThread "Thread-22"                  daemon [_thread_in_native, id=12556, stack(0x0000009900e00000,0x0000009900f00000) (1024K)]
  0x000001f0672bd540 JavaThread "Thread-23"                  daemon [_thread_in_native, id=9832, stack(0x0000009900f00000,0x0000009901000000) (1024K)]
  0x000001f0672be8f0 JavaThread "Thread-24"                  daemon [_thread_in_native, id=39856, stack(0x0000009901000000,0x0000009901100000) (1024K)]
  0x000001f0672bef80 JavaThread "Thread-25"                  daemon [_thread_in_native, id=30364, stack(0x0000009901100000,0x0000009901200000) (1024K)]
  0x000001f0672c09c0 JavaThread "Thread-26"                  daemon [_thread_in_native, id=2288, stack(0x0000009901200000,0x0000009901300000) (1024K)]
  0x000001f0672bf610 JavaThread "Thread-27"                  daemon [_thread_in_native, id=5012, stack(0x0000009901300000,0x0000009901400000) (1024K)]
  0x000001f0672bfca0 JavaThread "Thread-28"                  daemon [_thread_in_native, id=19108, stack(0x0000009901400000,0x0000009901500000) (1024K)]
  0x000001f0672bdbd0 JavaThread "Thread-29"                  daemon [_thread_in_native, id=39348, stack(0x0000009901500000,0x0000009901600000) (1024K)]
  0x000001f0672be260 JavaThread "Thread-30"                  daemon [_thread_in_native, id=28260, stack(0x0000009901600000,0x0000009901700000) (1024K)]
  0x000001f065e63340 JavaThread "Thread-31"                  daemon [_thread_in_native, id=31888, stack(0x0000009901700000,0x0000009901800000) (1024K)]
  0x000001f065e62cb0 JavaThread "Thread-32"                  daemon [_thread_in_native, id=15992, stack(0x0000009901800000,0x0000009901900000) (1024K)]
  0x000001f065e62620 JavaThread "Thread-33"                  daemon [_thread_in_native, id=30356, stack(0x0000009901900000,0x0000009901a00000) (1024K)]
  0x000001f065e61900 JavaThread "Thread-34"                  daemon [_thread_in_native, id=34840, stack(0x0000009901a00000,0x0000009901b00000) (1024K)]
  0x000001f065e61f90 JavaThread "pool-2-thread-1"                   [_thread_blocked, id=26636, stack(0x0000009901b00000,0x0000009901c00000) (1024K)]
  0x000001f065e646f0 JavaThread "Worker-5"                          [_thread_blocked, id=10064, stack(0x0000009902200000,0x0000009902300000) (1024K)]
  0x000001f065e64060 JavaThread "WorkspaceEventsHandler"            [_thread_blocked, id=36980, stack(0x0000009902300000,0x0000009902400000) (1024K)]
  0x000001f065e61270 JavaThread "pool-1-thread-1"                   [_thread_blocked, id=2260, stack(0x0000009902400000,0x0000009902500000) (1024K)]
  0x000001f0648083b0 JavaThread "ForkJoinPool.commonPool-worker-32" daemon [_thread_blocked, id=39728, stack(0x0000009901c00000,0x0000009901d00000) (1024K)]
  0x000001f06480a480 JavaThread "ForkJoinPool.commonPool-worker-33" daemon [_thread_blocked, id=27992, stack(0x0000009901d00000,0x0000009901e00000) (1024K)]
  0x000001f064809760 JavaThread "ForkJoinPool.commonPool-worker-34" daemon [_thread_blocked, id=26848, stack(0x0000009901e00000,0x0000009901f00000) (1024K)]
  0x000001f06480ab10 JavaThread "ForkJoinPool.commonPool-worker-35" daemon [_thread_blocked, id=14860, stack(0x0000009902000000,0x0000009902100000) (1024K)]
  0x000001f06480b1a0 JavaThread "ForkJoinPool.commonPool-worker-36" daemon [_thread_blocked, id=16576, stack(0x0000009901f00000,0x0000009902000000) (1024K)]
=>0x000001f06d8c52b0 JavaThread "C2 CompilerThread1"         daemon [_thread_in_native, id=16892, stack(0x0000009902100000,0x0000009902200000) (1024K)]
  0x000001f06d8c6df0 JavaThread "C2 CompilerThread2"         daemon [_thread_blocked, id=31184, stack(0x0000009902500000,0x0000009902600000) (1024K)]
  0x000001f06d8c74c0 JavaThread "C2 CompilerThread3"         daemon [_thread_blocked, id=10492, stack(0x0000009902600000,0x0000009902700000) (1024K)]
  0x000001f06d8c8930 JavaThread "C1 CompilerThread1"         daemon [_thread_blocked, id=24304, stack(0x0000009902900000,0x0000009902a00000) (1024K)]
  0x000001f06d8ca470 JavaThread "C1 CompilerThread2"         daemon [_thread_blocked, id=38928, stack(0x0000009902a00000,0x0000009902b00000) (1024K)]
Total: 68

Other Threads:
  0x000001f05af9baf0 VMThread "VM Thread"                           [id=22156, stack(0x000000997c200000,0x000000997c300000) (1024K)]
  0x000001f05986cb20 WatcherThread "VM Periodic Task Thread"        [id=24276, stack(0x000000997c100000,0x000000997c200000) (1024K)]
  0x000001f0455bbed0 WorkerThread "GC Thread#0"                     [id=27672, stack(0x000000997c000000,0x000000997c100000) (1024K)]
  0x000001f05ea523a0 WorkerThread "GC Thread#1"                     [id=13608, stack(0x000000997d300000,0x000000997d400000) (1024K)]
  0x000001f06302d510 WorkerThread "GC Thread#2"                     [id=33620, stack(0x000000997d400000,0x000000997d500000) (1024K)]
  0x000001f063366300 WorkerThread "GC Thread#3"                     [id=11884, stack(0x000000997d500000,0x000000997d600000) (1024K)]
  0x000001f0633666a0 WorkerThread "GC Thread#4"                     [id=8284, stack(0x000000997d600000,0x000000997d700000) (1024K)]
  0x000001f063366a40 WorkerThread "GC Thread#5"                     [id=3608, stack(0x000000997d700000,0x000000997d800000) (1024K)]
  0x000001f05ed61a40 WorkerThread "GC Thread#6"                     [id=34212, stack(0x000000997d800000,0x000000997d900000) (1024K)]
  0x000001f05eeb06d0 WorkerThread "GC Thread#7"                     [id=39012, stack(0x000000997de00000,0x000000997df00000) (1024K)]
  0x000001f05eeaf850 WorkerThread "GC Thread#8"                     [id=26672, stack(0x000000997d000000,0x000000997d100000) (1024K)]
  0x000001f05eeafbf0 WorkerThread "GC Thread#9"                     [id=39048, stack(0x000000997d100000,0x000000997d200000) (1024K)]
  0x000001f05eeaff90 WorkerThread "GC Thread#10"                    [id=31624, stack(0x000000997d900000,0x000000997da00000) (1024K)]
  0x000001f05eeb0a70 WorkerThread "GC Thread#11"                    [id=24064, stack(0x000000997df00000,0x000000997e000000) (1024K)]
  0x000001f05eeef0e0 WorkerThread "GC Thread#12"                    [id=30256, stack(0x000000997e400000,0x000000997e500000) (1024K)]
  0x000001f05eeef480 WorkerThread "GC Thread#13"                    [id=19880, stack(0x000000997e500000,0x000000997e600000) (1024K)]
  0x000001f05eeedec0 WorkerThread "GC Thread#14"                    [id=39296, stack(0x000000997ea00000,0x000000997eb00000) (1024K)]
  0x000001f05eeee600 WorkerThread "GC Thread#15"                    [id=7128, stack(0x000000997eb00000,0x000000997ec00000) (1024K)]
  0x000001f05eeed040 WorkerThread "GC Thread#16"                    [id=29444, stack(0x000000997ed00000,0x000000997ee00000) (1024K)]
  0x000001f05eeee9a0 WorkerThread "GC Thread#17"                    [id=17652, stack(0x000000997ee00000,0x000000997ef00000) (1024K)]
  0x000001f05eeed3e0 WorkerThread "GC Thread#18"                    [id=32988, stack(0x000000997ef00000,0x000000997f000000) (1024K)]
  0x000001f05eeed780 WorkerThread "GC Thread#19"                    [id=36020, stack(0x000000997f100000,0x000000997f200000) (1024K)]
  0x000001f05eeecca0 WorkerThread "GC Thread#20"                    [id=2704, stack(0x000000997f700000,0x000000997f800000) (1024K)]
  0x000001f05eeec1c0 WorkerThread "GC Thread#21"                    [id=39760, stack(0x000000997f800000,0x000000997f900000) (1024K)]
  0x000001f06618f520 WorkerThread "GC Thread#22"                    [id=15780, stack(0x000000997f900000,0x000000997fa00000) (1024K)]
Total: 25

Threads with active compile tasks:
C2 CompilerThread1  6798287 17921       4       lombok.core.handlers.HandlerUtil::buildAccessorName (41 bytes)
Total: 1

VM state: not at safepoint (normal execution)

VM Mutex/Monitor currently owned by a thread: None

Heap address: 0x00000000c0000000, size: 1024 MB, Compressed Oops mode: 32-bit

CDS archive(s) mapped at: [0x000001f000000000-0x000001f000ba0000-0x000001f000ba0000), size 12189696, SharedBaseAddress: 0x000001f000000000, ArchiveRelocationMode: 1.
Compressed class space mapped at: 0x000001f001000000-0x000001f041000000, reserved size: 1073741824
Narrow klass base: 0x000001f000000000, Narrow klass shift: 0, Narrow klass range: 0x100000000

GC Precious Log:
 CardTable entry size: 512
 CPUs: 32 total, 32 available
 Memory: 16088M
 Large Page Support: Disabled
 NUMA Support: Disabled
 Compressed Oops: Enabled (32-bit)
 Alignments: Space 512K, Generation 512K, Heap 2M
 Heap Min Capacity: 100M
 Heap Initial Capacity: 100M
 Heap Max Capacity: 1G
 Pre-touch: Disabled
 Parallel Workers: 23

Heap:
 PSYoungGen      total 2560K, used 1259K [0x00000000eab00000, 0x00000000eae80000, 0x0000000100000000)
  eden space 2048K, 39% used [0x00000000eab00000,0x00000000eabcaea0,0x00000000ead00000)
  from space 512K, 87% used [0x00000000eae00000,0x00000000eae70000,0x00000000eae80000)
  to   space 512K, 0% used [0x00000000ead80000,0x00000000ead80000,0x00000000eae00000)
 ParOldGen       total 615936K, used 155246K [0x00000000c0000000, 0x00000000e5980000, 0x00000000eab00000)
  object space 615936K, 25% used [0x00000000c0000000,0x00000000c979bbd8,0x00000000e5980000)
 Metaspace       used 77476K, committed 78848K, reserved 1179648K
  class space    used 7721K, committed 8320K, reserved 1048576K

Card table byte_map: [0x000001f044f40000,0x000001f045150000] _byte_map_base: 0x000001f044940000

Marking Bits: (ParMarkBitMap*) 0x00007ffe246b31f0
 Begin Bits: [0x000001f057790000, 0x000001f058790000)
 End Bits:   [0x000001f058790000, 0x000001f059790000)

Polling page: 0x000001f043330000

Metaspace:

Usage:
  Non-class:     68.12 MB used.
      Class:      7.54 MB used.
       Both:     75.66 MB used.

Virtual space:
  Non-class space:      128.00 MB reserved,      68.88 MB ( 54%) committed,  2 nodes.
      Class space:        1.00 GB reserved,       8.12 MB ( <1%) committed,  1 nodes.
             Both:        1.12 GB reserved,      77.00 MB (  7%) committed. 

Chunk freelists:
   Non-Class:  10.66 MB
       Class:  7.91 MB
        Both:  18.57 MB

MaxMetaspaceSize: unlimited
CompressedClassSpaceSize: 1.00 GB
Initial GC threshold: 21.00 MB
Current GC threshold: 123.75 MB
CDS: on
 - commit_granule_bytes: 65536.
 - commit_granule_words: 8192.
 - virtual_space_node_default_size: 8388608.
 - enlarge_chunks_in_place: 1.
 - use_allocation_guard: 0.


Internal statistics:

num_allocs_failed_limit: 9.
num_arena_births: 1540.
num_arena_deaths: 466.
num_vsnodes_births: 3.
num_vsnodes_deaths: 0.
num_space_committed: 1232.
num_space_uncommitted: 0.
num_chunks_returned_to_freelist: 554.
num_chunks_taken_from_freelist: 5271.
num_chunk_merges: 161.
num_chunk_splits: 3053.
num_chunks_enlarged: 1779.
num_inconsistent_stats: 0.

CodeHeap 'non-profiled nmethods': size=118848Kb used=15742Kb max_used=15742Kb free=103105Kb
 bounds [0x000001f050380000, 0x000001f0512e0000, 0x000001f057790000]
CodeHeap 'profiled nmethods': size=118848Kb used=38767Kb max_used=40100Kb free=80080Kb
 bounds [0x000001f048790000, 0x000001f04af40000, 0x000001f04fba0000]
CodeHeap 'non-nmethods': size=8064Kb used=2626Kb max_used=3877Kb free=5437Kb
 bounds [0x000001f04fba0000, 0x000001f04ffa0000, 0x000001f050380000]
 total_blobs=16556 nmethods=15739 adapters=718
 compilation: enabled
              stopped_count=0, restarted_count=0
 full_count=0

Compilation events (20 events):
Event: 6798.205 Thread 0x000001f06d8c52b0 17917       4       org.eclipse.jdt.internal.compiler.lookup.LookupEnvironment::convertUnresolvedBinaryToRawType (291 bytes)
Event: 6798.205 Thread 0x000001f06d8ca470 17918       3       org.eclipse.jdt.internal.codeassist.impl.Engine::accept (12 bytes)
Event: 6798.205 Thread 0x000001f06d8ca470 nmethod 17918 0x000001f04934ac90 code [0x000001f04934ae40, 0x000001f04934af98]
Event: 6798.208 Thread 0x000001f05afa12b0 17919       3       org.eclipse.jdt.internal.compiler.util.SimpleSetOfCharArray::<init> (36 bytes)
Event: 6798.208 Thread 0x000001f06d8ca470 17920       3       org.eclipse.jdt.internal.compiler.lookup.CompilationUnitScope::resolveImports (309 bytes)
Event: 6798.210 Thread 0x000001f05afa12b0 nmethod 17919 0x000001f0495d1310 code [0x000001f0495d14c0, 0x000001f0495d1728]
Event: 6798.213 Thread 0x000001f06d8c8930 17922       3       org.eclipse.jdt.internal.compiler.ast.TypeReference::resolveTypeArgument (9 bytes)
Event: 6798.213 Thread 0x000001f05afa12b0 17924       1       org.eclipse.jdt.internal.compiler.lookup.AnnotationHolder$MethodHolder::getParameterAnnotations (5 bytes)
Event: 6798.214 Thread 0x000001f05afa12b0 nmethod 17924 0x000001f0512d9790 code [0x000001f0512d9920, 0x000001f0512d99e8]
Event: 6798.214 Thread 0x000001f06d8c8930 nmethod 17922 0x000001f049566a90 code [0x000001f049566c40, 0x000001f049566e18]
Event: 6798.215 Thread 0x000001f06d8ca470 nmethod 17920 0x000001f048dc7e10 code [0x000001f048dc8160, 0x000001f048dc9d00]
Event: 6798.215 Thread 0x000001f05afa12b0 17925       1       org.eclipse.jdt.internal.core.AnnotatableInfo::getNameSourceStart (5 bytes)
Event: 6798.216 Thread 0x000001f05afa12b0 nmethod 17925 0x000001f0512d9a90 code [0x000001f0512d9c20, 0x000001f0512d9ce8]
Event: 6798.219 Thread 0x000001f06d8c52b0 nmethod 17917 0x000001f0512d9d90 code [0x000001f0512d9fa0, 0x000001f0512da548]
Event: 6798.225 Thread 0x000001f06d8c52b0 17921       4       lombok.core.handlers.HandlerUtil::buildAccessorName (41 bytes)
Event: 6798.232 Thread 0x000001f06d8c74c0 nmethod 17915 0x000001f0512da990 code [0x000001f0512daba0, 0x000001f0512db678]
Event: 6798.232 Thread 0x000001f06d8c74c0 17923       4       org.eclipse.jdt.internal.compiler.ast.MarkerAnnotation::memberValuePairs (4 bytes)
Event: 6798.233 Thread 0x000001f06d8c74c0 nmethod 17923 0x000001f0512dba90 code [0x000001f0512dbc20, 0x000001f0512dbcb0]
Event: 6798.235 Thread 0x000001f06d8c6df0 nmethod 17911 0x000001f0512dbd90 code [0x000001f0512dc040, 0x000001f0512dd030]
Event: 6798.238 Thread 0x000001f04565a710 nmethod 17916 0x000001f0512ddd90 code [0x000001f0512ddfc0, 0x000001f0512def70]

GC Heap History (20 events):
Event: 6797.835 GC heap before
{Heap before GC invocations=1185 (full 4):
 PSYoungGen      total 2560K, used 2483K [0x00000000eab00000, 0x00000000eae80000, 0x0000000100000000)
  eden space 2048K, 99% used [0x00000000eab00000,0x00000000eacfcc20,0x00000000ead00000)
  from space 512K, 87% used [0x00000000eae00000,0x00000000eae70000,0x00000000eae80000)
  to   space 512K, 0% used [0x00000000ead80000,0x00000000ead80000,0x00000000eae00000)
 ParOldGen       total 615936K, used 152409K [0x00000000c0000000, 0x00000000e5980000, 0x00000000eab00000)
  object space 615936K, 24% used [0x00000000c0000000,0x00000000c94d6578,0x00000000e5980000)
 Metaspace       used 77459K, committed 78784K, reserved 1179648K
  class space    used 7721K, committed 8320K, reserved 1048576K
}
Event: 6797.836 GC heap after
{Heap after GC invocations=1185 (full 4):
 PSYoungGen      total 2560K, used 512K [0x00000000eab00000, 0x00000000eaf00000, 0x0000000100000000)
  eden space 2048K, 0% used [0x00000000eab00000,0x00000000eab00000,0x00000000ead00000)
  from space 512K, 100% used [0x00000000ead80000,0x00000000eae00000,0x00000000eae00000)
  to   space 1024K, 0% used [0x00000000eae00000,0x00000000eae00000,0x00000000eaf00000)
 ParOldGen       total 615936K, used 152561K [0x00000000c0000000, 0x00000000e5980000, 0x00000000eab00000)
  object space 615936K, 24% used [0x00000000c0000000,0x00000000c94fc578,0x00000000e5980000)
 Metaspace       used 77459K, committed 78784K, reserved 1179648K
  class space    used 7721K, committed 8320K, reserved 1048576K
}
Event: 6798.085 GC heap before
{Heap before GC invocations=1186 (full 4):
 PSYoungGen      total 2560K, used 2560K [0x00000000eab00000, 0x00000000eaf00000, 0x0000000100000000)
  eden space 2048K, 100% used [0x00000000eab00000,0x00000000ead00000,0x00000000ead00000)
  from space 512K, 100% used [0x00000000ead80000,0x00000000eae00000,0x00000000eae00000)
  to   space 1024K, 0% used [0x00000000eae00000,0x00000000eae00000,0x00000000eaf00000)
 ParOldGen       total 615936K, used 152561K [0x00000000c0000000, 0x00000000e5980000, 0x00000000eab00000)
  object space 615936K, 24% used [0x00000000c0000000,0x00000000c94fc578,0x00000000e5980000)
 Metaspace       used 77464K, committed 78848K, reserved 1179648K
  class space    used 7721K, committed 8320K, reserved 1048576K
}
Event: 6798.086 GC heap after
{Heap after GC invocations=1186 (full 4):
 PSYoungGen      total 3072K, used 564K [0x00000000eab00000, 0x00000000eaf00000, 0x0000000100000000)
  eden space 2048K, 0% used [0x00000000eab00000,0x00000000eab00000,0x00000000ead00000)
  from space 1024K, 55% used [0x00000000eae00000,0x00000000eae8d200,0x00000000eaf00000)
  to   space 1024K, 0% used [0x00000000ead00000,0x00000000ead00000,0x00000000eae00000)
 ParOldGen       total 615936K, used 152841K [0x00000000c0000000, 0x00000000e5980000, 0x00000000eab00000)
  object space 615936K, 24% used [0x00000000c0000000,0x00000000c9542598,0x00000000e5980000)
 Metaspace       used 77464K, committed 78848K, reserved 1179648K
  class space    used 7721K, committed 8320K, reserved 1048576K
}
Event: 6798.090 GC heap before
{Heap before GC invocations=1187 (full 4):
 PSYoungGen      total 3072K, used 2612K [0x00000000eab00000, 0x00000000eaf00000, 0x0000000100000000)
  eden space 2048K, 100% used [0x00000000eab00000,0x00000000ead00000,0x00000000ead00000)
  from space 1024K, 55% used [0x00000000eae00000,0x00000000eae8d200,0x00000000eaf00000)
  to   space 1024K, 0% used [0x00000000ead00000,0x00000000ead00000,0x00000000eae00000)
 ParOldGen       total 615936K, used 152841K [0x00000000c0000000, 0x00000000e5980000, 0x00000000eab00000)
  object space 615936K, 24% used [0x00000000c0000000,0x00000000c9542598,0x00000000e5980000)
 Metaspace       used 77464K, committed 78848K, reserved 1179648K
  class space    used 7721K, committed 8320K, reserved 1048576K
}
Event: 6798.091 GC heap after
{Heap after GC invocations=1187 (full 4):
 PSYoungGen      total 3072K, used 288K [0x00000000eab00000, 0x00000000eae80000, 0x0000000100000000)
  eden space 2048K, 0% used [0x00000000eab00000,0x00000000eab00000,0x00000000ead00000)
  from space 1024K, 28% used [0x00000000ead00000,0x00000000ead48000,0x00000000eae00000)
  to   space 512K, 0% used [0x00000000eae00000,0x00000000eae00000,0x00000000eae80000)
 ParOldGen       total 615936K, used 153261K [0x00000000c0000000, 0x00000000e5980000, 0x00000000eab00000)
  object space 615936K, 24% used [0x00000000c0000000,0x00000000c95ab798,0x00000000e5980000)
 Metaspace       used 77464K, committed 78848K, reserved 1179648K
  class space    used 7721K, committed 8320K, reserved 1048576K
}
Event: 6798.095 GC heap before
{Heap before GC invocations=1188 (full 4):
 PSYoungGen      total 3072K, used 2336K [0x00000000eab00000, 0x00000000eae80000, 0x0000000100000000)
  eden space 2048K, 100% used [0x00000000eab00000,0x00000000ead00000,0x00000000ead00000)
  from space 1024K, 28% used [0x00000000ead00000,0x00000000ead48000,0x00000000eae00000)
  to   space 512K, 0% used [0x00000000eae00000,0x00000000eae00000,0x00000000eae80000)
 ParOldGen       total 615936K, used 153261K [0x00000000c0000000, 0x00000000e5980000, 0x00000000eab00000)
  object space 615936K, 24% used [0x00000000c0000000,0x00000000c95ab798,0x00000000e5980000)
 Metaspace       used 77464K, committed 78848K, reserved 1179648K
  class space    used 7721K, committed 8320K, reserved 1048576K
}
Event: 6798.097 GC heap after
{Heap after GC invocations=1188 (full 4):
 PSYoungGen      total 2560K, used 384K [0x00000000eab00000, 0x00000000eae80000, 0x0000000100000000)
  eden space 2048K, 0% used [0x00000000eab00000,0x00000000eab00000,0x00000000ead00000)
  from space 512K, 75% used [0x00000000eae00000,0x00000000eae60000,0x00000000eae80000)
  to   space 512K, 0% used [0x00000000ead80000,0x00000000ead80000,0x00000000eae00000)
 ParOldGen       total 615936K, used 153445K [0x00000000c0000000, 0x00000000e5980000, 0x00000000eab00000)
  object space 615936K, 24% used [0x00000000c0000000,0x00000000c95d9798,0x00000000e5980000)
 Metaspace       used 77464K, committed 78848K, reserved 1179648K
  class space    used 7721K, committed 8320K, reserved 1048576K
}
Event: 6798.123 GC heap before
{Heap before GC invocations=1189 (full 4):
 PSYoungGen      total 2560K, used 2432K [0x00000000eab00000, 0x00000000eae80000, 0x0000000100000000)
  eden space 2048K, 100% used [0x00000000eab00000,0x00000000ead00000,0x00000000ead00000)
  from space 512K, 75% used [0x00000000eae00000,0x00000000eae60000,0x00000000eae80000)
  to   space 512K, 0% used [0x00000000ead80000,0x00000000ead80000,0x00000000eae00000)
 ParOldGen       total 615936K, used 153445K [0x00000000c0000000, 0x00000000e5980000, 0x00000000eab00000)
  object space 615936K, 24% used [0x00000000c0000000,0x00000000c95d9798,0x00000000e5980000)
 Metaspace       used 77469K, committed 78848K, reserved 1179648K
  class space    used 7721K, committed 8320K, reserved 1048576K
}
Event: 6798.124 GC heap after
{Heap after GC invocations=1189 (full 4):
 PSYoungGen      total 2560K, used 500K [0x00000000eab00000, 0x00000000eaf00000, 0x0000000100000000)
  eden space 2048K, 0% used [0x00000000eab00000,0x00000000eab00000,0x00000000ead00000)
  from space 512K, 97% used [0x00000000ead80000,0x00000000eadfd200,0x00000000eae00000)
  to   space 1024K, 0% used [0x00000000eae00000,0x00000000eae00000,0x00000000eaf00000)
 ParOldGen       total 615936K, used 153677K [0x00000000c0000000, 0x00000000e5980000, 0x00000000eab00000)
  object space 615936K, 24% used [0x00000000c0000000,0x00000000c96137b8,0x00000000e5980000)
 Metaspace       used 77469K, committed 78848K, reserved 1179648K
  class space    used 7721K, committed 8320K, reserved 1048576K
}
Event: 6798.127 GC heap before
{Heap before GC invocations=1190 (full 4):
 PSYoungGen      total 2560K, used 2548K [0x00000000eab00000, 0x00000000eaf00000, 0x0000000100000000)
  eden space 2048K, 100% used [0x00000000eab00000,0x00000000ead00000,0x00000000ead00000)
  from space 512K, 97% used [0x00000000ead80000,0x00000000eadfd200,0x00000000eae00000)
  to   space 1024K, 0% used [0x00000000eae00000,0x00000000eae00000,0x00000000eaf00000)
 ParOldGen       total 615936K, used 153677K [0x00000000c0000000, 0x00000000e5980000, 0x00000000eab00000)
  object space 615936K, 24% used [0x00000000c0000000,0x00000000c96137b8,0x00000000e5980000)
 Metaspace       used 77470K, committed 78848K, reserved 1179648K
  class space    used 7721K, committed 8320K, reserved 1048576K
}
Event: 6798.128 GC heap after
{Heap after GC invocations=1190 (full 4):
 PSYoungGen      total 2560K, used 352K [0x00000000eab00000, 0x00000000eae80000, 0x0000000100000000)
  eden space 2048K, 0% used [0x00000000eab00000,0x00000000eab00000,0x00000000ead00000)
  from space 512K, 68% used [0x00000000eae00000,0x00000000eae58000,0x00000000eae80000)
  to   space 512K, 0% used [0x00000000ead80000,0x00000000ead80000,0x00000000eae00000)
 ParOldGen       total 615936K, used 154154K [0x00000000c0000000, 0x00000000e5980000, 0x00000000eab00000)
  object space 615936K, 25% used [0x00000000c0000000,0x00000000c968a9b8,0x00000000e5980000)
 Metaspace       used 77470K, committed 78848K, reserved 1179648K
  class space    used 7721K, committed 8320K, reserved 1048576K
}
Event: 6798.130 GC heap before
{Heap before GC invocations=1191 (full 4):
 PSYoungGen      total 2560K, used 2400K [0x00000000eab00000, 0x00000000eae80000, 0x0000000100000000)
  eden space 2048K, 100% used [0x00000000eab00000,0x00000000ead00000,0x00000000ead00000)
  from space 512K, 68% used [0x00000000eae00000,0x00000000eae58000,0x00000000eae80000)
  to   space 512K, 0% used [0x00000000ead80000,0x00000000ead80000,0x00000000eae00000)
 ParOldGen       total 615936K, used 154154K [0x00000000c0000000, 0x00000000e5980000, 0x00000000eab00000)
  object space 615936K, 25% used [0x00000000c0000000,0x00000000c968a9b8,0x00000000e5980000)
 Metaspace       used 77470K, committed 78848K, reserved 1179648K
  class space    used 7721K, committed 8320K, reserved 1048576K
}
Event: 6798.131 GC heap after
{Heap after GC invocations=1191 (full 4):
 PSYoungGen      total 2560K, used 384K [0x00000000eab00000, 0x00000000eae80000, 0x0000000100000000)
  eden space 2048K, 0% used [0x00000000eab00000,0x00000000eab00000,0x00000000ead00000)
  from space 512K, 75% used [0x00000000ead80000,0x00000000eade0000,0x00000000eae00000)
  to   space 512K, 0% used [0x00000000eae00000,0x00000000eae00000,0x00000000eae80000)
 ParOldGen       total 615936K, used 154378K [0x00000000c0000000, 0x00000000e5980000, 0x00000000eab00000)
  object space 615936K, 25% used [0x00000000c0000000,0x00000000c96c29b8,0x00000000e5980000)
 Metaspace       used 77470K, committed 78848K, reserved 1179648K
  class space    used 7721K, committed 8320K, reserved 1048576K
}
Event: 6798.202 GC heap before
{Heap before GC invocations=1192 (full 4):
 PSYoungGen      total 2560K, used 2432K [0x00000000eab00000, 0x00000000eae80000, 0x0000000100000000)
  eden space 2048K, 100% used [0x00000000eab00000,0x00000000ead00000,0x00000000ead00000)
  from space 512K, 75% used [0x00000000ead80000,0x00000000eade0000,0x00000000eae00000)
  to   space 512K, 0% used [0x00000000eae00000,0x00000000eae00000,0x00000000eae80000)
 ParOldGen       total 615936K, used 154378K [0x00000000c0000000, 0x00000000e5980000, 0x00000000eab00000)
  object space 615936K, 25% used [0x00000000c0000000,0x00000000c96c29b8,0x00000000e5980000)
 Metaspace       used 77474K, committed 78848K, reserved 1179648K
  class space    used 7721K, committed 8320K, reserved 1048576K
}
Event: 6798.203 GC heap after
{Heap after GC invocations=1192 (full 4):
 PSYoungGen      total 2560K, used 506K [0x00000000eab00000, 0x00000000eaf00000, 0x0000000100000000)
  eden space 2048K, 0% used [0x00000000eab00000,0x00000000eab00000,0x00000000ead00000)
  from space 512K, 98% used [0x00000000eae00000,0x00000000eae7e900,0x00000000eae80000)
  to   space 1024K, 0% used [0x00000000ead00000,0x00000000ead00000,0x00000000eae00000)
 ParOldGen       total 615936K, used 154546K [0x00000000c0000000, 0x00000000e5980000, 0x00000000eab00000)
  object space 615936K, 25% used [0x00000000c0000000,0x00000000c96ec9b8,0x00000000e5980000)
 Metaspace       used 77474K, committed 78848K, reserved 1179648K
  class space    used 7721K, committed 8320K, reserved 1048576K
}
Event: 6798.206 GC heap before
{Heap before GC invocations=1193 (full 4):
 PSYoungGen      total 2560K, used 2554K [0x00000000eab00000, 0x00000000eaf00000, 0x0000000100000000)
  eden space 2048K, 100% used [0x00000000eab00000,0x00000000ead00000,0x00000000ead00000)
  from space 512K, 98% used [0x00000000eae00000,0x00000000eae7e900,0x00000000eae80000)
  to   space 1024K, 0% used [0x00000000ead00000,0x00000000ead00000,0x00000000eae00000)
 ParOldGen       total 615936K, used 154546K [0x00000000c0000000, 0x00000000e5980000, 0x00000000eab00000)
  object space 615936K, 25% used [0x00000000c0000000,0x00000000c96ec9b8,0x00000000e5980000)
 Metaspace       used 77475K, committed 78848K, reserved 1179648K
  class space    used 7721K, committed 8320K, reserved 1048576K
}
Event: 6798.207 GC heap after
{Heap after GC invocations=1193 (full 4):
 PSYoungGen      total 3072K, used 480K [0x00000000eab00000, 0x00000000eaf00000, 0x0000000100000000)
  eden space 2048K, 0% used [0x00000000eab00000,0x00000000eab00000,0x00000000ead00000)
  from space 1024K, 46% used [0x00000000ead00000,0x00000000ead78000,0x00000000eae00000)
  to   space 1024K, 0% used [0x00000000eae00000,0x00000000eae00000,0x00000000eaf00000)
 ParOldGen       total 615936K, used 155006K [0x00000000c0000000, 0x00000000e5980000, 0x00000000eab00000)
  object space 615936K, 25% used [0x00000000c0000000,0x00000000c975fbd8,0x00000000e5980000)
 Metaspace       used 77475K, committed 78848K, reserved 1179648K
  class space    used 7721K, committed 8320K, reserved 1048576K
}
Event: 6798.211 GC heap before
{Heap before GC invocations=1194 (full 4):
 PSYoungGen      total 3072K, used 2528K [0x00000000eab00000, 0x00000000eaf00000, 0x0000000100000000)
  eden space 2048K, 100% used [0x00000000eab00000,0x00000000ead00000,0x00000000ead00000)
  from space 1024K, 46% used [0x00000000ead00000,0x00000000ead78000,0x00000000eae00000)
  to   space 1024K, 0% used [0x00000000eae00000,0x00000000eae00000,0x00000000eaf00000)
 ParOldGen       total 615936K, used 155006K [0x00000000c0000000, 0x00000000e5980000, 0x00000000eab00000)
  object space 615936K, 25% used [0x00000000c0000000,0x00000000c975fbd8,0x00000000e5980000)
 Metaspace       used 77475K, committed 78848K, reserved 1179648K
  class space    used 7721K, committed 8320K, reserved 1048576K
}
Event: 6798.212 GC heap after
{Heap after GC invocations=1194 (full 4):
 PSYoungGen      total 2560K, used 448K [0x00000000eab00000, 0x00000000eae80000, 0x0000000100000000)
  eden space 2048K, 0% used [0x00000000eab00000,0x00000000eab00000,0x00000000ead00000)
  from space 512K, 87% used [0x00000000eae00000,0x00000000eae70000,0x00000000eae80000)
  to   space 512K, 0% used [0x00000000ead80000,0x00000000ead80000,0x00000000eae00000)
 ParOldGen       total 615936K, used 155246K [0x00000000c0000000, 0x00000000e5980000, 0x00000000eab00000)
  object space 615936K, 25% used [0x00000000c0000000,0x00000000c979bbd8,0x00000000e5980000)
 Metaspace       used 77475K, committed 78848K, reserved 1179648K
  class space    used 7721K, committed 8320K, reserved 1048576K
}

Dll operation events (12 events):
Event: 0.006 Loaded shared library c:\Users\Admin\.cursor\extensions\redhat.java-1.42.0-win32-x64\jre\21.0.7-win32-x86_64\bin\java.dll
Event: 0.041 Loaded shared library c:\Users\Admin\.cursor\extensions\redhat.java-1.42.0-win32-x64\jre\21.0.7-win32-x86_64\bin\zip.dll
Event: 0.052 Loaded shared library C:\Users\Admin\.cursor\extensions\redhat.java-1.42.0-win32-x64\jre\21.0.7-win32-x86_64\bin\instrument.dll
Event: 0.055 Loaded shared library C:\Users\Admin\.cursor\extensions\redhat.java-1.42.0-win32-x64\jre\21.0.7-win32-x86_64\bin\net.dll
Event: 0.056 Loaded shared library C:\Users\Admin\.cursor\extensions\redhat.java-1.42.0-win32-x64\jre\21.0.7-win32-x86_64\bin\nio.dll
Event: 0.058 Loaded shared library C:\Users\Admin\.cursor\extensions\redhat.java-1.42.0-win32-x64\jre\21.0.7-win32-x86_64\bin\zip.dll
Event: 0.067 Loaded shared library C:\Users\Admin\.cursor\extensions\redhat.java-1.42.0-win32-x64\jre\21.0.7-win32-x86_64\bin\jimage.dll
Event: 0.105 Loaded shared library c:\Users\Admin\.cursor\extensions\redhat.java-1.42.0-win32-x64\jre\21.0.7-win32-x86_64\bin\verify.dll
Event: 6.094 Loaded shared library C:\Users\Admin\AppData\Roaming\Cursor\User\globalStorage\redhat.java\1.42.0\config_win\org.eclipse.equinox.launcher\org.eclipse.equinox.launcher.win32.win32.x86_64_1.2.1300.v20250331-1702\eclipse_11911.dll
Event: 15.174 Loaded shared library C:\Users\Admin\AppData\Local\Temp\jna-63116079\jna5680269815545007359.dll
Event: 15.907 Loaded shared library C:\Users\Admin\.cursor\extensions\redhat.java-1.42.0-win32-x64\jre\21.0.7-win32-x86_64\bin\sunmscapi.dll
Event: 16.192 Loaded shared library C:\Users\Admin\.cursor\extensions\redhat.java-1.42.0-win32-x64\jre\21.0.7-win32-x86_64\bin\extnet.dll

Deoptimization events (20 events):
Event: 6797.810 Thread 0x000001f0648083b0 DEOPT PACKING pc=0x000001f050836f5c sp=0x0000009901cfe820
Event: 6797.810 Thread 0x000001f0648083b0 DEOPT UNPACKING pc=0x000001f04fbf3aa2 sp=0x0000009901cfe7a0 mode 2
Event: 6797.810 Thread 0x000001f0648083b0 Uncommon trap: trap_request=0xffffffbe fr.pc=0x000001f050836f5c relative=0x000000000000037c
Event: 6797.810 Thread 0x000001f0648083b0 Uncommon trap: reason=profile_predicate action=maybe_recompile pc=0x000001f050836f5c method=java.util.Arrays.binarySearch0([Ljava/lang/Object;IILjava/lang/Object;)I @ 12 c2
Event: 6797.810 Thread 0x000001f0648083b0 DEOPT PACKING pc=0x000001f050836f5c sp=0x0000009901cfe820
Event: 6797.810 Thread 0x000001f0648083b0 DEOPT UNPACKING pc=0x000001f04fbf3aa2 sp=0x0000009901cfe7a0 mode 2
Event: 6797.814 Thread 0x000001f0648083b0 Uncommon trap: trap_request=0xffffff45 fr.pc=0x000001f050834568 relative=0x0000000000000148
Event: 6797.814 Thread 0x000001f0648083b0 Uncommon trap: reason=unstable_if action=reinterpret pc=0x000001f050834568 method=java.util.stream.StreamOpFlag.getMask(I)I @ 1 c2
Event: 6797.814 Thread 0x000001f0648083b0 DEOPT PACKING pc=0x000001f050834568 sp=0x0000009901cfe9d0
Event: 6797.814 Thread 0x000001f0648083b0 DEOPT UNPACKING pc=0x000001f04fbf3aa2 sp=0x0000009901cfe890 mode 2
Event: 6798.099 Thread 0x000001f0648083b0 DEOPT PACKING pc=0x000001f0497a0c57 sp=0x0000009901cfe4f0
Event: 6798.099 Thread 0x000001f0648083b0 DEOPT UNPACKING pc=0x000001f04fbf4242 sp=0x0000009901cfda20 mode 0
Event: 6798.125 Thread 0x000001f0648083b0 DEOPT PACKING pc=0x000001f049312278 sp=0x0000009901cfc590
Event: 6798.125 Thread 0x000001f0648083b0 DEOPT UNPACKING pc=0x000001f04fbf4242 sp=0x0000009901cfba18 mode 0
Event: 6798.197 Thread 0x000001f0648083b0 DEOPT PACKING pc=0x000001f048e0e53b sp=0x0000009901cfdfc0
Event: 6798.197 Thread 0x000001f0648083b0 DEOPT UNPACKING pc=0x000001f04fbf4242 sp=0x0000009901cfd4f8 mode 0
Event: 6798.203 Thread 0x000001f0648083b0 Uncommon trap: trap_request=0xffffff6e fr.pc=0x000001f0512cd604 relative=0x0000000000000144
Event: 6798.203 Thread 0x000001f0648083b0 Uncommon trap: reason=loop_limit_check action=maybe_recompile pc=0x000001f0512cd604 method=org.eclipse.jdt.internal.compiler.lookup.BinaryTypeBinding.createMethods([Lorg/eclipse/jdt/internal/compiler/env/IBinaryMethod;Lorg/eclipse/jdt/internal/compiler/en
Event: 6798.203 Thread 0x000001f0648083b0 DEOPT PACKING pc=0x000001f0512cd604 sp=0x0000009901cfdd90
Event: 6798.204 Thread 0x000001f0648083b0 DEOPT UNPACKING pc=0x000001f04fbf3aa2 sp=0x0000009901cfdcf8 mode 2

Classes loaded (20 events):
Event: 316.828 Loading class java/nio/charset/CharacterCodingException
Event: 316.828 Loading class java/nio/charset/CharacterCodingException done
Event: 6785.882 Loading class java/io/SequenceInputStream
Event: 6785.882 Loading class java/io/SequenceInputStream done
Event: 6786.034 Loading class jdk/internal/event/SecurityPropertyModificationEvent
Event: 6786.034 Loading class jdk/internal/event/SecurityPropertyModificationEvent done
Event: 6786.068 Loading class java/util/zip/CheckedInputStream
Event: 6786.069 Loading class java/util/zip/CheckedInputStream done
Event: 6786.104 Loading class java/util/zip/GZIPInputStream$1
Event: 6786.104 Loading class java/util/zip/GZIPInputStream$1 done
Event: 6786.337 Loading class java/lang/UnsupportedClassVersionError
Event: 6786.337 Loading class java/lang/UnsupportedClassVersionError done
Event: 6793.012 Loading class java/io/CharArrayReader
Event: 6793.012 Loading class java/io/CharArrayReader done
Event: 6793.012 Loading class java/util/regex/Pattern$Bound
Event: 6793.012 Loading class java/util/regex/Pattern$Bound done
Event: 6797.814 Loading class java/util/stream/ReferencePipeline$15
Event: 6797.814 Loading class java/util/stream/ReferencePipeline$15 done
Event: 6797.814 Loading class java/util/stream/ReferencePipeline$15$1
Event: 6797.815 Loading class java/util/stream/ReferencePipeline$15$1 done

Classes unloaded (20 events):
Event: 6786.647 Thread 0x000001f05af9baf0 Unloading class 0x000001f001017400 'java/lang/invoke/LambdaForm$MH+0x000001f001017400'
Event: 6786.647 Thread 0x000001f05af9baf0 Unloading class 0x000001f00100d800 'java/lang/invoke/LambdaForm$MH+0x000001f00100d800'
Event: 6786.647 Thread 0x000001f05af9baf0 Unloading class 0x000001f00100d400 'java/lang/invoke/LambdaForm$MH+0x000001f00100d400'
Event: 6786.647 Thread 0x000001f05af9baf0 Unloading class 0x000001f00100d000 'java/lang/invoke/LambdaForm$MH+0x000001f00100d000'
Event: 6786.647 Thread 0x000001f05af9baf0 Unloading class 0x000001f00100cc00 'java/lang/invoke/LambdaForm$MH+0x000001f00100cc00'
Event: 6786.647 Thread 0x000001f05af9baf0 Unloading class 0x000001f00100c800 'java/lang/invoke/LambdaForm$BMH+0x000001f00100c800'
Event: 6786.647 Thread 0x000001f05af9baf0 Unloading class 0x000001f00100c000 'java/lang/invoke/LambdaForm$DMH+0x000001f00100c000'
Event: 6786.647 Thread 0x000001f05af9baf0 Unloading class 0x000001f001008400 'java/lang/invoke/LambdaForm$MH+0x000001f001008400'
Event: 6786.647 Thread 0x000001f05af9baf0 Unloading class 0x000001f001008000 'java/lang/invoke/LambdaForm$MH+0x000001f001008000'
Event: 6786.647 Thread 0x000001f05af9baf0 Unloading class 0x000001f001007c00 'java/lang/invoke/LambdaForm$MH+0x000001f001007c00'
Event: 6786.647 Thread 0x000001f05af9baf0 Unloading class 0x000001f001006800 'java/lang/invoke/LambdaForm$MH+0x000001f001006800'
Event: 6786.647 Thread 0x000001f05af9baf0 Unloading class 0x000001f001006000 'java/lang/invoke/LambdaForm$MH+0x000001f001006000'
Event: 6786.647 Thread 0x000001f05af9baf0 Unloading class 0x000001f001005c00 'java/lang/invoke/LambdaForm$MH+0x000001f001005c00'
Event: 6786.647 Thread 0x000001f05af9baf0 Unloading class 0x000001f001005800 'java/lang/invoke/LambdaForm$MH+0x000001f001005800'
Event: 6786.647 Thread 0x000001f05af9baf0 Unloading class 0x000001f001005400 'java/lang/invoke/LambdaForm$BMH+0x000001f001005400'
Event: 6786.647 Thread 0x000001f05af9baf0 Unloading class 0x000001f001004000 'java/lang/invoke/LambdaForm$DMH+0x000001f001004000'
Event: 6786.647 Thread 0x000001f05af9baf0 Unloading class 0x000001f001002400 'java/lang/invoke/LambdaForm$MH+0x000001f001002400'
Event: 6786.647 Thread 0x000001f05af9baf0 Unloading class 0x000001f001002000 'java/lang/invoke/LambdaForm$MH+0x000001f001002000'
Event: 6786.647 Thread 0x000001f05af9baf0 Unloading class 0x000001f001001800 'java/lang/invoke/LambdaForm$MH+0x000001f001001800'
Event: 6786.647 Thread 0x000001f05af9baf0 Unloading class 0x000001f001000400 'java/lang/invoke/LambdaForm$MH+0x000001f001000400'

Classes redefined (0 events):
No events

Internal exceptions (20 events):
Event: 6786.776 Thread 0x000001f064809760 Implicit null exception at 0x000001f0510dfeb5 to 0x000001f0510e0129
Event: 6786.781 Thread 0x000001f064809760 Implicit null exception at 0x000001f0510a0b35 to 0x000001f0510a0da5
Event: 6786.781 Thread 0x000001f064809760 Implicit null exception at 0x000001f05085470e to 0x000001f0508547b5
Event: 6786.783 Thread 0x000001f064809760 Implicit null exception at 0x000001f0510e48bc to 0x000001f0510e66ac
Event: 6786.789 Thread 0x000001f064809760 Implicit null exception at 0x000001f050a71417 to 0x000001f050a734c4
Event: 6786.851 Thread 0x000001f064809760 Implicit null exception at 0x000001f050f0a008 to 0x000001f050f0b3b0
Event: 6786.937 Thread 0x000001f064809760 Implicit null exception at 0x000001f050aabf9b to 0x000001f050aae994
Event: 6786.950 Thread 0x000001f05e7d6f80 Implicit null exception at 0x000001f0508c542a to 0x000001f0508c6040
Event: 6786.952 Thread 0x000001f05e7d6f80 Implicit null exception at 0x000001f0505f6d24 to 0x000001f0505f6f2c
Event: 6786.977 Thread 0x000001f05e7d6f80 Implicit null exception at 0x000001f0508e2851 to 0x000001f0508e2ac8
Event: 6792.649 Thread 0x000001f065e61270 Exception <a 'java/lang/IncompatibleClassChangeError'{0x00000000eafcdc80}: Found class java.lang.Object, but interface was expected> (0x00000000eafcdc80) 
thrown [s\src\hotspot\share\interpreter\linkResolver.cpp, line 840]
Event: 6792.752 Thread 0x000001f06480ab10 Exception <a 'java/lang/LinkageError'{0x00000000eae5f498}: loader lombok.launch.ShadowClassLoader @374d0b9e attempted duplicate class definition for lombok.launch.PatchFixesHider$ExtensionMethod. (lombok.launch.PatchFixesHider$ExtensionMethod is in unnamed module of loader lombok.launch.ShadowClassLoader @374d0b9e, parent loader org.eclipse.osgi.internal.loader.EquinoxClassLoader @7031f97e)> (0x00000000eae5f498) 
thrown [s\src\hotspot\share\classfile\systemDictionary.cpp, line 1682]
Event: 6792.935 Thread 0x000001f06480ab10 Exception <a 'java/lang/LinkageError'{0x00000000eac52c40}: loader lombok.launch.ShadowClassLoader @50527841 attempted duplicate class definition for lombok.launch.PatchFixesHider$Javadoc. (lombok.launch.PatchFixesHider$Javadoc is in unnamed module of loader lombok.launch.ShadowClassLoader @50527841, parent loader org.eclipse.osgi.internal.loader.EquinoxClassLoader @5e6effda)> (0x00000000eac52c40) 
thrown [s\src\hotspot\share\classfile\systemDictionary.cpp, line 1682]
Event: 6793.061 Thread 0x000001f0648083b0 Exception <a 'java/lang/ClassNotFoundException'{0x00000000eac03468}: sun/net/www/protocol/jdt/Handler> (0x00000000eac03468) 
thrown [s\src\hotspot\share\classfile\systemDictionary.cpp, line 312]
Event: 6793.061 Thread 0x000001f06480ab10 Exception <a 'java/lang/ClassNotFoundException'{0x00000000eac073c8}: sun/net/www/protocol/jdt/Handler> (0x00000000eac073c8) 
thrown [s\src\hotspot\share\classfile\systemDictionary.cpp, line 312]
Event: 6793.061 Thread 0x000001f06480ab10 Exception <a 'java/lang/ClassNotFoundException'{0x00000000eac12850}: sun/net/www/protocol/jdt/Handler> (0x00000000eac12850) 
thrown [s\src\hotspot\share\classfile\systemDictionary.cpp, line 312]
Event: 6793.061 Thread 0x000001f0648083b0 Exception <a 'java/lang/ClassNotFoundException'{0x00000000eac0cf78}: sun/net/www/protocol/jdt/Handler> (0x00000000eac0cf78) 
thrown [s\src\hotspot\share\classfile\systemDictionary.cpp, line 312]
Event: 6793.070 Thread 0x000001f06480ab10 Implicit null exception at 0x000001f050dc09b9 to 0x000001f050dc0bc8
Event: 6793.070 Thread 0x000001f0648083b0 Implicit null exception at 0x000001f050dc09b9 to 0x000001f050dc0bc8
Event: 6797.697 Thread 0x000001f065e61270 Exception <a 'java/lang/IncompatibleClassChangeError'{0x00000000eab0f1d8}: Found class java.lang.Object, but interface was expected> (0x00000000eab0f1d8) 
thrown [s\src\hotspot\share\interpreter\linkResolver.cpp, line 840]

ZGC Phase Switch (0 events):
No events

VM Operations (20 events):
Event: 6797.835 Executing VM operation: ParallelGCFailedAllocation (Allocation Failure)
Event: 6797.836 Executing VM operation: ParallelGCFailedAllocation (Allocation Failure) done
Event: 6798.085 Executing VM operation: ParallelGCFailedAllocation (Allocation Failure)
Event: 6798.086 Executing VM operation: ParallelGCFailedAllocation (Allocation Failure) done
Event: 6798.090 Executing VM operation: ParallelGCFailedAllocation (Allocation Failure)
Event: 6798.091 Executing VM operation: ParallelGCFailedAllocation (Allocation Failure) done
Event: 6798.095 Executing VM operation: ParallelGCFailedAllocation (Allocation Failure)
Event: 6798.097 Executing VM operation: ParallelGCFailedAllocation (Allocation Failure) done
Event: 6798.123 Executing VM operation: ParallelGCFailedAllocation (Allocation Failure)
Event: 6798.124 Executing VM operation: ParallelGCFailedAllocation (Allocation Failure) done
Event: 6798.127 Executing VM operation: ParallelGCFailedAllocation (Allocation Failure)
Event: 6798.128 Executing VM operation: ParallelGCFailedAllocation (Allocation Failure) done
Event: 6798.130 Executing VM operation: ParallelGCFailedAllocation (Allocation Failure)
Event: 6798.131 Executing VM operation: ParallelGCFailedAllocation (Allocation Failure) done
Event: 6798.202 Executing VM operation: ParallelGCFailedAllocation (Allocation Failure)
Event: 6798.203 Executing VM operation: ParallelGCFailedAllocation (Allocation Failure) done
Event: 6798.206 Executing VM operation: ParallelGCFailedAllocation (Allocation Failure)
Event: 6798.207 Executing VM operation: ParallelGCFailedAllocation (Allocation Failure) done
Event: 6798.211 Executing VM operation: ParallelGCFailedAllocation (Allocation Failure)
Event: 6798.212 Executing VM operation: ParallelGCFailedAllocation (Allocation Failure) done

Memory protections (0 events):
No events

Nmethod flushes (20 events):
Event: 6786.700 Thread 0x000001f05af9baf0 flushing  nmethod 0x000001f049903610
Event: 6786.700 Thread 0x000001f05af9baf0 flushing  nmethod 0x000001f049907e90
Event: 6786.700 Thread 0x000001f05af9baf0 flushing  nmethod 0x000001f04990a190
Event: 6786.700 Thread 0x000001f05af9baf0 flushing  nmethod 0x000001f049918b10
Event: 6786.700 Thread 0x000001f05af9baf0 flushing  nmethod 0x000001f04991d990
Event: 6786.700 Thread 0x000001f05af9baf0 flushing  nmethod 0x000001f049928a10
Event: 6786.700 Thread 0x000001f05af9baf0 flushing  nmethod 0x000001f04992b090
Event: 6786.700 Thread 0x000001f05af9baf0 flushing  nmethod 0x000001f04993ba90
Event: 6786.700 Thread 0x000001f05af9baf0 flushing  nmethod 0x000001f049954590
Event: 6786.700 Thread 0x000001f05af9baf0 flushing  nmethod 0x000001f049963490
Event: 6786.700 Thread 0x000001f05af9baf0 flushing  nmethod 0x000001f049978c90
Event: 6786.700 Thread 0x000001f05af9baf0 flushing  nmethod 0x000001f049990710
Event: 6786.700 Thread 0x000001f05af9baf0 flushing  nmethod 0x000001f04999a710
Event: 6786.700 Thread 0x000001f05af9baf0 flushing  nmethod 0x000001f0499ce990
Event: 6786.700 Thread 0x000001f05af9baf0 flushing  nmethod 0x000001f0499f0810
Event: 6786.700 Thread 0x000001f05af9baf0 flushing  nmethod 0x000001f049a14c90
Event: 6786.700 Thread 0x000001f05af9baf0 flushing  nmethod 0x000001f049a29010
Event: 6786.700 Thread 0x000001f05af9baf0 flushing  nmethod 0x000001f04a69e910
Event: 6786.700 Thread 0x000001f05af9baf0 flushing  nmethod 0x000001f04a6a6a90
Event: 6786.700 Thread 0x000001f05af9baf0 flushing  nmethod 0x000001f04a85c990

Events (20 events):
Event: 6792.713 Thread 0x000001f05afa12b0 Thread added: 0x000001f06d8c9da0
Event: 6792.713 Thread 0x000001f05afa12b0 Thread added: 0x000001f06d8c9000
Event: 6792.900 Thread 0x000001f05afa12b0 Thread added: 0x000001f06d8cb210
Event: 6792.907 Thread 0x000001f06480ab10 Thread added: 0x000001f064808a40
Event: 6792.908 Thread 0x000001f0648083b0 Thread added: 0x000001f06480cbe0
Event: 6792.917 Thread 0x000001f064808a40 Thread exited: 0x000001f064808a40
Event: 6792.919 Thread 0x000001f06480cbe0 Thread exited: 0x000001f06480cbe0
Event: 6792.933 Thread 0x000001f05afa12b0 Thread added: 0x000001f06d8c8260
Event: 6793.099 Thread 0x000001f06d8c52b0 Thread added: 0x000001f0746a80d0
Event: 6793.099 Thread 0x000001f06d8c52b0 Thread added: 0x000001f0746a57f0
Event: 6797.696 Thread 0x000001f06d8c9000 Thread exited: 0x000001f06d8c9000
Event: 6797.696 Thread 0x000001f06d8c9da0 Thread exited: 0x000001f06d8c9da0
Event: 6797.696 Thread 0x000001f0746a80d0 Thread exited: 0x000001f0746a80d0
Event: 6797.696 Thread 0x000001f0746a57f0 Thread exited: 0x000001f0746a57f0
Event: 6797.698 Thread 0x000001f06d8c8260 Thread exited: 0x000001f06d8c8260
Event: 6797.698 Thread 0x000001f06d8cb210 Thread exited: 0x000001f06d8cb210
Event: 6797.698 Thread 0x000001f06d8cab40 Thread exited: 0x000001f06d8cab40
Event: 6797.698 Thread 0x000001f06d8c3e40 Thread exited: 0x000001f06d8c3e40
Event: 6797.828 Thread 0x000001f06d8ca470 Thread added: 0x000001f0746a80d0
Event: 6798.074 Thread 0x000001f0746a80d0 Thread exited: 0x000001f0746a80d0


Dynamic libraries:
0x00007ff6016f0000 - 0x00007ff6016fe000 	c:\Users\Admin\.cursor\extensions\redhat.java-1.42.0-win32-x64\jre\21.0.7-win32-x86_64\bin\java.exe
0x00007ffed3a40000 - 0x00007ffed3ca5000 	C:\WINDOWS\SYSTEM32\ntdll.dll
0x00007ffed2e40000 - 0x00007ffed2f09000 	C:\WINDOWS\System32\KERNEL32.DLL
0x00007ffed0c30000 - 0x00007ffed1018000 	C:\WINDOWS\System32\KERNELBASE.dll
0x00007ffed1280000 - 0x00007ffed13cb000 	C:\WINDOWS\System32\ucrtbase.dll
0x00007ffe92c40000 - 0x00007ffe92c5e000 	c:\Users\Admin\.cursor\extensions\redhat.java-1.42.0-win32-x64\jre\21.0.7-win32-x86_64\bin\VCRUNTIME140.dll
0x00007ffeb1ea0000 - 0x00007ffeb1eb8000 	c:\Users\Admin\.cursor\extensions\redhat.java-1.42.0-win32-x64\jre\21.0.7-win32-x86_64\bin\jli.dll
0x00007ffed2150000 - 0x00007ffed231a000 	C:\WINDOWS\System32\USER32.dll
0x00007ffea7530000 - 0x00007ffea77ca000 	C:\WINDOWS\WinSxS\amd64_microsoft.windows.common-controls_6595b64144ccf1df_6.0.26100.4202_none_3e0698d4e335f517\COMCTL32.dll
0x00007ffed1250000 - 0x00007ffed1277000 	C:\WINDOWS\System32\win32u.dll
0x00007ffed36f0000 - 0x00007ffed3799000 	C:\WINDOWS\System32\msvcrt.dll
0x00007ffed2f40000 - 0x00007ffed2f6b000 	C:\WINDOWS\System32\GDI32.dll
0x00007ffed15e0000 - 0x00007ffed1717000 	C:\WINDOWS\System32\gdi32full.dll
0x00007ffed11a0000 - 0x00007ffed1243000 	C:\WINDOWS\System32\msvcp_win.dll
0x00007ffed1950000 - 0x00007ffed1980000 	C:\WINDOWS\System32\IMM32.DLL
0x00007ffec8fa0000 - 0x00007ffec8fac000 	c:\Users\Admin\.cursor\extensions\redhat.java-1.42.0-win32-x64\jre\21.0.7-win32-x86_64\bin\vcruntime140_1.dll
0x00007ffe4b540000 - 0x00007ffe4b5cd000 	c:\Users\Admin\.cursor\extensions\redhat.java-1.42.0-win32-x64\jre\21.0.7-win32-x86_64\bin\msvcp140.dll
0x00007ffe23a00000 - 0x00007ffe24790000 	c:\Users\Admin\.cursor\extensions\redhat.java-1.42.0-win32-x64\jre\21.0.7-win32-x86_64\bin\server\jvm.dll
0x00007ffed37a0000 - 0x00007ffed3853000 	C:\WINDOWS\System32\ADVAPI32.dll
0x00007ffed3090000 - 0x00007ffed3136000 	C:\WINDOWS\System32\sechost.dll
0x00007ffed2f70000 - 0x00007ffed3085000 	C:\WINDOWS\System32\RPCRT4.dll
0x00007ffed18d0000 - 0x00007ffed1944000 	C:\WINDOWS\System32\WS2_32.dll
0x00007ffecf7b0000 - 0x00007ffecf80e000 	C:\WINDOWS\SYSTEM32\POWRPROF.dll
0x00007ffec5290000 - 0x00007ffec52c5000 	C:\WINDOWS\SYSTEM32\WINMM.dll
0x00007ffec2920000 - 0x00007ffec292b000 	C:\WINDOWS\SYSTEM32\VERSION.dll
0x00007ffecf790000 - 0x00007ffecf7a4000 	C:\WINDOWS\SYSTEM32\UMPDC.dll
0x00007ffecfa70000 - 0x00007ffecfa8b000 	C:\WINDOWS\SYSTEM32\kernel.appcore.dll
0x00007ffebc720000 - 0x00007ffebc72a000 	c:\Users\Admin\.cursor\extensions\redhat.java-1.42.0-win32-x64\jre\21.0.7-win32-x86_64\bin\jimage.dll
0x00007ffecde10000 - 0x00007ffece051000 	C:\WINDOWS\SYSTEM32\DBGHELP.DLL
0x00007ffed2330000 - 0x00007ffed26b5000 	C:\WINDOWS\System32\combase.dll
0x00007ffed3490000 - 0x00007ffed3571000 	C:\WINDOWS\System32\OLEAUT32.dll
0x00007ffea6270000 - 0x00007ffea62a9000 	C:\WINDOWS\SYSTEM32\dbgcore.DLL
0x00007ffed0b90000 - 0x00007ffed0c29000 	C:\WINDOWS\System32\bcryptPrimitives.dll
0x00007ffebc700000 - 0x00007ffebc70f000 	c:\Users\Admin\.cursor\extensions\redhat.java-1.42.0-win32-x64\jre\21.0.7-win32-x86_64\bin\instrument.dll
0x00007ffe8f380000 - 0x00007ffe8f39f000 	c:\Users\Admin\.cursor\extensions\redhat.java-1.42.0-win32-x64\jre\21.0.7-win32-x86_64\bin\java.dll
0x00007ffed1990000 - 0x00007ffed20d2000 	C:\WINDOWS\System32\SHELL32.dll
0x00007ffed1020000 - 0x00007ffed1194000 	C:\WINDOWS\System32\wintypes.dll
0x00007ffece7f0000 - 0x00007ffecf048000 	C:\WINDOWS\SYSTEM32\windows.storage.dll
0x00007ffed2d30000 - 0x00007ffed2e21000 	C:\WINDOWS\System32\SHCORE.dll
0x00007ffed20e0000 - 0x00007ffed214a000 	C:\WINDOWS\System32\shlwapi.dll
0x00007ffed0aa0000 - 0x00007ffed0acf000 	C:\WINDOWS\SYSTEM32\profapi.dll
0x00007ffe8e0e0000 - 0x00007ffe8e0f8000 	c:\Users\Admin\.cursor\extensions\redhat.java-1.42.0-win32-x64\jre\21.0.7-win32-x86_64\bin\zip.dll
0x00007ffebc6b0000 - 0x00007ffebc6c0000 	C:\Users\Admin\.cursor\extensions\redhat.java-1.42.0-win32-x64\jre\21.0.7-win32-x86_64\bin\net.dll
0x00007ffec59c0000 - 0x00007ffec5ade000 	C:\WINDOWS\SYSTEM32\WINHTTP.dll
0x00007ffecffe0000 - 0x00007ffed004a000 	C:\WINDOWS\system32\mswsock.dll
0x00007ffe87890000 - 0x00007ffe878a6000 	C:\Users\Admin\.cursor\extensions\redhat.java-1.42.0-win32-x64\jre\21.0.7-win32-x86_64\bin\nio.dll
0x00007ffeb9f30000 - 0x00007ffeb9f40000 	c:\Users\Admin\.cursor\extensions\redhat.java-1.42.0-win32-x64\jre\21.0.7-win32-x86_64\bin\verify.dll
0x00007ffe84aa0000 - 0x00007ffe84ae5000 	C:\Users\Admin\AppData\Roaming\Cursor\User\globalStorage\redhat.java\1.42.0\config_win\org.eclipse.equinox.launcher\org.eclipse.equinox.launcher.win32.win32.x86_64_1.2.1300.v20250331-1702\eclipse_11911.dll
0x00007ffed32e0000 - 0x00007ffed347e000 	C:\WINDOWS\System32\ole32.dll
0x00007ffed02a0000 - 0x00007ffed02bb000 	C:\WINDOWS\SYSTEM32\CRYPTSP.dll
0x00007ffecf9d0000 - 0x00007ffecfa0a000 	C:\WINDOWS\system32\rsaenh.dll
0x00007ffed0080000 - 0x00007ffed00ab000 	C:\WINDOWS\SYSTEM32\USERENV.dll
0x00007ffed0a70000 - 0x00007ffed0a96000 	C:\WINDOWS\SYSTEM32\bcrypt.dll
0x00007ffed0290000 - 0x00007ffed029c000 	C:\WINDOWS\SYSTEM32\CRYPTBASE.dll
0x00007ffecf4a0000 - 0x00007ffecf4d3000 	C:\WINDOWS\SYSTEM32\IPHLPAPI.DLL
0x00007ffed31a0000 - 0x00007ffed31aa000 	C:\WINDOWS\System32\NSI.dll
0x00007ffe840b0000 - 0x00007ffe840f9000 	C:\Users\Admin\AppData\Local\Temp\jna-63116079\jna5680269815545007359.dll
0x00007ffed2320000 - 0x00007ffed2328000 	C:\WINDOWS\System32\PSAPI.DLL
0x00007ffec6ec0000 - 0x00007ffec6edf000 	C:\WINDOWS\SYSTEM32\dhcpcsvc6.DLL
0x00007ffec6e60000 - 0x00007ffec6e85000 	C:\WINDOWS\SYSTEM32\dhcpcsvc.DLL
0x00007ffeb6bf0000 - 0x00007ffeb6bfe000 	C:\Users\Admin\.cursor\extensions\redhat.java-1.42.0-win32-x64\jre\21.0.7-win32-x86_64\bin\sunmscapi.dll
0x00007ffed13d0000 - 0x00007ffed1547000 	C:\WINDOWS\System32\CRYPT32.dll
0x00007ffed04b0000 - 0x00007ffed04e0000 	C:\WINDOWS\SYSTEM32\ncrypt.dll
0x00007ffed0460000 - 0x00007ffed049f000 	C:\WINDOWS\SYSTEM32\NTASN1.dll
0x00007ffecf570000 - 0x00007ffecf697000 	C:\WINDOWS\SYSTEM32\DNSAPI.dll
0x00007ffec7f30000 - 0x00007ffec7f3b000 	C:\Windows\System32\rasadhlp.dll
0x00007ffec7290000 - 0x00007ffec7316000 	C:\WINDOWS\System32\fwpuclnt.dll
0x00007ffeb6ab0000 - 0x00007ffeb6ab9000 	C:\Users\Admin\.cursor\extensions\redhat.java-1.42.0-win32-x64\jre\21.0.7-win32-x86_64\bin\extnet.dll
0x00007ffecfb90000 - 0x00007ffecfbc6000 	C:\WINDOWS\SYSTEM32\ntmarta.dll

dbghelp: loaded successfully - version: 4.0.5 - missing functions: none
symbol engine: initialized successfully - sym options: 0x614 - pdb path: .;c:\Users\Admin\.cursor\extensions\redhat.java-1.42.0-win32-x64\jre\21.0.7-win32-x86_64\bin;C:\WINDOWS\SYSTEM32;C:\WINDOWS\WinSxS\amd64_microsoft.windows.common-controls_6595b64144ccf1df_6.0.26100.4202_none_3e0698d4e335f517;c:\Users\Admin\.cursor\extensions\redhat.java-1.42.0-win32-x64\jre\21.0.7-win32-x86_64\bin\server;C:\Users\Admin\AppData\Roaming\Cursor\User\globalStorage\redhat.java\1.42.0\config_win\org.eclipse.equinox.launcher\org.eclipse.equinox.launcher.win32.win32.x86_64_1.2.1300.v20250331-1702;C:\Users\Admin\AppData\Local\Temp\jna-63116079

VM Arguments:
jvm_args: --add-modules=ALL-SYSTEM --add-opens=java.base/java.util=ALL-UNNAMED --add-opens=java.base/java.lang=ALL-UNNAMED --add-opens=java.base/sun.nio.fs=ALL-UNNAMED -Declipse.application=org.eclipse.jdt.ls.core.id1 -Dosgi.bundles.defaultStartLevel=4 -Declipse.product=org.eclipse.jdt.ls.core.product -Djava.import.generatesMetadataFilesAtProjectRoot=false -DDetectVMInstallationsJob.disabled=true -Dfile.encoding=utf8 -XX:+UseParallelGC -XX:GCTimeRatio=4 -XX:AdaptiveSizePolicyWeight=90 -Dsun.zip.disableMemoryMapping=true -Xmx1G -Xms100m -Xlog:disable -javaagent:c:\Users\Admin\.cursor\extensions\redhat.java-1.42.0-win32-x64\lombok\lombok-1.18.36.jar -XX:+HeapDumpOnOutOfMemoryError -XX:HeapDumpPath=c:\Users\Admin\AppData\Roaming\Cursor\User\workspaceStorage\51372793df0df913fdf94454c87fede8\redhat.java -Daether.dependencyCollector.impl=bf 
java_command: c:\Users\Admin\.cursor\extensions\redhat.java-1.42.0-win32-x64\server\plugins\org.eclipse.equinox.launcher_1.7.0.v20250424-1814.jar -configuration c:\Users\Admin\AppData\Roaming\Cursor\User\globalStorage\redhat.java\1.42.0\config_win -data c:\Users\Admin\AppData\Roaming\Cursor\User\workspaceStorage\51372793df0df913fdf94454c87fede8\redhat.java\jdt_ws --pipe=\\.\pipe\lsp-e1aa4bf71bd4e7f6aef838bb8329c5d3-sock
java_class_path (initial): c:\Users\Admin\.cursor\extensions\redhat.java-1.42.0-win32-x64\server\plugins\org.eclipse.equinox.launcher_1.7.0.v20250424-1814.jar
Launcher Type: SUN_STANDARD

[Global flags]
    uintx AdaptiveSizePolicyWeight                 = 90                                        {product} {command line}
     intx CICompilerCount                          = 15                                        {product} {ergonomic}
    uintx GCTimeRatio                              = 4                                         {product} {command line}
     bool HeapDumpOnOutOfMemoryError               = true                                   {manageable} {command line}
    ccstr HeapDumpPath                             = c:\Users\Admin\AppData\Roaming\Cursor\User\workspaceStorage\51372793df0df913fdf94454c87fede8\redhat.java         {manageable} {command line}
   size_t InitialHeapSize                          = 104857600                                 {product} {command line}
   size_t MaxHeapSize                              = 1073741824                                {product} {command line}
   size_t MaxNewSize                               = 357564416                                 {product} {ergonomic}
   size_t MinHeapDeltaBytes                        = 524288                                    {product} {ergonomic}
   size_t MinHeapSize                              = 104857600                                 {product} {command line}
   size_t NewSize                                  = 34603008                                  {product} {ergonomic}
    uintx NonNMethodCodeHeapSize                   = 8192380                                {pd product} {ergonomic}
    uintx NonProfiledCodeHeapSize                  = 121732930                              {pd product} {ergonomic}
   size_t OldSize                                  = 70254592                                  {product} {ergonomic}
    uintx ProfiledCodeHeapSize                     = 121732930                              {pd product} {ergonomic}
    uintx ReservedCodeCacheSize                    = 251658240                              {pd product} {ergonomic}
     bool SegmentedCodeCache                       = true                                      {product} {ergonomic}
   size_t SoftMaxHeapSize                          = 1073741824                             {manageable} {ergonomic}
     bool UseCompressedOops                        = true                           {product lp64_product} {ergonomic}
     bool UseLargePagesIndividualAllocation        = false                                  {pd product} {ergonomic}
     bool UseParallelGC                            = true                                      {product} {command line}

Logging:
Log output configuration:
 #0: stdout all=off uptime,level,tags foldmultilines=false
 #1: stderr all=off uptime,level,tags foldmultilines=false

Environment Variables:
PATH=C:\Program Files\Common Files\Oracle\Java\javapath;C:\Program Files\NVIDIA GPU Computing Toolkit\CUDA\v12.6\bin;C:\Program Files\NVIDIA GPU Computing Toolkit\CUDA\v12.6\libnvvp;C:\Program Files\Microsoft MPI\Bin\;C:\WINDOWS\system32;C:\WINDOWS;C:\WINDOWS\System32\Wbem;C:\WINDOWS\System32\WindowsPowerShell\v1.0\;C:\WINDOWS\System32\OpenSSH\;C:\Program Files (x86)\Microsoft SQL Server\160\Tools\Binn\;C:\Program Files\Microsoft SQL Server\160\Tools\Binn\;C:\Program Files\Microsoft SQL Server\Client SDK\ODBC\170\Tools\Binn\;C:\Program Files\Microsoft SQL Server\160\DTS\Binn\;C:\Program Files (x86)\Microsoft SQL Server\160\DTS\Binn\;C:\Program Files\dotnet\;C:\Program Files\Git\cmd;C:\Program Files\Microsoft SQL Server\150\Tools\Binn\;C:\Strawberry\c\bin;C:\Strawberry\perl\site\bin;C:\Strawberry\perl\bin;C:\Users\Admin\AppData\Local\Programs\MiKTeX\miktex\bin\x64;C:\Program Files\NVIDIA Corporation\Nsight Compute 2024.3.2\;C:\Program Files (x86)\NVIDIA Corporation\PhysX\Common;C:\Program Files\NVIDIA Corporation\NVIDIA app\NvDLISR;C:\Program Files\Docker\Docker\resources\bin;C:\Program Files\Java\jdk-23\bin;C:\Users\Admin\AppData\Local\Packages\PythonSoftwareFoundation.Python.3.11_qbz5n2kfra8p0\LocalCache\local-packages\Python311\Scripts;c:\Users\Admin\AppData\Local\Programs\cursor\resources\app\bin;C:\Program Files\nodejs\;C:\Program Files\MongoDB\Server\8.0\bin;C:\Users\Admin\AppData\Local\Microsoft\WindowsApps;C:\Storage\Apps\Microsoft VS Code\bin;C:\Users\Admin\.dotnet\tools;C:\Program Files (x86)\Dev-Cpp\MinGW64\bin;C:\Users\Admin\AppData\Local\Programs\MiKTeX\miktex\bin\x64\;C:\Users\Admin\AppData\Local\Programs\cursor\resources\app\bin;C:\Users\Admin\AppData\Roaming\npm;C:\Program Files\JetBrains\IntelliJ IDEA 2024.3.5\bin;;C:\Program Files\mongosh\
USERNAME=Admin
OS=Windows_NT
PROCESSOR_IDENTIFIER=Intel64 Family 6 Model 183 Stepping 1, GenuineIntel
TMP=C:\Users\Admin\AppData\Local\Temp
TEMP=C:\Users\Admin\AppData\Local\Temp




Periodic native trim disabled

---------------  S Y S T E M  ---------------

OS:
 Windows 11 , 64 bit Build 26100 (10.0.26100.4202)
OS uptime: 1 days 15:08 hours
Hyper-V role detected

CPU: total 32 (initial active 32) (16 cores per cpu, 2 threads per core) family 6 model 183 stepping 1 microcode 0x11f, cx8, cmov, fxsr, ht, mmx, 3dnowpref, sse, sse2, sse3, ssse3, sse4.1, sse4.2, popcnt, lzcnt, tsc, tscinvbit, avx, avx2, aes, erms, clmul, bmi1, bmi2, adx, sha, fma, vzeroupper, clflush, clflushopt, clwb, hv, serialize, rdtscp, rdpid, fsrm, f16c, cet_ibt, cet_ss
Processor Information for processor 0
  Max Mhz: 2200, Current Mhz: 2200, Mhz Limit: 2200
Processor Information for processor 1
  Max Mhz: 2200, Current Mhz: 2200, Mhz Limit: 2200
Processor Information for processor 2
  Max Mhz: 2200, Current Mhz: 1466, Mhz Limit: 2200
Processor Information for processor 3
  Max Mhz: 2200, Current Mhz: 1466, Mhz Limit: 2200
Processor Information for processor 4
  Max Mhz: 2200, Current Mhz: 1466, Mhz Limit: 2200
Processor Information for processor 5
  Max Mhz: 2200, Current Mhz: 2200, Mhz Limit: 2200
Processor Information for processor 6
  Max Mhz: 2200, Current Mhz: 2200, Mhz Limit: 2200
Processor Information for processor 7
  Max Mhz: 2200, Current Mhz: 2200, Mhz Limit: 2200
Processor Information for processor 8
  Max Mhz: 2200, Current Mhz: 2200, Mhz Limit: 2200
Processor Information for processor 9
  Max Mhz: 2200, Current Mhz: 2200, Mhz Limit: 2200
Processor Information for processor 10
  Max Mhz: 2200, Current Mhz: 2200, Mhz Limit: 2200
Processor Information for processor 11
  Max Mhz: 2200, Current Mhz: 2200, Mhz Limit: 2200
Processor Information for processor 12
  Max Mhz: 2200, Current Mhz: 2200, Mhz Limit: 2200
Processor Information for processor 13
  Max Mhz: 2200, Current Mhz: 2200, Mhz Limit: 2200
Processor Information for processor 14
  Max Mhz: 2200, Current Mhz: 2200, Mhz Limit: 2200
Processor Information for processor 15
  Max Mhz: 2200, Current Mhz: 2200, Mhz Limit: 2200
Processor Information for processor 16
  Max Mhz: 2200, Current Mhz: 1500, Mhz Limit: 1584
Processor Information for processor 17
  Max Mhz: 2200, Current Mhz: 1600, Mhz Limit: 1584
Processor Information for processor 18
  Max Mhz: 2200, Current Mhz: 1500, Mhz Limit: 1584
Processor Information for processor 19
  Max Mhz: 2200, Current Mhz: 1500, Mhz Limit: 1584
Processor Information for processor 20
  Max Mhz: 2200, Current Mhz: 1600, Mhz Limit: 1584
Processor Information for processor 21
  Max Mhz: 2200, Current Mhz: 1600, Mhz Limit: 1584
Processor Information for processor 22
  Max Mhz: 2200, Current Mhz: 1600, Mhz Limit: 1584
Processor Information for processor 23
  Max Mhz: 2200, Current Mhz: 1600, Mhz Limit: 1584
Processor Information for processor 24
  Max Mhz: 2200, Current Mhz: 1600, Mhz Limit: 1584
Processor Information for processor 25
  Max Mhz: 2200, Current Mhz: 1600, Mhz Limit: 1584
Processor Information for processor 26
  Max Mhz: 2200, Current Mhz: 1600, Mhz Limit: 1584
Processor Information for processor 27
  Max Mhz: 2200, Current Mhz: 1600, Mhz Limit: 1584
Processor Information for processor 28
  Max Mhz: 2200, Current Mhz: 1500, Mhz Limit: 1584
Processor Information for processor 29
  Max Mhz: 2200, Current Mhz: 1500, Mhz Limit: 1584
Processor Information for processor 30
  Max Mhz: 2200, Current Mhz: 1500, Mhz Limit: 1584
Processor Information for processor 31
  Max Mhz: 2200, Current Mhz: 1500, Mhz Limit: 1584

Memory: 4k page, system-wide physical 16088M (5646M free)
TotalPageFile size 31960M (AvailPageFile size 13677M)
current process WorkingSet (physical memory assigned to process): 766M, peak: 919M
current process commit charge ("private bytes"): 1061M, peak: 1069M

vm_info: OpenJDK 64-Bit Server VM (21.0.7+6-LTS) for windows-amd64 JRE (21.0.7+6-LTS), built on 2025-04-15T00:00:00Z by "admin" with MS VC++ 17.7 (VS2022)

END.
