#
# A fatal error has been detected by the Java Runtime Environment:
#
#  EXCEPTION_ACCESS_VIOLATION (0xc0000005) at pc=0x0000000000000038, pid=40596, tid=25660
#
# JRE version: OpenJDK Runtime Environment Temurin-21.0.7+6 (21.0.7+6) (build 21.0.7+6-LTS)
# Java VM: OpenJDK 64-Bit Server VM Temurin-21.0.7+6 (21.0.7+6-LTS, mixed mode, sharing, tiered, compressed oops, compressed class ptrs, parallel gc, windows-amd64)
# Problematic frame:
# C  0x0000000000000024
#
# No core dump will be written. Minidumps are not enabled by default on client versions of Windows
#
# If you would like to submit a bug report, please visit:
#   https://github.com/adoptium/adoptium-support/issues
#

---------------  S U M M A R Y ------------

Command Line: --add-modules=ALL-SYSTEM --add-opens=java.base/java.util=ALL-UNNAMED --add-opens=java.base/java.lang=ALL-UNNAMED --add-opens=java.base/sun.nio.fs=ALL-UNNAMED -Declipse.application=org.eclipse.jdt.ls.core.id1 -Dosgi.bundles.defaultStartLevel=4 -Declipse.product=org.eclipse.jdt.ls.core.product -Djava.import.generatesMetadataFilesAtProjectRoot=false -DDetectVMInstallationsJob.disabled=true -Dfile.encoding=utf8 -XX:+UseParallelGC -XX:GCTimeRatio=4 -XX:AdaptiveSizePolicyWeight=90 -Dsun.zip.disableMemoryMapping=true -Xmx2G -Xms100m -Xlog:disable -javaagent:c:\Users\Admin\.cursor\extensions\redhat.java-1.43.0-win32-x64\lombok\lombok-1.18.39-4050.jar -XX:+HeapDumpOnOutOfMemoryError -XX:HeapDumpPath=c:\Users\Admin\AppData\Roaming\Cursor\User\workspaceStorage\51372793df0df913fdf94454c87fede8\redhat.java -Daether.dependencyCollector.impl=bf c:\Users\Admin\.cursor\extensions\redhat.java-1.43.0-win32-x64\server\plugins\org.eclipse.equinox.launcher_1.7.0.v20250519-0528.jar -configuration c:\Users\Admin\AppData\Roaming\Cursor\User\globalStorage\redhat.java\1.43.0\config_win -data c:\Users\Admin\AppData\Roaming\Cursor\User\workspaceStorage\51372793df0df913fdf94454c87fede8\redhat.java\jdt_ws --pipe=\\.\pipe\lsp-fcf8a534218ad152927e7771b39d5bed-sock

Host: Intel(R) Core(TM) i9-14900HX, 32 cores, 15G,  Windows 11 , 64 bit Build 26100 (10.0.26100.4484)
Time: Sun Jun 29 23:44:54 2025 SE Asia Standard Time elapsed time: 717.467452 seconds (0d 0h 11m 57s)

---------------  T H R E A D  ---------------

Current thread (0x0000021e6322e5b0):  JavaThread "C2 CompilerThread0" daemon [_thread_in_native, id=25660, stack(0x0000003847d00000,0x0000003847e00000) (1024K)]


Current CompileTask:
C2:717467 25713   !   4       org.eclipse.jdt.internal.core.JavaModelManager::determineIfOnClasspath (399 bytes)

Stack: [0x0000003847d00000,0x0000003847e00000],  sp=0x0000003847dfafc8,  free space=1003k
Native frames: (J=compiled Java code, j=interpreted, Vv=VM code, C=native code)
C  0x0000000000000038


siginfo: EXCEPTION_ACCESS_VIOLATION (0xc0000005), data execution prevention violation at address 0x0000000000000038


Registers:
RAX=0x0000021e7f67fab0, RBX=0x0000021e7f67fa28, RCX=0x0000000000000004, RDX=0x0000000000000001
RSP=0x0000003847dfafc0, RBP=0x0000003847dfb5a0, RSI=0x0000003847dfb5a0, RDI=0x0000021e7f67f790
R8 =0x0000000000000000, R9 =0x0000021e7f67fca0, R10=0x00007ff96e8e0000, R11=0x00007ff96e8f1a37
R12=0x0000000000000024, R13=0x0000000000000001, R14=0x0000000000000000, R15=0x00007ff8a1d8d218
RIP=0x0000000000000038, EFLAGS=0x0000000000010206

XMM[0]=0x0000000000000000 0x0000000000000000
XMM[1]=0x0000043cf60f1838 0x00000879ec1e1a00
XMM[2]=0x0000021e7b078170 0x0000021e7b078090
XMM[3]=0x0000000000000000 0x000000003f7fffef
XMM[4]=0x0000021e45fc9cb0 0x0000021e45fc9cb0
XMM[5]=0x0000021e7f67db00 0x0000021e7f67d2c0
XMM[6]=0x0000000000000000 0x000000003f7ffe93
XMM[7]=0x0000000000000000 0x0000000000000000
XMM[8]=0x0000000000000000 0x0000000000000000
XMM[9]=0x0000000000000000 0x0000000000000000
XMM[10]=0x0000000000000000 0x0000000000000000
XMM[11]=0x0000000000000000 0x0000000000000000
XMM[12]=0x0000000000000000 0x0000000000000000
XMM[13]=0x0000000000000000 0x0000000000000000
XMM[14]=0x0000000000000000 0x0000000000000000
XMM[15]=0x0000000000000000 0x0000000000000000
  MXCSR=0x00001fb2


Register to memory mapping:

RAX=0x0000021e7f67fab0 points into unknown readable memory: 0x00007ff8a1e95538 | 38 55 e9 a1 f8 7f 00 00
RBX=0x0000021e7f67fa28 points into unknown readable memory: 0x00007ff8a1d8d218 | 18 d2 d8 a1 f8 7f 00 00
RCX=0x0000000000000004 is an unknown value
RDX=0x0000000000000001 is an unknown value
RSP=0x0000003847dfafc0 is pointing into the stack for thread: 0x0000021e6322e5b0
RBP=0x0000003847dfb5a0 is pointing into the stack for thread: 0x0000021e6322e5b0
RSI=0x0000003847dfb5a0 is pointing into the stack for thread: 0x0000021e6322e5b0
RDI=0x0000021e7f67f790 points into unknown readable memory: 0x00007ff8a1e1b0e8 | e8 b0 e1 a1 f8 7f 00 00
R8 =0x0 is null
R9 =0x0000021e7f67fca0 points into unknown readable memory: 0x0000021e45fc9078 | 78 90 fc 45 1e 02 00 00
R10=0x00007ff96e8e0000 VCRUNTIME140.dll
R11=0x00007ff96e8f1a37 VCRUNTIME140.dll
R12=0x0000000000000024 is an unknown value
R13=0x0000000000000001 is an unknown value
R14=0x0 is null
R15=0x00007ff8a1d8d218 jvm.dll

Top of Stack: (sp=0x0000003847dfafc0)
0x0000003847dfafc0:   0000000000000024 00007ff8a1d8d218
0x0000003847dfafd0:   0000021e7f67fa28 0000003847dfd8d0
0x0000003847dfafe0:   0000000000000000 00007ff8a17bcd43
0x0000003847dfaff0:   0000021e7f67fa28 0000021e7f67f468
0x0000003847dfb000:   0000003847dfb5a0 0000021e7f67f790
0x0000003847dfb010:   0000003847dfb5a0 0000021e7f67f468
0x0000003847dfb020:   0000000000000000 00007ff8a17b8ccf
0x0000003847dfb030:   0000021e7f67f790 00007ff8a1d8d218
0x0000003847dfb040:   0000000000000001 0000021e5290f928
0x0000003847dfb050:   0000000000000000 0000021e7b0636b0
0x0000003847dfb060:   0000000000000000 00000000ffffffff
0x0000003847dfb070:   0000000000000000 0000000000000000
0x0000003847dfb080:   0000021e6d7c3a00 00007ff8a17be5ef
0x0000003847dfb090:   0000021e52184aa8 00000000ffffff01
0x0000003847dfb0a0:   00000000ffffff6e 0000003847dfb5a0
0x0000003847dfb0b0:   00007ff8a1e1c710 0000000000000000
0x0000003847dfb0c0:   0000021e52184aa8 0000000000000000
0x0000003847dfb0d0:   0000000000000000 0000000000000000
0x0000003847dfb0e0:   0000000000000000 0000000000000000
0x0000003847dfb0f0:   0000000000000000 0000000000000000
0x0000003847dfb100:   0000021e7f67f468 0000021e5705ee98
0x0000003847dfb110:   0000021e7f67f468 00007ff8a1a8dc63
0x0000003847dfb120:   0000021e5705ee98 00007ff8a1a8b7fb
0x0000003847dfb130:   0000021e7f67f468 0000000000000038
0x0000003847dfb140:   0000021e7f67f468 00007ff8a1ac870d
0x0000003847dfb150:   0000021e7f67f6e8 0000021e6322ee30
0x0000003847dfb160:   0000000000000037 0000000000000038
0x0000003847dfb170:   00000ee31b0ab76e 00007ff8a14acbc8
0x0000003847dfb180:   000000003f7ffe93 0000000000000000
0x0000003847dfb190:   0000000000000005 0000021e7f67f388
0x0000003847dfb1a0:   0000000000000001 0000021e7f67f400
0x0000003847dfb1b0:   0000000000000012 0000000000000005 

Instructions: (pc=0x0000000000000024)
0xffffffffffffff24:   


Stack slot to memory mapping:

stack at sp + 0 slots: 0x00007ff8a1d8d218 jvm.dll
stack at sp + 1 slots: 0x0000021e7f67fa28 points into unknown readable memory: 0x00007ff8a1d8d218 | 18 d2 d8 a1 f8 7f 00 00
stack at sp + 2 slots: 0x0000003847dfd8d0 is pointing into the stack for thread: 0x0000021e6322e5b0
stack at sp + 3 slots: 0x0 is null
stack at sp + 4 slots: 0x00007ff8a17bcd43 jvm.dll
stack at sp + 5 slots: 0x0000021e7f67fa28 points into unknown readable memory: 0x00007ff8a1d8d218 | 18 d2 d8 a1 f8 7f 00 00
stack at sp + 6 slots: 0x0000021e7f67f468 points into unknown readable memory: 0x00007ff8a1e95538 | 38 55 e9 a1 f8 7f 00 00
stack at sp + 7 slots: 0x0000003847dfb5a0 is pointing into the stack for thread: 0x0000021e6322e5b0


---------------  P R O C E S S  ---------------

Threads class SMR info:
_java_thread_list=0x0000021e54f937e0, length=111, elements={
0x0000021e6316ca50, 0x0000021e6311e5e0, 0x0000021e632144e0, 0x0000021e63217a30,
0x0000021e63218680, 0x0000021e63225c30, 0x0000021e63223be0, 0x0000021e6322e5b0,
0x0000021e7b035550, 0x0000021e7b1136b0, 0x0000021e7e912d20, 0x0000021e7f624010,
0x0000021e7f5b2010, 0x0000021e7e8a7c00, 0x0000021e7f06e9a0, 0x0000021e7ea26b80,
0x0000021e7f884cf0, 0x0000021e7ef4d1f0, 0x0000021e7ef4e5a0, 0x0000021e7ef4cb60,
0x0000021e7fa0c3d0, 0x0000021e7fa0a300, 0x0000021e7fa0b020, 0x0000021e7fa0a990,
0x0000021e7fa08f50, 0x0000021e7fa0eb30, 0x0000021e7fa0e4a0, 0x0000021e7fa0d0f0,
0x0000021e7fa0f1c0, 0x0000021e7fa0d780, 0x0000021e7fa0fee0, 0x0000021e7fa0de10,
0x0000021e7fa0f850, 0x0000021e7fa0ca60, 0x0000021e7fa10570, 0x0000021e47f5eb50,
0x0000021e47f612b0, 0x0000021e47f61fd0, 0x0000021e47f60590, 0x0000021e47f61940,
0x0000021e47f62660, 0x0000021e47f60c20, 0x0000021e47f5f1e0, 0x0000021e47f62cf0,
0x0000021e47f5f870, 0x0000021e47f63380, 0x0000021e47f5ff00, 0x0000021e47f65450,
0x0000021e47f64730, 0x0000021e47f65ae0, 0x0000021e47f640a0, 0x0000021e47f64dc0,
0x0000021e47f63a10, 0x0000021e47f66170, 0x0000021e5291e670, 0x0000021e529200b0,
0x0000021e5291dfe0, 0x0000021e52924250, 0x0000021e52922180, 0x0000021e52923530,
0x0000021e52923bc0, 0x0000021e52921af0, 0x0000021e468add70, 0x0000021e468ab610,
0x0000021e468ac330, 0x0000021e468ad6e0, 0x0000021e468aea90, 0x0000021e468ae400,
0x0000021e468ad050, 0x0000021e468abca0, 0x0000021e468b04d0, 0x0000021e468afe40,
0x0000021e468b11f0, 0x0000021e468b1880, 0x0000021e468b1f10, 0x0000021e468b25a0,
0x0000021e541ad290, 0x0000021e541adfb0, 0x0000021e541ae640, 0x0000021e541aecd0,
0x0000021e541ab850, 0x0000021e541af360, 0x0000021e541af9f0, 0x0000021e480fc9e0,
0x0000021e480ffe60, 0x0000021e480fe420, 0x0000021e481004f0, 0x0000021e48101210,
0x0000021e48100b80, 0x0000021e481025c0, 0x0000021e481032e0, 0x0000021e5291fa20,
0x0000021e5484c060, 0x0000021e5484cd80, 0x0000021e5484e130, 0x0000021e5484ee50,
0x0000021e5484fb70, 0x0000021e548515b0, 0x0000021e5484e7c0, 0x0000021e54853680,
0x0000021e54855de0, 0x0000021e548543a0, 0x0000021e54852ff0, 0x0000021e54859260,
0x0000021e54858540, 0x0000021e548598f0, 0x0000021e54859f80, 0x0000021e54856b00,
0x0000021e54857eb0, 0x0000021e45f74590, 0x0000021e45f74c20
}

Java Threads: ( => current thread )
  0x0000021e6316ca50 JavaThread "main"                              [_thread_blocked, id=3764, stack(0x0000003847300000,0x0000003847400000) (1024K)]
  0x0000021e6311e5e0 JavaThread "Reference Handler"          daemon [_thread_blocked, id=41380, stack(0x0000003847700000,0x0000003847800000) (1024K)]
  0x0000021e632144e0 JavaThread "Finalizer"                  daemon [_thread_blocked, id=40492, stack(0x0000003847800000,0x0000003847900000) (1024K)]
  0x0000021e63217a30 JavaThread "Signal Dispatcher"          daemon [_thread_blocked, id=38056, stack(0x0000003847900000,0x0000003847a00000) (1024K)]
  0x0000021e63218680 JavaThread "Attach Listener"            daemon [_thread_blocked, id=40728, stack(0x0000003847a00000,0x0000003847b00000) (1024K)]
  0x0000021e63225c30 JavaThread "Service Thread"             daemon [_thread_blocked, id=27884, stack(0x0000003847b00000,0x0000003847c00000) (1024K)]
  0x0000021e63223be0 JavaThread "Monitor Deflation Thread"   daemon [_thread_blocked, id=41136, stack(0x0000003847c00000,0x0000003847d00000) (1024K)]
=>0x0000021e6322e5b0 JavaThread "C2 CompilerThread0"         daemon [_thread_in_native, id=25660, stack(0x0000003847d00000,0x0000003847e00000) (1024K)]
  0x0000021e7b035550 JavaThread "C1 CompilerThread0"         daemon [_thread_blocked, id=38500, stack(0x0000003847e00000,0x0000003847f00000) (1024K)]
  0x0000021e7b1136b0 JavaThread "Common-Cleaner"             daemon [_thread_blocked, id=2796, stack(0x0000003848100000,0x0000003848200000) (1024K)]
  0x0000021e7e912d20 JavaThread "Notification Thread"        daemon [_thread_blocked, id=31336, stack(0x0000003848500000,0x0000003848600000) (1024K)]
  0x0000021e7f624010 JavaThread "Active Thread: Equinox Container: 6e85e631-361e-4e4b-8383-ff22d4a2a268"        [_thread_blocked, id=39024, stack(0x0000003848f00000,0x0000003849000000) (1024K)]
  0x0000021e7f5b2010 JavaThread "Refresh Thread: Equinox Container: 6e85e631-361e-4e4b-8383-ff22d4a2a268" daemon [_thread_blocked, id=38956, stack(0x0000003847f00000,0x0000003848000000) (1024K)]
  0x0000021e7e8a7c00 JavaThread "Framework Event Dispatcher: Equinox Container: 6e85e631-361e-4e4b-8383-ff22d4a2a268" daemon [_thread_blocked, id=31092, stack(0x0000003848000000,0x0000003848100000) (1024K)]
  0x0000021e7f06e9a0 JavaThread "Start Level: Equinox Container: 6e85e631-361e-4e4b-8383-ff22d4a2a268" daemon [_thread_blocked, id=14960, stack(0x0000003848200000,0x0000003848300000) (1024K)]
  0x0000021e7ea26b80 JavaThread "Bundle File Closer"         daemon [_thread_blocked, id=41876, stack(0x0000003849100000,0x0000003849200000) (1024K)]
  0x0000021e7f884cf0 JavaThread "SCR Component Actor"        daemon [_thread_blocked, id=41584, stack(0x0000003848e00000,0x0000003848f00000) (1024K)]
  0x0000021e7ef4d1f0 JavaThread "Worker-JM"                         [_thread_blocked, id=39452, stack(0x0000003849500000,0x0000003849600000) (1024K)]
  0x0000021e7ef4e5a0 JavaThread "JNA Cleaner"                daemon [_thread_blocked, id=41164, stack(0x0000003849c00000,0x0000003849d00000) (1024K)]
  0x0000021e7ef4cb60 JavaThread "Java indexing"              daemon [_thread_blocked, id=41896, stack(0x000000384a700000,0x000000384a800000) (1024K)]
  0x0000021e7fa0c3d0 JavaThread "Thread-2"                   daemon [_thread_in_native, id=35896, stack(0x000000384b000000,0x000000384b100000) (1024K)]
  0x0000021e7fa0a300 JavaThread "Thread-3"                   daemon [_thread_in_native, id=38248, stack(0x000000384b100000,0x000000384b200000) (1024K)]
  0x0000021e7fa0b020 JavaThread "Thread-4"                   daemon [_thread_in_native, id=41632, stack(0x000000384b200000,0x000000384b300000) (1024K)]
  0x0000021e7fa0a990 JavaThread "Thread-5"                   daemon [_thread_in_native, id=24456, stack(0x000000384b300000,0x000000384b400000) (1024K)]
  0x0000021e7fa08f50 JavaThread "Thread-6"                   daemon [_thread_in_native, id=25960, stack(0x000000384b400000,0x000000384b500000) (1024K)]
  0x0000021e7fa0eb30 JavaThread "Thread-7"                   daemon [_thread_in_native, id=14684, stack(0x000000384b500000,0x000000384b600000) (1024K)]
  0x0000021e7fa0e4a0 JavaThread "Thread-8"                   daemon [_thread_in_native, id=40820, stack(0x000000384b600000,0x000000384b700000) (1024K)]
  0x0000021e7fa0d0f0 JavaThread "Thread-9"                   daemon [_thread_in_native, id=24508, stack(0x000000384b700000,0x000000384b800000) (1024K)]
  0x0000021e7fa0f1c0 JavaThread "Thread-10"                  daemon [_thread_in_native, id=40672, stack(0x000000384b800000,0x000000384b900000) (1024K)]
  0x0000021e7fa0d780 JavaThread "Thread-11"                  daemon [_thread_in_native, id=39544, stack(0x000000384b900000,0x000000384ba00000) (1024K)]
  0x0000021e7fa0fee0 JavaThread "Thread-12"                  daemon [_thread_in_native, id=24396, stack(0x000000384ba00000,0x000000384bb00000) (1024K)]
  0x0000021e7fa0de10 JavaThread "Thread-13"                  daemon [_thread_in_native, id=39044, stack(0x000000384bb00000,0x000000384bc00000) (1024K)]
  0x0000021e7fa0f850 JavaThread "Thread-14"                  daemon [_thread_in_native, id=5196, stack(0x000000384bc00000,0x000000384bd00000) (1024K)]
  0x0000021e7fa0ca60 JavaThread "Thread-15"                  daemon [_thread_in_native, id=20336, stack(0x000000384bd00000,0x000000384be00000) (1024K)]
  0x0000021e7fa10570 JavaThread "Thread-16"                  daemon [_thread_in_native, id=40360, stack(0x000000384be00000,0x000000384bf00000) (1024K)]
  0x0000021e47f5eb50 JavaThread "Thread-17"                  daemon [_thread_in_native, id=31716, stack(0x000000384bf00000,0x000000384c000000) (1024K)]
  0x0000021e47f612b0 JavaThread "Thread-18"                  daemon [_thread_in_native, id=41052, stack(0x000000384c000000,0x000000384c100000) (1024K)]
  0x0000021e47f61fd0 JavaThread "Thread-19"                  daemon [_thread_in_native, id=39156, stack(0x000000384c100000,0x000000384c200000) (1024K)]
  0x0000021e47f60590 JavaThread "Thread-20"                  daemon [_thread_in_native, id=37108, stack(0x000000384c200000,0x000000384c300000) (1024K)]
  0x0000021e47f61940 JavaThread "Thread-21"                  daemon [_thread_in_native, id=30696, stack(0x000000384c300000,0x000000384c400000) (1024K)]
  0x0000021e47f62660 JavaThread "Thread-22"                  daemon [_thread_in_native, id=37876, stack(0x000000384c400000,0x000000384c500000) (1024K)]
  0x0000021e47f60c20 JavaThread "Thread-23"                  daemon [_thread_in_native, id=16132, stack(0x000000384c500000,0x000000384c600000) (1024K)]
  0x0000021e47f5f1e0 JavaThread "Thread-24"                  daemon [_thread_in_native, id=41200, stack(0x000000384c600000,0x000000384c700000) (1024K)]
  0x0000021e47f62cf0 JavaThread "Thread-25"                  daemon [_thread_in_native, id=36932, stack(0x000000384c700000,0x000000384c800000) (1024K)]
  0x0000021e47f5f870 JavaThread "Thread-26"                  daemon [_thread_in_native, id=27224, stack(0x000000384c800000,0x000000384c900000) (1024K)]
  0x0000021e47f63380 JavaThread "Thread-27"                  daemon [_thread_in_native, id=22316, stack(0x000000384c900000,0x000000384ca00000) (1024K)]
  0x0000021e47f5ff00 JavaThread "Thread-28"                  daemon [_thread_in_native, id=39092, stack(0x000000384ca00000,0x000000384cb00000) (1024K)]
  0x0000021e47f65450 JavaThread "Thread-29"                  daemon [_thread_in_native, id=12752, stack(0x000000384cb00000,0x000000384cc00000) (1024K)]
  0x0000021e47f64730 JavaThread "Thread-30"                  daemon [_thread_in_native, id=25584, stack(0x000000384cc00000,0x000000384cd00000) (1024K)]
  0x0000021e47f65ae0 JavaThread "Thread-31"                  daemon [_thread_in_native, id=39980, stack(0x000000384cd00000,0x000000384ce00000) (1024K)]
  0x0000021e47f640a0 JavaThread "Thread-32"                  daemon [_thread_in_native, id=40020, stack(0x000000384ce00000,0x000000384cf00000) (1024K)]
  0x0000021e47f64dc0 JavaThread "Thread-33"                  daemon [_thread_in_native, id=25564, stack(0x000000384cf00000,0x000000384d000000) (1024K)]
  0x0000021e47f63a10 JavaThread "Thread-34"                  daemon [_thread_in_native, id=14696, stack(0x000000384d000000,0x000000384d100000) (1024K)]
  0x0000021e47f66170 JavaThread "pool-2-thread-1"                   [_thread_blocked, id=38948, stack(0x000000384d300000,0x000000384d400000) (1024K)]
  0x0000021e5291e670 JavaThread "WorkspaceEventsHandler"            [_thread_blocked, id=40800, stack(0x000000384d800000,0x000000384d900000) (1024K)]
  0x0000021e529200b0 JavaThread "pool-1-thread-1"                   [_thread_blocked, id=38880, stack(0x000000384d900000,0x000000384da00000) (1024K)]
  0x0000021e5291dfe0 JavaThread "Worker-6"                          [_thread_blocked, id=22816, stack(0x000000384da00000,0x000000384db00000) (1024K)]
  0x0000021e52924250 JavaThread "LocalFile Deleter"          daemon [_thread_blocked, id=39680, stack(0x000000384de00000,0x000000384df00000) (1024K)]
  0x0000021e52922180 JavaThread "LocalFile Deleter"          daemon [_thread_blocked, id=28504, stack(0x000000384e000000,0x000000384e100000) (1024K)]
  0x0000021e52923530 JavaThread "LocalFile Deleter"          daemon [_thread_blocked, id=41792, stack(0x000000384e200000,0x000000384e300000) (1024K)]
  0x0000021e52923bc0 JavaThread "LocalFile Deleter"          daemon [_thread_blocked, id=35148, stack(0x000000384e300000,0x000000384e400000) (1024K)]
  0x0000021e52921af0 JavaThread "LocalFile Deleter"          daemon [_thread_blocked, id=39948, stack(0x000000384e400000,0x000000384e500000) (1024K)]
  0x0000021e468add70 JavaThread "LocalFile Deleter"          daemon [_thread_blocked, id=38696, stack(0x000000384e600000,0x000000384e700000) (1024K)]
  0x0000021e468ab610 JavaThread "LocalFile Deleter"          daemon [_thread_blocked, id=27492, stack(0x000000384e700000,0x000000384e800000) (1024K)]
  0x0000021e468ac330 JavaThread "LocalFile Deleter"          daemon [_thread_blocked, id=41596, stack(0x000000384e900000,0x000000384ea00000) (1024K)]
  0x0000021e468ad6e0 JavaThread "LocalFile Deleter"          daemon [_thread_blocked, id=39164, stack(0x000000384ea00000,0x000000384eb00000) (1024K)]
  0x0000021e468aea90 JavaThread "LocalFile Deleter"          daemon [_thread_blocked, id=41236, stack(0x000000384eb00000,0x000000384ec00000) (1024K)]
  0x0000021e468ae400 JavaThread "LocalFile Deleter"          daemon [_thread_blocked, id=28028, stack(0x000000384ec00000,0x000000384ed00000) (1024K)]
  0x0000021e468ad050 JavaThread "LocalFile Deleter"          daemon [_thread_blocked, id=11908, stack(0x000000384ee00000,0x000000384ef00000) (1024K)]
  0x0000021e468abca0 JavaThread "LocalFile Deleter"          daemon [_thread_blocked, id=31152, stack(0x000000384ef00000,0x000000384f000000) (1024K)]
  0x0000021e468b04d0 JavaThread "LocalFile Deleter"          daemon [_thread_blocked, id=36660, stack(0x000000384f000000,0x000000384f100000) (1024K)]
  0x0000021e468afe40 JavaThread "LocalFile Deleter"          daemon [_thread_blocked, id=38920, stack(0x000000384f200000,0x000000384f300000) (1024K)]
  0x0000021e468b11f0 JavaThread "LocalFile Deleter"          daemon [_thread_blocked, id=29560, stack(0x000000384f400000,0x000000384f500000) (1024K)]
  0x0000021e468b1880 JavaThread "LocalFile Deleter"          daemon [_thread_blocked, id=37544, stack(0x000000384f500000,0x000000384f600000) (1024K)]
  0x0000021e468b1f10 JavaThread "LocalFile Deleter"          daemon [_thread_blocked, id=35396, stack(0x000000384f700000,0x000000384f800000) (1024K)]
  0x0000021e468b25a0 JavaThread "LocalFile Deleter"          daemon [_thread_blocked, id=20868, stack(0x000000384f800000,0x000000384f900000) (1024K)]
  0x0000021e541ad290 JavaThread "LocalFile Deleter"          daemon [_thread_blocked, id=40592, stack(0x000000384f900000,0x000000384fa00000) (1024K)]
  0x0000021e541adfb0 JavaThread "LocalFile Deleter"          daemon [_thread_blocked, id=40936, stack(0x000000384fb00000,0x000000384fc00000) (1024K)]
  0x0000021e541ae640 JavaThread "Compiler Source File Reader" daemon [_thread_blocked, id=39272, stack(0x000000384fd00000,0x000000384fe00000) (1024K)]
  0x0000021e541aecd0 JavaThread "Compiler Source File Reader" daemon [_thread_blocked, id=40064, stack(0x000000384fe00000,0x000000384ff00000) (1024K)]
  0x0000021e541ab850 JavaThread "Compiler Source File Reader" daemon [_thread_blocked, id=38304, stack(0x0000003850000000,0x0000003850100000) (1024K)]
  0x0000021e541af360 JavaThread "Compiler Source File Reader" daemon [_thread_blocked, id=37224, stack(0x0000003850200000,0x0000003850300000) (1024K)]
  0x0000021e541af9f0 JavaThread "Compiler Source File Reader" daemon [_thread_blocked, id=41208, stack(0x0000003850300000,0x0000003850400000) (1024K)]
  0x0000021e480fc9e0 JavaThread "ForkJoinPool.commonPool-worker-1" daemon [_thread_blocked, id=10160, stack(0x000000384d100000,0x000000384d200000) (1024K)]
  0x0000021e480ffe60 JavaThread "ForkJoinPool.commonPool-worker-3" daemon [_thread_blocked, id=9496, stack(0x0000003852b00000,0x0000003852c00000) (1024K)]
  0x0000021e480fe420 JavaThread "ForkJoinPool.commonPool-worker-4" daemon [_thread_blocked, id=18980, stack(0x0000003852c00000,0x0000003852d00000) (1024K)]
  0x0000021e481004f0 JavaThread "ForkJoinPool.commonPool-worker-5" daemon [_thread_blocked, id=22408, stack(0x0000003852d00000,0x0000003852e00000) (1024K)]
  0x0000021e48101210 JavaThread "ForkJoinPool.commonPool-worker-7" daemon [_thread_blocked, id=26900, stack(0x0000003853000000,0x0000003853100000) (1024K)]
  0x0000021e48100b80 JavaThread "ForkJoinPool.commonPool-worker-8" daemon [_thread_blocked, id=39520, stack(0x0000003853100000,0x0000003853200000) (1024K)]
  0x0000021e481025c0 JavaThread "ForkJoinPool.commonPool-worker-9" daemon [_thread_blocked, id=17276, stack(0x0000003853200000,0x0000003853300000) (1024K)]
  0x0000021e481032e0 JavaThread "ForkJoinPool.commonPool-worker-11" daemon [_thread_blocked, id=14028, stack(0x0000003853400000,0x0000003853500000) (1024K)]
  0x0000021e5291fa20 JavaThread "ForkJoinPool.commonPool-worker-12" daemon [_thread_blocked, id=41744, stack(0x0000003853500000,0x0000003853600000) (1024K)]
  0x0000021e5484c060 JavaThread "ForkJoinPool.commonPool-worker-13" daemon [_thread_blocked, id=15284, stack(0x0000003853600000,0x0000003853700000) (1024K)]
  0x0000021e5484cd80 JavaThread "ForkJoinPool.commonPool-worker-14" daemon [_thread_blocked, id=38976, stack(0x0000003853700000,0x0000003853800000) (1024K)]
  0x0000021e5484e130 JavaThread "ForkJoinPool.commonPool-worker-15" daemon [_thread_blocked, id=20884, stack(0x0000003853800000,0x0000003853900000) (1024K)]
  0x0000021e5484ee50 JavaThread "ForkJoinPool.commonPool-worker-16" daemon [_thread_blocked, id=25388, stack(0x0000003853900000,0x0000003853a00000) (1024K)]
  0x0000021e5484fb70 JavaThread "Worker-8"                          [_thread_blocked, id=39288, stack(0x0000003849b00000,0x0000003849c00000) (1024K)]
  0x0000021e548515b0 JavaThread "Worker-10"                         [_thread_blocked, id=22728, stack(0x0000003847100000,0x0000003847200000) (1024K)]
  0x0000021e5484e7c0 JavaThread "Compiler Source File Reader" daemon [_thread_blocked, id=1912, stack(0x0000003847200000,0x0000003847300000) (1024K)]
  0x0000021e54853680 JavaThread "Compiler Source File Reader" daemon [_thread_blocked, id=24816, stack(0x0000003849400000,0x0000003849500000) (1024K)]
  0x0000021e54855de0 JavaThread "Compiler Source File Reader" daemon [_thread_blocked, id=38960, stack(0x000000384ad00000,0x000000384ae00000) (1024K)]
  0x0000021e548543a0 JavaThread "Compiler Source File Reader" daemon [_thread_blocked, id=37504, stack(0x000000384ae00000,0x000000384af00000) (1024K)]
  0x0000021e54852ff0 JavaThread "Compiler Source File Reader" daemon [_thread_blocked, id=40604, stack(0x000000384af00000,0x000000384b000000) (1024K)]
  0x0000021e54859260 JavaThread "Compiler Source File Reader" daemon [_thread_blocked, id=33332, stack(0x000000384d200000,0x000000384d300000) (1024K)]
  0x0000021e54858540 JavaThread "Compiler Source File Reader" daemon [_thread_blocked, id=28768, stack(0x000000384d400000,0x000000384d500000) (1024K)]
  0x0000021e548598f0 JavaThread "Compiler Source File Reader" daemon [_thread_blocked, id=40248, stack(0x0000003849e00000,0x0000003849f00000) (1024K)]
  0x0000021e54859f80 JavaThread "Compiler Source File Reader" daemon [_thread_blocked, id=39528, stack(0x0000003849f00000,0x000000384a000000) (1024K)]
  0x0000021e54856b00 JavaThread "Compiler Source File Reader" daemon [_thread_blocked, id=33044, stack(0x000000384a400000,0x000000384a500000) (1024K)]
  0x0000021e54857eb0 JavaThread "Worker-11"                         [_thread_blocked, id=29200, stack(0x0000003849300000,0x0000003849400000) (1024K)]
  0x0000021e45f74590 JavaThread "Compiler Processing Task"   daemon [_thread_blocked, id=15032, stack(0x0000003847000000,0x0000003847100000) (1024K)]
  0x0000021e45f74c20 JavaThread "Worker-12"                         [_thread_blocked, id=23352, stack(0x0000003849900000,0x0000003849a00000) (1024K)]
Total: 111

Other Threads:
  0x0000021e63212be0 VMThread "VM Thread"                           [id=41652, stack(0x0000003847600000,0x0000003847700000) (1024K)]
  0x0000021e62ffcb20 WatcherThread "VM Periodic Task Thread"        [id=38344, stack(0x0000003847500000,0x0000003847600000) (1024K)]
  0x0000021e6318a1a0 WorkerThread "GC Thread#0"                     [id=39236, stack(0x0000003847400000,0x0000003847500000) (1024K)]
  0x0000021e7ef6d3f0 WorkerThread "GC Thread#1"                     [id=38268, stack(0x0000003848700000,0x0000003848800000) (1024K)]
  0x0000021e7ef6d790 WorkerThread "GC Thread#2"                     [id=27408, stack(0x0000003848800000,0x0000003848900000) (1024K)]
  0x0000021e7f083590 WorkerThread "GC Thread#3"                     [id=17192, stack(0x0000003848900000,0x0000003848a00000) (1024K)]
  0x0000021e7f083930 WorkerThread "GC Thread#4"                     [id=35028, stack(0x0000003848a00000,0x0000003848b00000) (1024K)]
  0x0000021e7f083cd0 WorkerThread "GC Thread#5"                     [id=38192, stack(0x0000003848b00000,0x0000003848c00000) (1024K)]
  0x0000021e7f161790 WorkerThread "GC Thread#6"                     [id=41396, stack(0x0000003848c00000,0x0000003848d00000) (1024K)]
  0x0000021e7f5c4f20 WorkerThread "GC Thread#7"                     [id=40776, stack(0x0000003849000000,0x0000003849100000) (1024K)]
  0x0000021e7b10c6a0 WorkerThread "GC Thread#8"                     [id=29568, stack(0x0000003848400000,0x0000003848500000) (1024K)]
  0x0000021e7b10d520 WorkerThread "GC Thread#9"                     [id=38284, stack(0x0000003848600000,0x0000003848700000) (1024K)]
  0x0000021e7b10dc60 WorkerThread "GC Thread#10"                    [id=41460, stack(0x0000003848d00000,0x0000003848e00000) (1024K)]
  0x0000021e7b10cde0 WorkerThread "GC Thread#11"                    [id=15744, stack(0x0000003849600000,0x0000003849700000) (1024K)]
  0x0000021e7b10ca40 WorkerThread "GC Thread#12"                    [id=38840, stack(0x0000003849700000,0x0000003849800000) (1024K)]
  0x0000021e7edde5a0 WorkerThread "GC Thread#13"                    [id=41712, stack(0x0000003849800000,0x0000003849900000) (1024K)]
  0x0000021e7edde940 WorkerThread "GC Thread#14"                    [id=38028, stack(0x000000384a000000,0x000000384a100000) (1024K)]
  0x0000021e7eddc8a0 WorkerThread "GC Thread#15"                    [id=40836, stack(0x000000384a100000,0x000000384a200000) (1024K)]
  0x0000021e7eddc160 WorkerThread "GC Thread#16"                    [id=20924, stack(0x000000384a200000,0x000000384a300000) (1024K)]
  0x0000021e7eddcfe0 WorkerThread "GC Thread#17"                    [id=34628, stack(0x000000384a300000,0x000000384a400000) (1024K)]
  0x0000021e7eddf420 WorkerThread "GC Thread#18"                    [id=32168, stack(0x000000384a500000,0x000000384a600000) (1024K)]
  0x0000021e7eddde60 WorkerThread "GC Thread#19"                    [id=41620, stack(0x000000384a600000,0x000000384a700000) (1024K)]
  0x0000021e7edddac0 WorkerThread "GC Thread#20"                    [id=39388, stack(0x000000384a900000,0x000000384aa00000) (1024K)]
  0x0000021e7eddba20 WorkerThread "GC Thread#21"                    [id=40708, stack(0x000000384aa00000,0x000000384ab00000) (1024K)]
  0x0000021e7eddece0 WorkerThread "GC Thread#22"                    [id=40328, stack(0x000000384ab00000,0x000000384ac00000) (1024K)]
Total: 25

Threads with active compile tasks:
C2 CompilerThread0  717502 25713   !   4       org.eclipse.jdt.internal.core.JavaModelManager::determineIfOnClasspath (399 bytes)
Total: 1

VM state: not at safepoint (normal execution)

VM Mutex/Monitor currently owned by a thread: None

Heap address: 0x0000000080000000, size: 2048 MB, Compressed Oops mode: 32-bit

CDS archive(s) mapped at: [0x0000021e00000000-0x0000021e00ba0000-0x0000021e00ba0000), size 12189696, SharedBaseAddress: 0x0000021e00000000, ArchiveRelocationMode: 1.
Compressed class space mapped at: 0x0000021e01000000-0x0000021e41000000, reserved size: 1073741824
Narrow klass base: 0x0000021e00000000, Narrow klass shift: 0, Narrow klass range: 0x100000000

GC Precious Log:
 CardTable entry size: 512
 CPUs: 32 total, 32 available
 Memory: 16088M
 Large Page Support: Disabled
 NUMA Support: Disabled
 Compressed Oops: Enabled (32-bit)
 Alignments: Space 512K, Generation 512K, Heap 2M
 Heap Min Capacity: 100M
 Heap Initial Capacity: 100M
 Heap Max Capacity: 2G
 Pre-touch: Disabled
 Parallel Workers: 23

Heap:
 PSYoungGen      total 13824K, used 3213K [0x00000000d5580000, 0x00000000d6480000, 0x0000000100000000)
  eden space 12288K, 15% used [0x00000000d5580000,0x00000000d575b458,0x00000000d6180000)
  from space 1536K, 85% used [0x00000000d6200000,0x00000000d6348020,0x00000000d6380000)
  to   space 1024K, 0% used [0x00000000d6380000,0x00000000d6380000,0x00000000d6480000)
 ParOldGen       total 1315328K, used 1314927K [0x0000000080000000, 0x00000000d0480000, 0x00000000d5580000)
  object space 1315328K, 99% used [0x0000000080000000,0x00000000d041bf30,0x00000000d0480000)
 Metaspace       used 78855K, committed 80640K, reserved 1179648K
  class space    used 7492K, committed 8320K, reserved 1048576K

Card table byte_map: [0x0000021e62b10000,0x0000021e62f20000] _byte_map_base: 0x0000021e62710000

Marking Bits: (ParMarkBitMap*) 0x00007ff8a20d31f0
 Begin Bits: [0x0000021e75610000, 0x0000021e77610000)
 End Bits:   [0x0000021e77610000, 0x0000021e79610000)

Polling page: 0x0000021e60f90000

Metaspace:

Usage:
  Non-class:     69.69 MB used.
      Class:      7.32 MB used.
       Both:     77.01 MB used.

Virtual space:
  Non-class space:      128.00 MB reserved,      70.62 MB ( 55%) committed,  2 nodes.
      Class space:        1.00 GB reserved,       8.12 MB ( <1%) committed,  1 nodes.
             Both:        1.12 GB reserved,      78.75 MB (  7%) committed. 

Chunk freelists:
   Non-Class:  8.72 MB
       Class:  7.70 MB
        Both:  16.42 MB

MaxMetaspaceSize: unlimited
CompressedClassSpaceSize: 1.00 GB
Initial GC threshold: 21.00 MB
Current GC threshold: 128.75 MB
CDS: on
 - commit_granule_bytes: 65536.
 - commit_granule_words: 8192.
 - virtual_space_node_default_size: 8388608.
 - enlarge_chunks_in_place: 1.
 - use_allocation_guard: 0.


Internal statistics:

num_allocs_failed_limit: 9.
num_arena_births: 1690.
num_arena_deaths: 32.
num_vsnodes_births: 3.
num_vsnodes_deaths: 0.
num_space_committed: 1260.
num_space_uncommitted: 0.
num_chunks_returned_to_freelist: 49.
num_chunks_taken_from_freelist: 5711.
num_chunk_merges: 15.
num_chunk_splits: 3421.
num_chunks_enlarged: 1851.
num_inconsistent_stats: 0.

CodeHeap 'non-profiled nmethods': size=118848Kb used=26229Kb max_used=26229Kb free=92618Kb
 bounds [0x0000021e6df50000, 0x0000021e6f8f0000, 0x0000021e75360000]
CodeHeap 'profiled nmethods': size=118848Kb used=49887Kb max_used=52659Kb free=68960Kb
 bounds [0x0000021e66360000, 0x0000021e696d0000, 0x0000021e6d770000]
CodeHeap 'non-nmethods': size=8064Kb used=1470Kb max_used=3833Kb free=6593Kb
 bounds [0x0000021e6d770000, 0x0000021e6db40000, 0x0000021e6df50000]
 total_blobs=21027 nmethods=20245 adapters=684
 compilation: enabled
              stopped_count=0, restarted_count=0
 full_count=0

Compilation events (20 events):
Event: 716.989 Thread 0x0000021e7b035550 nmethod 25703 0x0000021e67888e10 code [0x0000021e67888fc0, 0x0000021e67889290]
Event: 716.989 Thread 0x0000021e7b035550 25704       3       java.util.concurrent.CompletableFuture$UniExceptionally::<init> (14 bytes)
Event: 716.989 Thread 0x0000021e7b035550 nmethod 25704 0x0000021e67888810 code [0x0000021e678889c0, 0x0000021e67888c90]
Event: 716.991 Thread 0x0000021e7b035550 25705   !   3       java.util.concurrent.CompletableFuture$UniAccept::tryFire (149 bytes)
Event: 716.992 Thread 0x0000021e7b035550 nmethod 25705 0x0000021e686dea90 code [0x0000021e686deec0, 0x0000021e686e0c80]
Event: 716.992 Thread 0x0000021e7b035550 25706       3       java.util.concurrent.CompletableFuture$UniExceptionally::tryFire (82 bytes)
Event: 716.992 Thread 0x0000021e7b035550 nmethod 25706 0x0000021e67888190 code [0x0000021e67888360, 0x0000021e678886d8]
Event: 717.077 Thread 0x0000021e7b035550 25707       3       lombok.core.LombokImmutableList::removeElement (21 bytes)
Event: 717.077 Thread 0x0000021e7b035550 nmethod 25707 0x0000021e67b3a810 code [0x0000021e67b3a9c0, 0x0000021e67b3ab98]
Event: 717.078 Thread 0x0000021e6322e5b0 25708       4       org.eclipse.jdt.internal.compiler.lookup.InferenceContext18::parameterizedWithWildcard (70 bytes)
Event: 717.082 Thread 0x0000021e6322e5b0 nmethod 25708 0x0000021e6f8ece10 code [0x0000021e6f8ecfc0, 0x0000021e6f8ed150]
Event: 717.085 Thread 0x0000021e7b035550 25709       3       java.nio.HeapCharBuffer::<init> (21 bytes)
Event: 717.085 Thread 0x0000021e7b035550 nmethod 25709 0x0000021e68a12910 code [0x0000021e68a12ac0, 0x0000021e68a12cd8]
Event: 717.085 Thread 0x0000021e7b035550 25710       3       org.eclipse.core.internal.resources.Marker::isSubtypeOf (16 bytes)
Event: 717.086 Thread 0x0000021e7b035550 nmethod 25710 0x0000021e67c70410 code [0x0000021e67c70640, 0x0000021e67c70d30]
Event: 717.086 Thread 0x0000021e7b035550 25711       3       org.eclipse.core.internal.resources.MarkerManager::isSubtype (10 bytes)
Event: 717.086 Thread 0x0000021e7b035550 nmethod 25711 0x0000021e68a06190 code [0x0000021e68a06340, 0x0000021e68a064a0]
Event: 717.441 Thread 0x0000021e7b035550 25712       1       org.eclipse.jdt.core.dom.ASTVisitor::visit (2 bytes)
Event: 717.441 Thread 0x0000021e7b035550 nmethod 25712 0x0000021e6f8ed310 code [0x0000021e6f8ed4a0, 0x0000021e6f8ed568]
Event: 717.441 Thread 0x0000021e6322e5b0 25713   !   4       org.eclipse.jdt.internal.core.JavaModelManager::determineIfOnClasspath (399 bytes)

GC Heap History (20 events):
Event: 709.171 GC heap before
{Heap before GC invocations=2299 (full 5):
 PSYoungGen      total 14336K, used 14208K [0x00000000d5580000, 0x00000000d6480000, 0x0000000100000000)
  eden space 13312K, 100% used [0x00000000d5580000,0x00000000d6280000,0x00000000d6280000)
  from space 1024K, 87% used [0x00000000d6280000,0x00000000d6360020,0x00000000d6380000)
  to   space 1024K, 0% used [0x00000000d6380000,0x00000000d6380000,0x00000000d6480000)
 ParOldGen       total 1308672K, used 1308272K [0x0000000080000000, 0x00000000cfe00000, 0x00000000d5580000)
  object space 1308672K, 99% used [0x0000000080000000,0x00000000cfd9c1d0,0x00000000cfe00000)
 Metaspace       used 78840K, committed 80640K, reserved 1179648K
  class space    used 7491K, committed 8320K, reserved 1048576K
}
Event: 709.174 GC heap after
{Heap after GC invocations=2299 (full 5):
 PSYoungGen      total 13312K, used 1024K [0x00000000d5580000, 0x00000000d6680000, 0x0000000100000000)
  eden space 12288K, 0% used [0x00000000d5580000,0x00000000d5580000,0x00000000d6180000)
  from space 1024K, 100% used [0x00000000d6380000,0x00000000d6480000,0x00000000d6480000)
  to   space 2048K, 0% used [0x00000000d6180000,0x00000000d6180000,0x00000000d6380000)
 ParOldGen       total 1309184K, used 1308912K [0x0000000080000000, 0x00000000cfe80000, 0x00000000d5580000)
  object space 1309184K, 99% used [0x0000000080000000,0x00000000cfe3c1f0,0x00000000cfe80000)
 Metaspace       used 78840K, committed 80640K, reserved 1179648K
  class space    used 7491K, committed 8320K, reserved 1048576K
}
Event: 709.197 GC heap before
{Heap before GC invocations=2300 (full 5):
 PSYoungGen      total 13312K, used 13312K [0x00000000d5580000, 0x00000000d6680000, 0x0000000100000000)
  eden space 12288K, 100% used [0x00000000d5580000,0x00000000d6180000,0x00000000d6180000)
  from space 1024K, 100% used [0x00000000d6380000,0x00000000d6480000,0x00000000d6480000)
  to   space 2048K, 0% used [0x00000000d6180000,0x00000000d6180000,0x00000000d6380000)
 ParOldGen       total 1309184K, used 1308912K [0x0000000080000000, 0x00000000cfe80000, 0x00000000d5580000)
  object space 1309184K, 99% used [0x0000000080000000,0x00000000cfe3c1f0,0x00000000cfe80000)
 Metaspace       used 78840K, committed 80640K, reserved 1179648K
  class space    used 7491K, committed 8320K, reserved 1048576K
}
Event: 709.200 GC heap after
{Heap after GC invocations=2300 (full 5):
 PSYoungGen      total 12800K, used 352K [0x00000000d5580000, 0x00000000d6400000, 0x0000000100000000)
  eden space 12288K, 0% used [0x00000000d5580000,0x00000000d5580000,0x00000000d6180000)
  from space 512K, 68% used [0x00000000d6180000,0x00000000d61d8000,0x00000000d6200000)
  to   space 1024K, 0% used [0x00000000d6300000,0x00000000d6300000,0x00000000d6400000)
 ParOldGen       total 1309696K, used 1309676K [0x0000000080000000, 0x00000000cff00000, 0x00000000d5580000)
  object space 1309696K, 99% used [0x0000000080000000,0x00000000cfefb200,0x00000000cff00000)
 Metaspace       used 78840K, committed 80640K, reserved 1179648K
  class space    used 7491K, committed 8320K, reserved 1048576K
}
Event: 709.209 GC heap before
{Heap before GC invocations=2301 (full 5):
 PSYoungGen      total 12800K, used 12639K [0x00000000d5580000, 0x00000000d6400000, 0x0000000100000000)
  eden space 12288K, 99% used [0x00000000d5580000,0x00000000d617fff0,0x00000000d6180000)
  from space 512K, 68% used [0x00000000d6180000,0x00000000d61d8000,0x00000000d6200000)
  to   space 1024K, 0% used [0x00000000d6300000,0x00000000d6300000,0x00000000d6400000)
 ParOldGen       total 1309696K, used 1309676K [0x0000000080000000, 0x00000000cff00000, 0x00000000d5580000)
  object space 1309696K, 99% used [0x0000000080000000,0x00000000cfefb200,0x00000000cff00000)
 Metaspace       used 78841K, committed 80640K, reserved 1179648K
  class space    used 7491K, committed 8320K, reserved 1048576K
}
Event: 709.211 GC heap after
{Heap after GC invocations=2301 (full 5):
 PSYoungGen      total 13312K, used 992K [0x00000000d5580000, 0x00000000d6480000, 0x0000000100000000)
  eden space 12288K, 0% used [0x00000000d5580000,0x00000000d5580000,0x00000000d6180000)
  from space 1024K, 96% used [0x00000000d6300000,0x00000000d63f8020,0x00000000d6400000)
  to   space 1536K, 0% used [0x00000000d6180000,0x00000000d6180000,0x00000000d6300000)
 ParOldGen       total 1310208K, used 1309756K [0x0000000080000000, 0x00000000cff80000, 0x00000000d5580000)
  object space 1310208K, 99% used [0x0000000080000000,0x00000000cff0f200,0x00000000cff80000)
 Metaspace       used 78841K, committed 80640K, reserved 1179648K
  class space    used 7491K, committed 8320K, reserved 1048576K
}
Event: 709.217 GC heap before
{Heap before GC invocations=2302 (full 5):
 PSYoungGen      total 13312K, used 13280K [0x00000000d5580000, 0x00000000d6480000, 0x0000000100000000)
  eden space 12288K, 100% used [0x00000000d5580000,0x00000000d6180000,0x00000000d6180000)
  from space 1024K, 96% used [0x00000000d6300000,0x00000000d63f8020,0x00000000d6400000)
  to   space 1536K, 0% used [0x00000000d6180000,0x00000000d6180000,0x00000000d6300000)
 ParOldGen       total 1310208K, used 1309756K [0x0000000080000000, 0x00000000cff80000, 0x00000000d5580000)
  object space 1310208K, 99% used [0x0000000080000000,0x00000000cff0f200,0x00000000cff80000)
 Metaspace       used 78841K, committed 80640K, reserved 1179648K
  class space    used 7491K, committed 8320K, reserved 1048576K
}
Event: 709.219 GC heap after
{Heap after GC invocations=2302 (full 5):
 PSYoungGen      total 13312K, used 864K [0x00000000d5580000, 0x00000000d6380000, 0x0000000100000000)
  eden space 12288K, 0% used [0x00000000d5580000,0x00000000d5580000,0x00000000d6180000)
  from space 1024K, 84% used [0x00000000d6180000,0x00000000d6258020,0x00000000d6280000)
  to   space 1024K, 0% used [0x00000000d6280000,0x00000000d6280000,0x00000000d6380000)
 ParOldGen       total 1310208K, used 1309835K [0x0000000080000000, 0x00000000cff80000, 0x00000000d5580000)
  object space 1310208K, 99% used [0x0000000080000000,0x00000000cff22c58,0x00000000cff80000)
 Metaspace       used 78841K, committed 80640K, reserved 1179648K
  class space    used 7491K, committed 8320K, reserved 1048576K
}
Event: 709.235 GC heap before
{Heap before GC invocations=2303 (full 5):
 PSYoungGen      total 13312K, used 13152K [0x00000000d5580000, 0x00000000d6380000, 0x0000000100000000)
  eden space 12288K, 100% used [0x00000000d5580000,0x00000000d6180000,0x00000000d6180000)
  from space 1024K, 84% used [0x00000000d6180000,0x00000000d6258020,0x00000000d6280000)
  to   space 1024K, 0% used [0x00000000d6280000,0x00000000d6280000,0x00000000d6380000)
 ParOldGen       total 1310208K, used 1309835K [0x0000000080000000, 0x00000000cff80000, 0x00000000d5580000)
  object space 1310208K, 99% used [0x0000000080000000,0x00000000cff22c58,0x00000000cff80000)
 Metaspace       used 78841K, committed 80640K, reserved 1179648K
  class space    used 7491K, committed 8320K, reserved 1048576K
}
Event: 709.236 GC heap after
{Heap after GC invocations=2303 (full 5):
 PSYoungGen      total 13312K, used 512K [0x00000000d5580000, 0x00000000d6380000, 0x0000000100000000)
  eden space 12288K, 0% used [0x00000000d5580000,0x00000000d5580000,0x00000000d6180000)
  from space 1024K, 50% used [0x00000000d6280000,0x00000000d6300000,0x00000000d6380000)
  to   space 1024K, 0% used [0x00000000d6180000,0x00000000d6180000,0x00000000d6280000)
 ParOldGen       total 1310208K, used 1309875K [0x0000000080000000, 0x00000000cff80000, 0x00000000d5580000)
  object space 1310208K, 99% used [0x0000000080000000,0x00000000cff2cc58,0x00000000cff80000)
 Metaspace       used 78841K, committed 80640K, reserved 1179648K
  class space    used 7491K, committed 8320K, reserved 1048576K
}
Event: 716.729 GC heap before
{Heap before GC invocations=2304 (full 5):
 PSYoungGen      total 13312K, used 12800K [0x00000000d5580000, 0x00000000d6380000, 0x0000000100000000)
  eden space 12288K, 100% used [0x00000000d5580000,0x00000000d6180000,0x00000000d6180000)
  from space 1024K, 50% used [0x00000000d6280000,0x00000000d6300000,0x00000000d6380000)
  to   space 1024K, 0% used [0x00000000d6180000,0x00000000d6180000,0x00000000d6280000)
 ParOldGen       total 1310208K, used 1309875K [0x0000000080000000, 0x00000000cff80000, 0x00000000d5580000)
  object space 1310208K, 99% used [0x0000000080000000,0x00000000cff2cc58,0x00000000cff80000)
 Metaspace       used 78843K, committed 80640K, reserved 1179648K
  class space    used 7491K, committed 8320K, reserved 1048576K
}
Event: 716.731 GC heap after
{Heap after GC invocations=2304 (full 5):
 PSYoungGen      total 13312K, used 1002K [0x00000000d5580000, 0x00000000d6480000, 0x0000000100000000)
  eden space 12288K, 0% used [0x00000000d5580000,0x00000000d5580000,0x00000000d6180000)
  from space 1024K, 97% used [0x00000000d6180000,0x00000000d627a910,0x00000000d6280000)
  to   space 1536K, 0% used [0x00000000d6300000,0x00000000d6300000,0x00000000d6480000)
 ParOldGen       total 1310208K, used 1310067K [0x0000000080000000, 0x00000000cff80000, 0x00000000d5580000)
  object space 1310208K, 99% used [0x0000000080000000,0x00000000cff5cc58,0x00000000cff80000)
 Metaspace       used 78843K, committed 80640K, reserved 1179648K
  class space    used 7491K, committed 8320K, reserved 1048576K
}
Event: 716.746 GC heap before
{Heap before GC invocations=2305 (full 5):
 PSYoungGen      total 13312K, used 13290K [0x00000000d5580000, 0x00000000d6480000, 0x0000000100000000)
  eden space 12288K, 99% used [0x00000000d5580000,0x00000000d617fff8,0x00000000d6180000)
  from space 1024K, 97% used [0x00000000d6180000,0x00000000d627a910,0x00000000d6280000)
  to   space 1536K, 0% used [0x00000000d6300000,0x00000000d6300000,0x00000000d6480000)
 ParOldGen       total 1310208K, used 1310067K [0x0000000080000000, 0x00000000cff80000, 0x00000000d5580000)
  object space 1310208K, 99% used [0x0000000080000000,0x00000000cff5cc58,0x00000000cff80000)
 Metaspace       used 78843K, committed 80640K, reserved 1179648K
  class space    used 7491K, committed 8320K, reserved 1048576K
}
Event: 716.749 GC heap after
{Heap after GC invocations=2305 (full 5):
 PSYoungGen      total 13824K, used 1120K [0x00000000d5580000, 0x00000000d6480000, 0x0000000100000000)
  eden space 12288K, 0% used [0x00000000d5580000,0x00000000d5580000,0x00000000d6180000)
  from space 1536K, 72% used [0x00000000d6300000,0x00000000d6418000,0x00000000d6480000)
  to   space 1536K, 0% used [0x00000000d6180000,0x00000000d6180000,0x00000000d6300000)
 ParOldGen       total 1311232K, used 1311075K [0x0000000080000000, 0x00000000d0080000, 0x00000000d5580000)
  object space 1311232K, 99% used [0x0000000080000000,0x00000000d0058ec0,0x00000000d0080000)
 Metaspace       used 78843K, committed 80640K, reserved 1179648K
  class space    used 7491K, committed 8320K, reserved 1048576K
}
Event: 717.057 GC heap before
{Heap before GC invocations=2306 (full 5):
 PSYoungGen      total 13824K, used 13408K [0x00000000d5580000, 0x00000000d6480000, 0x0000000100000000)
  eden space 12288K, 100% used [0x00000000d5580000,0x00000000d6180000,0x00000000d6180000)
  from space 1536K, 72% used [0x00000000d6300000,0x00000000d6418000,0x00000000d6480000)
  to   space 1536K, 0% used [0x00000000d6180000,0x00000000d6180000,0x00000000d6300000)
 ParOldGen       total 1311232K, used 1311075K [0x0000000080000000, 0x00000000d0080000, 0x00000000d5580000)
  object space 1311232K, 99% used [0x0000000080000000,0x00000000d0058ec0,0x00000000d0080000)
 Metaspace       used 78854K, committed 80640K, reserved 1179648K
  class space    used 7492K, committed 8320K, reserved 1048576K
}
Event: 717.059 GC heap after
{Heap after GC invocations=2306 (full 5):
 PSYoungGen      total 13824K, used 1508K [0x00000000d5580000, 0x00000000d6680000, 0x0000000100000000)
  eden space 12288K, 0% used [0x00000000d5580000,0x00000000d5580000,0x00000000d6180000)
  from space 1536K, 98% used [0x00000000d6180000,0x00000000d62f9210,0x00000000d6300000)
  to   space 2560K, 0% used [0x00000000d6400000,0x00000000d6400000,0x00000000d6680000)
 ParOldGen       total 1312256K, used 1311889K [0x0000000080000000, 0x00000000d0180000, 0x00000000d5580000)
  object space 1312256K, 99% used [0x0000000080000000,0x00000000d01247e0,0x00000000d0180000)
 Metaspace       used 78854K, committed 80640K, reserved 1179648K
  class space    used 7492K, committed 8320K, reserved 1048576K
}
Event: 717.069 GC heap before
{Heap before GC invocations=2307 (full 5):
 PSYoungGen      total 13824K, used 13796K [0x00000000d5580000, 0x00000000d6680000, 0x0000000100000000)
  eden space 12288K, 100% used [0x00000000d5580000,0x00000000d6180000,0x00000000d6180000)
  from space 1536K, 98% used [0x00000000d6180000,0x00000000d62f9210,0x00000000d6300000)
  to   space 2560K, 0% used [0x00000000d6400000,0x00000000d6400000,0x00000000d6680000)
 ParOldGen       total 1312256K, used 1311889K [0x0000000080000000, 0x00000000d0180000, 0x00000000d5580000)
  object space 1312256K, 99% used [0x0000000080000000,0x00000000d01247e0,0x00000000d0180000)
 Metaspace       used 78854K, committed 80640K, reserved 1179648K
  class space    used 7492K, committed 8320K, reserved 1048576K
}
Event: 717.072 GC heap after
{Heap after GC invocations=2307 (full 5):
 PSYoungGen      total 14336K, used 1748K [0x00000000d5580000, 0x00000000d6600000, 0x0000000100000000)
  eden space 12288K, 0% used [0x00000000d5580000,0x00000000d5580000,0x00000000d6180000)
  from space 2048K, 85% used [0x00000000d6400000,0x00000000d65b5200,0x00000000d6600000)
  to   space 2048K, 0% used [0x00000000d6200000,0x00000000d6200000,0x00000000d6400000)
 ParOldGen       total 1313792K, used 1313305K [0x0000000080000000, 0x00000000d0300000, 0x00000000d5580000)
  object space 1313792K, 99% used [0x0000000080000000,0x00000000d0286400,0x00000000d0300000)
 Metaspace       used 78854K, committed 80640K, reserved 1179648K
  class space    used 7492K, committed 8320K, reserved 1048576K
}
Event: 717.079 GC heap before
{Heap before GC invocations=2308 (full 5):
 PSYoungGen      total 14336K, used 14036K [0x00000000d5580000, 0x00000000d6600000, 0x0000000100000000)
  eden space 12288K, 100% used [0x00000000d5580000,0x00000000d6180000,0x00000000d6180000)
  from space 2048K, 85% used [0x00000000d6400000,0x00000000d65b5200,0x00000000d6600000)
  to   space 2048K, 0% used [0x00000000d6200000,0x00000000d6200000,0x00000000d6400000)
 ParOldGen       total 1313792K, used 1313305K [0x0000000080000000, 0x00000000d0300000, 0x00000000d5580000)
  object space 1313792K, 99% used [0x0000000080000000,0x00000000d0286400,0x00000000d0300000)
 Metaspace       used 78854K, committed 80640K, reserved 1179648K
  class space    used 7492K, committed 8320K, reserved 1048576K
}
Event: 717.082 GC heap after
{Heap after GC invocations=2308 (full 5):
 PSYoungGen      total 13824K, used 1312K [0x00000000d5580000, 0x00000000d6480000, 0x0000000100000000)
  eden space 12288K, 0% used [0x00000000d5580000,0x00000000d5580000,0x00000000d6180000)
  from space 1536K, 85% used [0x00000000d6200000,0x00000000d6348020,0x00000000d6380000)
  to   space 1024K, 0% used [0x00000000d6380000,0x00000000d6380000,0x00000000d6480000)
 ParOldGen       total 1315328K, used 1314927K [0x0000000080000000, 0x00000000d0480000, 0x00000000d5580000)
  object space 1315328K, 99% used [0x0000000080000000,0x00000000d041bf30,0x00000000d0480000)
 Metaspace       used 78854K, committed 80640K, reserved 1179648K
  class space    used 7492K, committed 8320K, reserved 1048576K
}

Dll operation events (10 events):
Event: 0.031 Loaded shared library c:\Users\Admin\.cursor\extensions\redhat.java-1.43.0-win32-x64\jre\21.0.7-win32-x86_64\bin\java.dll
Event: 0.062 Loaded shared library c:\Users\Admin\.cursor\extensions\redhat.java-1.43.0-win32-x64\jre\21.0.7-win32-x86_64\bin\zip.dll
Event: 0.070 Loaded shared library C:\Users\Admin\.cursor\extensions\redhat.java-1.43.0-win32-x64\jre\21.0.7-win32-x86_64\bin\instrument.dll
Event: 0.073 Loaded shared library C:\Users\Admin\.cursor\extensions\redhat.java-1.43.0-win32-x64\jre\21.0.7-win32-x86_64\bin\net.dll
Event: 0.075 Loaded shared library C:\Users\Admin\.cursor\extensions\redhat.java-1.43.0-win32-x64\jre\21.0.7-win32-x86_64\bin\nio.dll
Event: 0.077 Loaded shared library C:\Users\Admin\.cursor\extensions\redhat.java-1.43.0-win32-x64\jre\21.0.7-win32-x86_64\bin\zip.dll
Event: 0.086 Loaded shared library C:\Users\Admin\.cursor\extensions\redhat.java-1.43.0-win32-x64\jre\21.0.7-win32-x86_64\bin\jimage.dll
Event: 0.125 Loaded shared library c:\Users\Admin\.cursor\extensions\redhat.java-1.43.0-win32-x64\jre\21.0.7-win32-x86_64\bin\verify.dll
Event: 12.191 Loaded shared library C:\Users\Admin\AppData\Roaming\Cursor\User\globalStorage\redhat.java\1.43.0\config_win\org.eclipse.equinox.launcher\org.eclipse.equinox.launcher.win32.win32.x86_64_1.2.1300.v20250331-1702\eclipse_11911.dll
Event: 21.329 Loaded shared library C:\Users\Admin\AppData\Local\Temp\jna-63116079\jna340287213574594309.dll

Deoptimization events (20 events):
Event: 684.082 Thread 0x0000021e529200b0 Uncommon trap: trap_request=0xffffffbe fr.pc=0x0000021e6f84b978 relative=0x0000000000000298
Event: 684.082 Thread 0x0000021e529200b0 Uncommon trap: reason=profile_predicate action=maybe_recompile pc=0x0000021e6f84b978 method=java.util.regex.Pattern$BnM.optimize(Ljava/util/regex/Pattern$Node;)Ljava/util/regex/Pattern$Node; @ 67 c2
Event: 684.082 Thread 0x0000021e529200b0 DEOPT PACKING pc=0x0000021e6f84b978 sp=0x000000384d9fddb0
Event: 684.082 Thread 0x0000021e529200b0 DEOPT UNPACKING pc=0x0000021e6d7c3aa2 sp=0x000000384d9fdd38 mode 2
Event: 684.186 Thread 0x0000021e529200b0 Uncommon trap: trap_request=0xffffffbe fr.pc=0x0000021e6f84b978 relative=0x0000000000000298
Event: 684.186 Thread 0x0000021e529200b0 Uncommon trap: reason=profile_predicate action=maybe_recompile pc=0x0000021e6f84b978 method=java.util.regex.Pattern$BnM.optimize(Ljava/util/regex/Pattern$Node;)Ljava/util/regex/Pattern$Node; @ 67 c2
Event: 684.186 Thread 0x0000021e529200b0 DEOPT PACKING pc=0x0000021e6f84b978 sp=0x000000384d9fddb0
Event: 684.186 Thread 0x0000021e529200b0 DEOPT UNPACKING pc=0x0000021e6d7c3aa2 sp=0x000000384d9fdd38 mode 2
Event: 684.303 Thread 0x0000021e7ef4cb60 DEOPT PACKING pc=0x0000021e6914f01c sp=0x000000384a7feb90
Event: 684.303 Thread 0x0000021e7ef4cb60 DEOPT UNPACKING pc=0x0000021e6d7c4242 sp=0x000000384a7fe070 mode 0
Event: 687.096 Thread 0x0000021e480fc9e0 DEOPT PACKING pc=0x0000021e69669f65 sp=0x000000384d1fe250
Event: 687.096 Thread 0x0000021e480fc9e0 DEOPT UNPACKING pc=0x0000021e6d7c4242 sp=0x000000384d1fd6f0 mode 0
Event: 687.864 Thread 0x0000021e529200b0 Uncommon trap: trap_request=0xffffff6e fr.pc=0x0000021e6f892b78 relative=0x00000000000007b8
Event: 687.864 Thread 0x0000021e529200b0 Uncommon trap: reason=loop_limit_check action=maybe_recompile pc=0x0000021e6f892b78 method=org.eclipse.jdt.internal.compiler.util.HashtableOfObjectToInt.rehash()V @ 50 c2
Event: 687.864 Thread 0x0000021e529200b0 DEOPT PACKING pc=0x0000021e6f892b78 sp=0x000000384d9fdae0
Event: 687.864 Thread 0x0000021e529200b0 DEOPT UNPACKING pc=0x0000021e6d7c3aa2 sp=0x000000384d9fda90 mode 2
Event: 717.065 Thread 0x0000021e5484fb70 Uncommon trap: trap_request=0xffffff45 fr.pc=0x0000021e6f8e68c0 relative=0x0000000000000340
Event: 717.065 Thread 0x0000021e5484fb70 Uncommon trap: reason=unstable_if action=reinterpret pc=0x0000021e6f8e68c0 method=org.eclipse.jdt.internal.compiler.problem.ProblemReporter.computeSeverity(I)I @ 1 c2
Event: 717.065 Thread 0x0000021e5484fb70 DEOPT PACKING pc=0x0000021e6f8e68c0 sp=0x0000003849bfeb10
Event: 717.065 Thread 0x0000021e5484fb70 DEOPT UNPACKING pc=0x0000021e6d7c3aa2 sp=0x0000003849bfea98 mode 2

Classes loaded (20 events):
Event: 520.045 Loading class jdk/internal/module/IllegalAccessLogger
Event: 520.045 Loading class jdk/internal/module/IllegalAccessLogger done
Event: 527.834 Loading class jdk/internal/module/IllegalAccessLogger
Event: 527.834 Loading class jdk/internal/module/IllegalAccessLogger done
Event: 533.892 Loading class jdk/internal/module/IllegalAccessLogger
Event: 533.892 Loading class jdk/internal/module/IllegalAccessLogger done
Event: 593.094 Loading class jdk/internal/module/IllegalAccessLogger
Event: 593.094 Loading class jdk/internal/module/IllegalAccessLogger done
Event: 600.953 Loading class jdk/internal/module/IllegalAccessLogger
Event: 600.953 Loading class jdk/internal/module/IllegalAccessLogger done
Event: 608.808 Loading class jdk/internal/module/IllegalAccessLogger
Event: 608.808 Loading class jdk/internal/module/IllegalAccessLogger done
Event: 676.577 Loading class jdk/internal/module/IllegalAccessLogger
Event: 676.577 Loading class jdk/internal/module/IllegalAccessLogger done
Event: 684.223 Loading class jdk/internal/module/IllegalAccessLogger
Event: 684.223 Loading class jdk/internal/module/IllegalAccessLogger done
Event: 690.145 Loading class jdk/internal/module/IllegalAccessLogger
Event: 690.145 Loading class jdk/internal/module/IllegalAccessLogger done
Event: 695.574 Loading class jdk/internal/module/IllegalAccessLogger
Event: 695.574 Loading class jdk/internal/module/IllegalAccessLogger done

Classes unloaded (16 events):
Event: 21.600 Thread 0x0000021e63212be0 Unloading class 0x0000021e011a4800 'java/lang/invoke/LambdaForm$MH+0x0000021e011a4800'
Event: 21.600 Thread 0x0000021e63212be0 Unloading class 0x0000021e011a4400 'java/lang/invoke/LambdaForm$MH+0x0000021e011a4400'
Event: 21.600 Thread 0x0000021e63212be0 Unloading class 0x0000021e011a4000 'java/lang/invoke/LambdaForm$MH+0x0000021e011a4000'
Event: 21.600 Thread 0x0000021e63212be0 Unloading class 0x0000021e011a3c00 'java/lang/invoke/LambdaForm$MH+0x0000021e011a3c00'
Event: 21.600 Thread 0x0000021e63212be0 Unloading class 0x0000021e011a3800 'java/lang/invoke/LambdaForm$BMH+0x0000021e011a3800'
Event: 21.600 Thread 0x0000021e63212be0 Unloading class 0x0000021e011a3400 'java/lang/invoke/LambdaForm$DMH+0x0000021e011a3400'
Event: 21.600 Thread 0x0000021e63212be0 Unloading class 0x0000021e011a2000 'java/lang/invoke/LambdaForm$DMH+0x0000021e011a2000'
Event: 35.511 Thread 0x0000021e63212be0 Unloading class 0x0000021e0179e000 'java/lang/invoke/LambdaForm$MH+0x0000021e0179e000'
Event: 35.511 Thread 0x0000021e63212be0 Unloading class 0x0000021e0179d800 'java/lang/invoke/LambdaForm$MH+0x0000021e0179d800'
Event: 35.511 Thread 0x0000021e63212be0 Unloading class 0x0000021e0179d000 'java/lang/invoke/LambdaForm$MH+0x0000021e0179d000'
Event: 35.511 Thread 0x0000021e63212be0 Unloading class 0x0000021e0179c800 'java/lang/invoke/LambdaForm$MH+0x0000021e0179c800'
Event: 35.511 Thread 0x0000021e63212be0 Unloading class 0x0000021e0179c000 'java/lang/invoke/LambdaForm$MH+0x0000021e0179c000'
Event: 35.511 Thread 0x0000021e63212be0 Unloading class 0x0000021e016b9400 'java/lang/invoke/LambdaForm$DMH+0x0000021e016b9400'
Event: 35.511 Thread 0x0000021e63212be0 Unloading class 0x0000021e016b9000 'java/lang/invoke/LambdaForm$DMH+0x0000021e016b9000'
Event: 35.511 Thread 0x0000021e63212be0 Unloading class 0x0000021e016b8c00 'java/lang/invoke/LambdaForm$DMH+0x0000021e016b8c00'
Event: 35.511 Thread 0x0000021e63212be0 Unloading class 0x0000021e016b8800 'java/lang/invoke/LambdaForm$DMH+0x0000021e016b8800'

Classes redefined (0 events):
No events

Internal exceptions (20 events):
Event: 519.889 Thread 0x0000021e7ef4cb60 Exception <a 'sun/nio/fs/WindowsException'{0x00000000d5815610}> (0x00000000d5815610) 
thrown [s\src\hotspot\share\prims\jni.cpp, line 520]
Event: 519.993 Thread 0x0000021e7ef4cb60 Exception <a 'sun/nio/fs/WindowsException'{0x00000000d6339ad8}> (0x00000000d6339ad8) 
thrown [s\src\hotspot\share\prims\jni.cpp, line 520]
Event: 527.684 Thread 0x0000021e7ef4cb60 Exception <a 'sun/nio/fs/WindowsException'{0x00000000d59c4618}> (0x00000000d59c4618) 
thrown [s\src\hotspot\share\prims\jni.cpp, line 520]
Event: 527.813 Thread 0x0000021e7ef4cb60 Exception <a 'sun/nio/fs/WindowsException'{0x00000000d5590438}> (0x00000000d5590438) 
thrown [s\src\hotspot\share\prims\jni.cpp, line 520]
Event: 533.746 Thread 0x0000021e7ef4cb60 Exception <a 'sun/nio/fs/WindowsException'{0x00000000d62ac1d0}> (0x00000000d62ac1d0) 
thrown [s\src\hotspot\share\prims\jni.cpp, line 520]
Event: 533.870 Thread 0x0000021e7ef4cb60 Exception <a 'sun/nio/fs/WindowsException'{0x00000000d559e0d8}> (0x00000000d559e0d8) 
thrown [s\src\hotspot\share\prims\jni.cpp, line 520]
Event: 592.934 Thread 0x0000021e7ef4cb60 Exception <a 'sun/nio/fs/WindowsException'{0x00000000d595b100}> (0x00000000d595b100) 
thrown [s\src\hotspot\share\prims\jni.cpp, line 520]
Event: 593.051 Thread 0x0000021e7ef4cb60 Exception <a 'sun/nio/fs/WindowsException'{0x00000000d6556630}> (0x00000000d6556630) 
thrown [s\src\hotspot\share\prims\jni.cpp, line 520]
Event: 600.766 Thread 0x0000021e7ef4cb60 Exception <a 'sun/nio/fs/WindowsException'{0x00000000d5ac3258}> (0x00000000d5ac3258) 
thrown [s\src\hotspot\share\prims\jni.cpp, line 520]
Event: 600.870 Thread 0x0000021e7ef4cb60 Exception <a 'sun/nio/fs/WindowsException'{0x00000000d5a0dee0}> (0x00000000d5a0dee0) 
thrown [s\src\hotspot\share\prims\jni.cpp, line 520]
Event: 608.634 Thread 0x0000021e7ef4cb60 Exception <a 'sun/nio/fs/WindowsException'{0x00000000d55fb5f0}> (0x00000000d55fb5f0) 
thrown [s\src\hotspot\share\prims\jni.cpp, line 520]
Event: 608.738 Thread 0x0000021e7ef4cb60 Exception <a 'sun/nio/fs/WindowsException'{0x00000000d5eb1cb8}> (0x00000000d5eb1cb8) 
thrown [s\src\hotspot\share\prims\jni.cpp, line 520]
Event: 676.407 Thread 0x0000021e7ef4cb60 Exception <a 'sun/nio/fs/WindowsException'{0x00000000d5a19520}> (0x00000000d5a19520) 
thrown [s\src\hotspot\share\prims\jni.cpp, line 520]
Event: 676.574 Thread 0x0000021e7ef4cb60 Exception <a 'sun/nio/fs/WindowsException'{0x00000000d5817528}> (0x00000000d5817528) 
thrown [s\src\hotspot\share\prims\jni.cpp, line 520]
Event: 684.109 Thread 0x0000021e7ef4cb60 Exception <a 'sun/nio/fs/WindowsException'{0x00000000d5c468b8}> (0x00000000d5c468b8) 
thrown [s\src\hotspot\share\prims\jni.cpp, line 520]
Event: 684.246 Thread 0x0000021e7ef4cb60 Exception <a 'sun/nio/fs/WindowsException'{0x00000000d55824d8}> (0x00000000d55824d8) 
thrown [s\src\hotspot\share\prims\jni.cpp, line 520]
Event: 689.929 Thread 0x0000021e7ef4cb60 Exception <a 'sun/nio/fs/WindowsException'{0x00000000d55f5528}> (0x00000000d55f5528) 
thrown [s\src\hotspot\share\prims\jni.cpp, line 520]
Event: 690.055 Thread 0x0000021e7ef4cb60 Exception <a 'sun/nio/fs/WindowsException'{0x00000000d56a8658}> (0x00000000d56a8658) 
thrown [s\src\hotspot\share\prims\jni.cpp, line 520]
Event: 695.324 Thread 0x0000021e7ef4cb60 Exception <a 'sun/nio/fs/WindowsException'{0x00000000d58576f0}> (0x00000000d58576f0) 
thrown [s\src\hotspot\share\prims\jni.cpp, line 520]
Event: 695.479 Thread 0x0000021e7ef4cb60 Exception <a 'sun/nio/fs/WindowsException'{0x00000000d593b268}> (0x00000000d593b268) 
thrown [s\src\hotspot\share\prims\jni.cpp, line 520]

ZGC Phase Switch (0 events):
No events

VM Operations (20 events):
Event: 709.171 Executing VM operation: ParallelGCFailedAllocation (Allocation Failure)
Event: 709.174 Executing VM operation: ParallelGCFailedAllocation (Allocation Failure) done
Event: 709.197 Executing VM operation: ParallelGCFailedAllocation (Allocation Failure)
Event: 709.200 Executing VM operation: ParallelGCFailedAllocation (Allocation Failure) done
Event: 709.209 Executing VM operation: ParallelGCFailedAllocation (Allocation Failure)
Event: 709.211 Executing VM operation: ParallelGCFailedAllocation (Allocation Failure) done
Event: 709.217 Executing VM operation: ParallelGCFailedAllocation (Allocation Failure)
Event: 709.219 Executing VM operation: ParallelGCFailedAllocation (Allocation Failure) done
Event: 709.234 Executing VM operation: ParallelGCFailedAllocation (Allocation Failure)
Event: 709.236 Executing VM operation: ParallelGCFailedAllocation (Allocation Failure) done
Event: 716.729 Executing VM operation: ParallelGCFailedAllocation (Allocation Failure)
Event: 716.731 Executing VM operation: ParallelGCFailedAllocation (Allocation Failure) done
Event: 716.746 Executing VM operation: ParallelGCFailedAllocation (Allocation Failure)
Event: 716.749 Executing VM operation: ParallelGCFailedAllocation (Allocation Failure) done
Event: 717.057 Executing VM operation: ParallelGCFailedAllocation (Allocation Failure)
Event: 717.059 Executing VM operation: ParallelGCFailedAllocation (Allocation Failure) done
Event: 717.069 Executing VM operation: ParallelGCFailedAllocation (Allocation Failure)
Event: 717.072 Executing VM operation: ParallelGCFailedAllocation (Allocation Failure) done
Event: 717.079 Executing VM operation: ParallelGCFailedAllocation (Allocation Failure)
Event: 717.082 Executing VM operation: ParallelGCFailedAllocation (Allocation Failure) done

Memory protections (0 events):
No events

Nmethod flushes (20 events):
Event: 469.502 Thread 0x0000021e63212be0 flushing  nmethod 0x0000021e68b83210
Event: 469.502 Thread 0x0000021e63212be0 flushing  nmethod 0x0000021e68b83890
Event: 469.502 Thread 0x0000021e63212be0 flushing  nmethod 0x0000021e68b84a10
Event: 469.502 Thread 0x0000021e63212be0 flushing  nmethod 0x0000021e68b8bb10
Event: 469.502 Thread 0x0000021e63212be0 flushing  nmethod 0x0000021e68b8c190
Event: 469.502 Thread 0x0000021e63212be0 flushing  nmethod 0x0000021e68b8ca10
Event: 469.502 Thread 0x0000021e63212be0 flushing  nmethod 0x0000021e68b8d190
Event: 469.502 Thread 0x0000021e63212be0 flushing  nmethod 0x0000021e68b8e010
Event: 469.502 Thread 0x0000021e63212be0 flushing  nmethod 0x0000021e68b8e890
Event: 469.502 Thread 0x0000021e63212be0 flushing  nmethod 0x0000021e68b93990
Event: 469.502 Thread 0x0000021e63212be0 flushing  nmethod 0x0000021e68b96110
Event: 469.502 Thread 0x0000021e63212be0 flushing  nmethod 0x0000021e68b96510
Event: 469.502 Thread 0x0000021e63212be0 flushing  nmethod 0x0000021e68b96890
Event: 469.502 Thread 0x0000021e63212be0 flushing  nmethod 0x0000021e68b97710
Event: 469.502 Thread 0x0000021e63212be0 flushing osr nmethod 0x0000021e68b99790
Event: 469.502 Thread 0x0000021e63212be0 flushing  nmethod 0x0000021e68bb9a10
Event: 469.502 Thread 0x0000021e63212be0 flushing  nmethod 0x0000021e68c4f610
Event: 469.502 Thread 0x0000021e63212be0 flushing  nmethod 0x0000021e68c88290
Event: 469.502 Thread 0x0000021e63212be0 flushing  nmethod 0x0000021e68c94e10
Event: 469.502 Thread 0x0000021e63212be0 flushing osr nmethod 0x0000021e68cc3b10

Events (20 events):
Event: 600.966 Thread 0x0000021e6322e5b0 Thread added: 0x0000021e468b8110
Event: 600.972 Thread 0x0000021e7b035550 Thread added: 0x0000021e468b87e0
Event: 601.605 Thread 0x0000021e468b87e0 Thread exited: 0x0000021e468b87e0
Event: 605.166 Thread 0x0000021e468b8110 Thread exited: 0x0000021e468b8110
Event: 629.444 Thread 0x0000021e52921460 Thread exited: 0x0000021e52921460
Event: 668.820 Thread 0x0000021e548550c0 Thread exited: 0x0000021e548550c0
Event: 669.346 Thread 0x0000021e48101f30 Thread exited: 0x0000021e48101f30
Event: 676.577 Thread 0x0000021e5291dfe0 Thread added: 0x0000021e45f74590
Event: 689.454 Thread 0x0000021e541ab1c0 Thread exited: 0x0000021e541ab1c0
Event: 690.132 Thread 0x0000021e7b035550 Thread added: 0x0000021e468b8110
Event: 690.132 Thread 0x0000021e7b035550 Thread added: 0x0000021e468b87e0
Event: 690.132 Thread 0x0000021e7b035550 Thread added: 0x0000021e468b5160
Event: 690.132 Thread 0x0000021e7b035550 Thread added: 0x0000021e468b9580
Event: 690.671 Thread 0x0000021e468b9580 Thread exited: 0x0000021e468b9580
Event: 690.671 Thread 0x0000021e468b5160 Thread exited: 0x0000021e468b5160
Event: 693.001 Thread 0x0000021e468b87e0 Thread exited: 0x0000021e468b87e0
Event: 695.541 Thread 0x0000021e6322e5b0 Thread added: 0x0000021e468b87e0
Event: 695.662 Thread 0x0000021e5291dfe0 Thread added: 0x0000021e45f74c20
Event: 696.290 Thread 0x0000021e468b87e0 Thread exited: 0x0000021e468b87e0
Event: 701.357 Thread 0x0000021e468b8110 Thread exited: 0x0000021e468b8110


Dynamic libraries:
0x00007ff61caf0000 - 0x00007ff61cafe000 	c:\Users\Admin\.cursor\extensions\redhat.java-1.43.0-win32-x64\jre\21.0.7-win32-x86_64\bin\java.exe
0x00007ff989b60000 - 0x00007ff989dc8000 	C:\WINDOWS\SYSTEM32\ntdll.dll
0x00007ff9889c0000 - 0x00007ff988a89000 	C:\WINDOWS\System32\KERNEL32.DLL
0x00007ff9872d0000 - 0x00007ff9876bd000 	C:\WINDOWS\System32\KERNELBASE.dll
0x00007ff9870f0000 - 0x00007ff98723b000 	C:\WINDOWS\System32\ucrtbase.dll
0x00007ff96d840000 - 0x00007ff96d858000 	c:\Users\Admin\.cursor\extensions\redhat.java-1.43.0-win32-x64\jre\21.0.7-win32-x86_64\bin\jli.dll
0x00007ff96e8e0000 - 0x00007ff96e8fe000 	c:\Users\Admin\.cursor\extensions\redhat.java-1.43.0-win32-x64\jre\21.0.7-win32-x86_64\bin\VCRUNTIME140.dll
0x00007ff989820000 - 0x00007ff9899ec000 	C:\WINDOWS\System32\USER32.dll
0x00007ff987760000 - 0x00007ff987787000 	C:\WINDOWS\System32\win32u.dll
0x00007ff986130000 - 0x00007ff9863ca000 	C:\WINDOWS\WinSxS\amd64_microsoft.windows.common-controls_6595b64144ccf1df_6.0.26100.4484_none_3e0e6d4ce32ef3b3\COMCTL32.dll
0x00007ff988460000 - 0x00007ff98848b000 	C:\WINDOWS\System32\GDI32.dll
0x00007ff988a90000 - 0x00007ff988b39000 	C:\WINDOWS\System32\msvcrt.dll
0x00007ff986cb0000 - 0x00007ff986de7000 	C:\WINDOWS\System32\gdi32full.dll
0x00007ff987790000 - 0x00007ff987833000 	C:\WINDOWS\System32\msvcp_win.dll
0x00007ff988d70000 - 0x00007ff988d9f000 	C:\WINDOWS\System32\IMM32.DLL
0x00007ff972710000 - 0x00007ff97271c000 	c:\Users\Admin\.cursor\extensions\redhat.java-1.43.0-win32-x64\jre\21.0.7-win32-x86_64\bin\vcruntime140_1.dll
0x00007ff93b4f0000 - 0x00007ff93b57d000 	c:\Users\Admin\.cursor\extensions\redhat.java-1.43.0-win32-x64\jre\21.0.7-win32-x86_64\bin\msvcp140.dll
0x00007ff8a1420000 - 0x00007ff8a21b0000 	c:\Users\Admin\.cursor\extensions\redhat.java-1.43.0-win32-x64\jre\21.0.7-win32-x86_64\bin\server\jvm.dll
0x00007ff987910000 - 0x00007ff9879c4000 	C:\WINDOWS\System32\ADVAPI32.dll
0x00007ff988cb0000 - 0x00007ff988d56000 	C:\WINDOWS\System32\sechost.dll
0x00007ff988e60000 - 0x00007ff988f78000 	C:\WINDOWS\System32\RPCRT4.dll
0x00007ff989aa0000 - 0x00007ff989b14000 	C:\WINDOWS\System32\WS2_32.dll
0x00007ff97c050000 - 0x00007ff97c05b000 	C:\WINDOWS\SYSTEM32\VERSION.dll
0x00007ff977cc0000 - 0x00007ff977cf5000 	C:\WINDOWS\SYSTEM32\WINMM.dll
0x00007ff986510000 - 0x00007ff98656e000 	C:\WINDOWS\SYSTEM32\POWRPROF.dll
0x00007ff9863d0000 - 0x00007ff9863e4000 	C:\WINDOWS\SYSTEM32\UMPDC.dll
0x00007ff9851f0000 - 0x00007ff98520b000 	C:\WINDOWS\SYSTEM32\kernel.appcore.dll
0x00007ff96e880000 - 0x00007ff96e88a000 	c:\Users\Admin\.cursor\extensions\redhat.java-1.43.0-win32-x64\jre\21.0.7-win32-x86_64\bin\jimage.dll
0x00007ff9865a0000 - 0x00007ff9867e1000 	C:\WINDOWS\SYSTEM32\DBGHELP.DLL
0x00007ff989490000 - 0x00007ff989816000 	C:\WINDOWS\System32\combase.dll
0x00007ff987ad0000 - 0x00007ff987bb0000 	C:\WINDOWS\System32\OLEAUT32.dll
0x00007ff9863f0000 - 0x00007ff986433000 	C:\WINDOWS\SYSTEM32\dbgcore.DLL
0x00007ff9876c0000 - 0x00007ff987759000 	C:\WINDOWS\System32\bcryptPrimitives.dll
0x00007ff97c260000 - 0x00007ff97c26f000 	c:\Users\Admin\.cursor\extensions\redhat.java-1.43.0-win32-x64\jre\21.0.7-win32-x86_64\bin\instrument.dll
0x00007ff972650000 - 0x00007ff97266f000 	c:\Users\Admin\.cursor\extensions\redhat.java-1.43.0-win32-x64\jre\21.0.7-win32-x86_64\bin\java.dll
0x00007ff987d10000 - 0x00007ff98845a000 	C:\WINDOWS\System32\SHELL32.dll
0x00007ff986f70000 - 0x00007ff9870e4000 	C:\WINDOWS\System32\wintypes.dll
0x00007ff983e80000 - 0x00007ff9846db000 	C:\WINDOWS\SYSTEM32\windows.storage.dll
0x00007ff9888c0000 - 0x00007ff9889b5000 	C:\WINDOWS\System32\SHCORE.dll
0x00007ff9884c0000 - 0x00007ff98852a000 	C:\WINDOWS\System32\shlwapi.dll
0x00007ff986bc0000 - 0x00007ff986bef000 	C:\WINDOWS\SYSTEM32\profapi.dll
0x00007ff96d7e0000 - 0x00007ff96d7f8000 	c:\Users\Admin\.cursor\extensions\redhat.java-1.43.0-win32-x64\jre\21.0.7-win32-x86_64\bin\zip.dll
0x00007ff97c1a0000 - 0x00007ff97c1b0000 	C:\Users\Admin\.cursor\extensions\redhat.java-1.43.0-win32-x64\jre\21.0.7-win32-x86_64\bin\net.dll
0x00007ff97c940000 - 0x00007ff97ca5e000 	C:\WINDOWS\SYSTEM32\WINHTTP.dll
0x00007ff985780000 - 0x00007ff9857ea000 	C:\WINDOWS\system32\mswsock.dll
0x00007ff96d630000 - 0x00007ff96d646000 	C:\Users\Admin\.cursor\extensions\redhat.java-1.43.0-win32-x64\jre\21.0.7-win32-x86_64\bin\nio.dll
0x00007ff971120000 - 0x00007ff971130000 	c:\Users\Admin\.cursor\extensions\redhat.java-1.43.0-win32-x64\jre\21.0.7-win32-x86_64\bin\verify.dll
0x00007ff9600f0000 - 0x00007ff960135000 	C:\Users\Admin\AppData\Roaming\Cursor\User\globalStorage\redhat.java\1.43.0\config_win\org.eclipse.equinox.launcher\org.eclipse.equinox.launcher.win32.win32.x86_64_1.2.1300.v20250331-1702\eclipse_11911.dll
0x00007ff988530000 - 0x00007ff9886ce000 	C:\WINDOWS\System32\ole32.dll
0x00007ff9868f0000 - 0x00007ff98690b000 	C:\WINDOWS\SYSTEM32\CRYPTSP.dll
0x00007ff9851b0000 - 0x00007ff9851ea000 	C:\WINDOWS\system32\rsaenh.dll
0x00007ff985820000 - 0x00007ff98584b000 	C:\WINDOWS\SYSTEM32\USERENV.dll
0x00007ff986b90000 - 0x00007ff986bb6000 	C:\WINDOWS\SYSTEM32\bcrypt.dll
0x00007ff985c30000 - 0x00007ff985c3c000 	C:\WINDOWS\SYSTEM32\CRYPTBASE.dll
0x00007ff984c90000 - 0x00007ff984cc3000 	C:\WINDOWS\SYSTEM32\IPHLPAPI.DLL
0x00007ff988d60000 - 0x00007ff988d6a000 	C:\WINDOWS\System32\NSI.dll
0x00007ff94d250000 - 0x00007ff94d299000 	C:\Users\Admin\AppData\Local\Temp\jna-63116079\jna340287213574594309.dll
0x00007ff987d00000 - 0x00007ff987d08000 	C:\WINDOWS\System32\PSAPI.DLL
0x00007ff97cb10000 - 0x00007ff97cb2f000 	C:\WINDOWS\SYSTEM32\dhcpcsvc6.DLL
0x00007ff97ca70000 - 0x00007ff97ca95000 	C:\WINDOWS\SYSTEM32\dhcpcsvc.DLL
0x00007ff9864d0000 - 0x00007ff986506000 	C:\WINDOWS\SYSTEM32\ntmarta.dll

dbghelp: loaded successfully - version: 4.0.5 - missing functions: none
symbol engine: initialized successfully - sym options: 0x614 - pdb path: .;c:\Users\Admin\.cursor\extensions\redhat.java-1.43.0-win32-x64\jre\21.0.7-win32-x86_64\bin;C:\WINDOWS\SYSTEM32;C:\WINDOWS\WinSxS\amd64_microsoft.windows.common-controls_6595b64144ccf1df_6.0.26100.4484_none_3e0e6d4ce32ef3b3;c:\Users\Admin\.cursor\extensions\redhat.java-1.43.0-win32-x64\jre\21.0.7-win32-x86_64\bin\server;C:\Users\Admin\AppData\Roaming\Cursor\User\globalStorage\redhat.java\1.43.0\config_win\org.eclipse.equinox.launcher\org.eclipse.equinox.launcher.win32.win32.x86_64_1.2.1300.v20250331-1702;C:\Users\Admin\AppData\Local\Temp\jna-63116079

VM Arguments:
jvm_args: --add-modules=ALL-SYSTEM --add-opens=java.base/java.util=ALL-UNNAMED --add-opens=java.base/java.lang=ALL-UNNAMED --add-opens=java.base/sun.nio.fs=ALL-UNNAMED -Declipse.application=org.eclipse.jdt.ls.core.id1 -Dosgi.bundles.defaultStartLevel=4 -Declipse.product=org.eclipse.jdt.ls.core.product -Djava.import.generatesMetadataFilesAtProjectRoot=false -DDetectVMInstallationsJob.disabled=true -Dfile.encoding=utf8 -XX:+UseParallelGC -XX:GCTimeRatio=4 -XX:AdaptiveSizePolicyWeight=90 -Dsun.zip.disableMemoryMapping=true -Xmx2G -Xms100m -Xlog:disable -javaagent:c:\Users\Admin\.cursor\extensions\redhat.java-1.43.0-win32-x64\lombok\lombok-1.18.39-4050.jar -XX:+HeapDumpOnOutOfMemoryError -XX:HeapDumpPath=c:\Users\Admin\AppData\Roaming\Cursor\User\workspaceStorage\51372793df0df913fdf94454c87fede8\redhat.java -Daether.dependencyCollector.impl=bf 
java_command: c:\Users\Admin\.cursor\extensions\redhat.java-1.43.0-win32-x64\server\plugins\org.eclipse.equinox.launcher_1.7.0.v20250519-0528.jar -configuration c:\Users\Admin\AppData\Roaming\Cursor\User\globalStorage\redhat.java\1.43.0\config_win -data c:\Users\Admin\AppData\Roaming\Cursor\User\workspaceStorage\51372793df0df913fdf94454c87fede8\redhat.java\jdt_ws --pipe=\\.\pipe\lsp-fcf8a534218ad152927e7771b39d5bed-sock
java_class_path (initial): c:\Users\Admin\.cursor\extensions\redhat.java-1.43.0-win32-x64\server\plugins\org.eclipse.equinox.launcher_1.7.0.v20250519-0528.jar
Launcher Type: SUN_STANDARD

[Global flags]
    uintx AdaptiveSizePolicyWeight                 = 90                                        {product} {command line}
     intx CICompilerCount                          = 15                                        {product} {ergonomic}
    uintx GCTimeRatio                              = 4                                         {product} {command line}
     bool HeapDumpOnOutOfMemoryError               = true                                   {manageable} {command line}
    ccstr HeapDumpPath                             = c:\Users\Admin\AppData\Roaming\Cursor\User\workspaceStorage\51372793df0df913fdf94454c87fede8\redhat.java         {manageable} {command line}
   size_t InitialHeapSize                          = 104857600                                 {product} {command line}
   size_t MaxHeapSize                              = 2147483648                                {product} {command line}
   size_t MaxNewSize                               = 715653120                                 {product} {ergonomic}
   size_t MinHeapDeltaBytes                        = 524288                                    {product} {ergonomic}
   size_t MinHeapSize                              = 104857600                                 {product} {command line}
   size_t NewSize                                  = 34603008                                  {product} {ergonomic}
    uintx NonNMethodCodeHeapSize                   = 8192380                                {pd product} {ergonomic}
    uintx NonProfiledCodeHeapSize                  = 121732930                              {pd product} {ergonomic}
   size_t OldSize                                  = 70254592                                  {product} {ergonomic}
    uintx ProfiledCodeHeapSize                     = 121732930                              {pd product} {ergonomic}
    uintx ReservedCodeCacheSize                    = 251658240                              {pd product} {ergonomic}
     bool SegmentedCodeCache                       = true                                      {product} {ergonomic}
   size_t SoftMaxHeapSize                          = 2147483648                             {manageable} {ergonomic}
     bool UseCompressedOops                        = true                           {product lp64_product} {ergonomic}
     bool UseLargePagesIndividualAllocation        = false                                  {pd product} {ergonomic}
     bool UseParallelGC                            = true                                      {product} {command line}

Logging:
Log output configuration:
 #0: stdout all=off uptime,level,tags foldmultilines=false
 #1: stderr all=off uptime,level,tags foldmultilines=false

Environment Variables:
PATH=C:\Program Files\Common Files\Oracle\Java\javapath;C:\Program Files\NVIDIA GPU Computing Toolkit\CUDA\v12.6\bin;C:\Program Files\NVIDIA GPU Computing Toolkit\CUDA\v12.6\libnvvp;C:\Program Files\Microsoft MPI\Bin\;C:\WINDOWS\system32;C:\WINDOWS;C:\WINDOWS\System32\Wbem;C:\WINDOWS\System32\WindowsPowerShell\v1.0\;C:\WINDOWS\System32\OpenSSH\;C:\Program Files (x86)\Microsoft SQL Server\160\Tools\Binn\;C:\Program Files\Microsoft SQL Server\160\Tools\Binn\;C:\Program Files\Microsoft SQL Server\Client SDK\ODBC\170\Tools\Binn\;C:\Program Files\Microsoft SQL Server\160\DTS\Binn\;C:\Program Files (x86)\Microsoft SQL Server\160\DTS\Binn\;C:\Program Files\dotnet\;C:\Program Files\Git\cmd;C:\Program Files\Microsoft SQL Server\150\Tools\Binn\;C:\Strawberry\c\bin;C:\Strawberry\perl\site\bin;C:\Strawberry\perl\bin;C:\Users\Admin\AppData\Local\Programs\MiKTeX\miktex\bin\x64;C:\Program Files\NVIDIA Corporation\Nsight Compute 2024.3.2\;C:\Program Files (x86)\NVIDIA Corporation\PhysX\Common;C:\Program Files\NVIDIA Corporation\NVIDIA app\NvDLISR;C:\Program Files\Docker\Docker\resources\bin;C:\Program Files\Java\jdk-23\bin;C:\Users\Admin\AppData\Local\Packages\PythonSoftwareFoundation.Python.3.11_qbz5n2kfra8p0\LocalCache\local-packages\Python311\Scripts;c:\Users\Admin\AppData\Local\Programs\cursor\resources\app\bin;C:\Program Files\nodejs\;C:\Program Files\MongoDB\Server\8.0\bin;C:\Users\Admin\AppData\Local\Microsoft\WindowsApps;C:\Storage\Apps\Microsoft VS Code\bin;C:\Users\Admin\.dotnet\tools;C:\Program Files (x86)\Dev-Cpp\MinGW64\bin;C:\Users\Admin\AppData\Local\Programs\MiKTeX\miktex\bin\x64\;C:\Users\Admin\AppData\Local\Programs\cursor\resources\app\bin;C:\Users\Admin\AppData\Roaming\npm;C:\Program Files\JetBrains\IntelliJ IDEA 2024.3.5\bin;;C:\Program Files\mongosh\
USERNAME=Admin
OS=Windows_NT
PROCESSOR_IDENTIFIER=Intel64 Family 6 Model 183 Stepping 1, GenuineIntel
TMP=C:\Users\Admin\AppData\Local\Temp
TEMP=C:\Users\Admin\AppData\Local\Temp




Periodic native trim disabled

---------------  S Y S T E M  ---------------

OS:
 Windows 11 , 64 bit Build 26100 (10.0.26100.4484)
OS uptime: 2 days 8:26 hours
Hyper-V role detected

CPU: total 32 (initial active 32) (16 cores per cpu, 2 threads per core) family 6 model 183 stepping 1 microcode 0x11f, cx8, cmov, fxsr, ht, mmx, 3dnowpref, sse, sse2, sse3, ssse3, sse4.1, sse4.2, popcnt, lzcnt, tsc, tscinvbit, avx, avx2, aes, erms, clmul, bmi1, bmi2, adx, sha, fma, vzeroupper, clflush, clflushopt, clwb, hv, serialize, rdtscp, rdpid, fsrm, f16c, cet_ibt, cet_ss
Processor Information for processor 0
  Max Mhz: 2200, Current Mhz: 2200, Mhz Limit: 2200
Processor Information for processor 1
  Max Mhz: 2200, Current Mhz: 2200, Mhz Limit: 2200
Processor Information for processor 2
  Max Mhz: 2200, Current Mhz: 2200, Mhz Limit: 2200
Processor Information for processor 3
  Max Mhz: 2200, Current Mhz: 2200, Mhz Limit: 2200
Processor Information for processor 4
  Max Mhz: 2200, Current Mhz: 2200, Mhz Limit: 2200
Processor Information for processor 5
  Max Mhz: 2200, Current Mhz: 2200, Mhz Limit: 2200
Processor Information for processor 6
  Max Mhz: 2200, Current Mhz: 2200, Mhz Limit: 2200
Processor Information for processor 7
  Max Mhz: 2200, Current Mhz: 2200, Mhz Limit: 2200
Processor Information for processor 8
  Max Mhz: 2200, Current Mhz: 2200, Mhz Limit: 2200
Processor Information for processor 9
  Max Mhz: 2200, Current Mhz: 2200, Mhz Limit: 2200
Processor Information for processor 10
  Max Mhz: 2200, Current Mhz: 2200, Mhz Limit: 2200
Processor Information for processor 11
  Max Mhz: 2200, Current Mhz: 2200, Mhz Limit: 2200
Processor Information for processor 12
  Max Mhz: 2200, Current Mhz: 2200, Mhz Limit: 2200
Processor Information for processor 13
  Max Mhz: 2200, Current Mhz: 2200, Mhz Limit: 2200
Processor Information for processor 14
  Max Mhz: 2200, Current Mhz: 2200, Mhz Limit: 2200
Processor Information for processor 15
  Max Mhz: 2200, Current Mhz: 2200, Mhz Limit: 2200
Processor Information for processor 16
  Max Mhz: 2200, Current Mhz: 1600, Mhz Limit: 1584
Processor Information for processor 17
  Max Mhz: 2200, Current Mhz: 1600, Mhz Limit: 1584
Processor Information for processor 18
  Max Mhz: 2200, Current Mhz: 1600, Mhz Limit: 1584
Processor Information for processor 19
  Max Mhz: 2200, Current Mhz: 1600, Mhz Limit: 1584
Processor Information for processor 20
  Max Mhz: 2200, Current Mhz: 1600, Mhz Limit: 1584
Processor Information for processor 21
  Max Mhz: 2200, Current Mhz: 1600, Mhz Limit: 1584
Processor Information for processor 22
  Max Mhz: 2200, Current Mhz: 1600, Mhz Limit: 1584
Processor Information for processor 23
  Max Mhz: 2200, Current Mhz: 1500, Mhz Limit: 1584
Processor Information for processor 24
  Max Mhz: 2200, Current Mhz: 1600, Mhz Limit: 1584
Processor Information for processor 25
  Max Mhz: 2200, Current Mhz: 1500, Mhz Limit: 1584
Processor Information for processor 26
  Max Mhz: 2200, Current Mhz: 1500, Mhz Limit: 1584
Processor Information for processor 27
  Max Mhz: 2200, Current Mhz: 1600, Mhz Limit: 1584
Processor Information for processor 28
  Max Mhz: 2200, Current Mhz: 1600, Mhz Limit: 1584
Processor Information for processor 29
  Max Mhz: 2200, Current Mhz: 1600, Mhz Limit: 1584
Processor Information for processor 30
  Max Mhz: 2200, Current Mhz: 1600, Mhz Limit: 1584
Processor Information for processor 31
  Max Mhz: 2200, Current Mhz: 1600, Mhz Limit: 1584

Memory: 4k page, system-wide physical 16088M (2552M free)
TotalPageFile size 30424M (AvailPageFile size 8400M)
current process WorkingSet (physical memory assigned to process): 1843M, peak: 1844M
current process commit charge ("private bytes"): 1783M, peak: 1784M

vm_info: OpenJDK 64-Bit Server VM (21.0.7+6-LTS) for windows-amd64 JRE (21.0.7+6-LTS), built on 2025-04-15T00:00:00Z by "admin" with MS VC++ 17.7 (VS2022)

END.
